ğŸ—ï¸ Build & Test	UNKNOWN STEP	ï»¿2025-07-26T21:29:37.4066439Z Current runner version: '2.326.0'
ğŸ—ï¸ Build & Test	UNKNOWN STEP	2025-07-26T21:29:37.4090937Z ##[group]Runner Image Provisioner
ğŸ—ï¸ Build & Test	UNKNOWN STEP	2025-07-26T21:29:37.4091643Z Hosted Compute Agent
ğŸ—ï¸ Build & Test	UNKNOWN STEP	2025-07-26T21:29:37.4092159Z Version: 20250711.363
ğŸ—ï¸ Build & Test	UNKNOWN STEP	2025-07-26T21:29:37.4092662Z Commit: 6785254374ce925a23743850c1cb91912ce5c14c
ğŸ—ï¸ Build & Test	UNKNOWN STEP	2025-07-26T21:29:37.4093454Z Build Date: 2025-07-11T20:04:25Z
ğŸ—ï¸ Build & Test	UNKNOWN STEP	2025-07-26T21:29:37.4094119Z ##[endgroup]
ğŸ—ï¸ Build & Test	UNKNOWN STEP	2025-07-26T21:29:37.4094547Z ##[group]Operating System
ğŸ—ï¸ Build & Test	UNKNOWN STEP	2025-07-26T21:29:37.4095097Z Microsoft Windows Server 2022
ğŸ—ï¸ Build & Test	UNKNOWN STEP	2025-07-26T21:29:37.4095605Z 10.0.20348
ğŸ—ï¸ Build & Test	UNKNOWN STEP	2025-07-26T21:29:37.4096014Z Datacenter
ğŸ—ï¸ Build & Test	UNKNOWN STEP	2025-07-26T21:29:37.4096375Z ##[endgroup]
ğŸ—ï¸ Build & Test	UNKNOWN STEP	2025-07-26T21:29:37.4096938Z ##[group]Runner Image
ğŸ—ï¸ Build & Test	UNKNOWN STEP	2025-07-26T21:29:37.4097610Z Image: windows-2022
ğŸ—ï¸ Build & Test	UNKNOWN STEP	2025-07-26T21:29:37.4098047Z Version: 20250720.1.0
ğŸ—ï¸ Build & Test	UNKNOWN STEP	2025-07-26T21:29:37.4099029Z Included Software: https://github.com/actions/runner-images/blob/win22/20250720.1/images/windows/Windows2022-Readme.md
ğŸ—ï¸ Build & Test	UNKNOWN STEP	2025-07-26T21:29:37.4100833Z Image Release: https://github.com/actions/runner-images/releases/tag/win22%2F20250720.1
ğŸ—ï¸ Build & Test	UNKNOWN STEP	2025-07-26T21:29:37.4101828Z ##[endgroup]
ğŸ—ï¸ Build & Test	UNKNOWN STEP	2025-07-26T21:29:37.4102869Z ##[group]GITHUB_TOKEN Permissions
ğŸ—ï¸ Build & Test	UNKNOWN STEP	2025-07-26T21:29:37.4104872Z Contents: read
ğŸ—ï¸ Build & Test	UNKNOWN STEP	2025-07-26T21:29:37.4105361Z Metadata: read
ğŸ—ï¸ Build & Test	UNKNOWN STEP	2025-07-26T21:29:37.4105757Z Packages: read
ğŸ—ï¸ Build & Test	UNKNOWN STEP	2025-07-26T21:29:37.4106196Z ##[endgroup]
ğŸ—ï¸ Build & Test	UNKNOWN STEP	2025-07-26T21:29:37.4108572Z Secret source: Actions
ğŸ—ï¸ Build & Test	UNKNOWN STEP	2025-07-26T21:29:37.4109198Z Prepare workflow directory
ğŸ—ï¸ Build & Test	UNKNOWN STEP	2025-07-26T21:29:37.4507303Z Prepare all required actions
ğŸ—ï¸ Build & Test	UNKNOWN STEP	2025-07-26T21:29:37.4546314Z Getting action download info
ğŸ—ï¸ Build & Test	UNKNOWN STEP	2025-07-26T21:29:37.7484534Z ##[group]Download immutable action package 'actions/checkout@v4'
ğŸ—ï¸ Build & Test	UNKNOWN STEP	2025-07-26T21:29:37.7485771Z Version: 4.2.2
ğŸ—ï¸ Build & Test	UNKNOWN STEP	2025-07-26T21:29:37.7486764Z Digest: sha256:ccb2698953eaebd21c7bf6268a94f9c26518a7e38e27e0b83c1fe1ad049819b1
ğŸ—ï¸ Build & Test	UNKNOWN STEP	2025-07-26T21:29:37.7488223Z Source commit SHA: 11bd71901bbe5b1630ceea73d27597364c9af683
ğŸ—ï¸ Build & Test	UNKNOWN STEP	2025-07-26T21:29:37.7489039Z ##[endgroup]
ğŸ—ï¸ Build & Test	UNKNOWN STEP	2025-07-26T21:29:37.8669388Z ##[group]Download immutable action package 'actions/setup-dotnet@v4'
ğŸ—ï¸ Build & Test	UNKNOWN STEP	2025-07-26T21:29:37.8670159Z Version: 4.3.1
ğŸ—ï¸ Build & Test	UNKNOWN STEP	2025-07-26T21:29:37.8670846Z Digest: sha256:c7f3f729e5ef5b59af173c4efb4b30240ef30b219a7c12a6fae9f099415f688c
ğŸ—ï¸ Build & Test	UNKNOWN STEP	2025-07-26T21:29:37.8671736Z Source commit SHA: 67a3573c9a986a3f9c594539f4ab511d57bb3ce9
ğŸ—ï¸ Build & Test	UNKNOWN STEP	2025-07-26T21:29:37.8672355Z ##[endgroup]
ğŸ—ï¸ Build & Test	UNKNOWN STEP	2025-07-26T21:29:38.1453565Z Download action repository 'dorny/test-reporter@v1' (SHA:d61b558e8df85cb60d09ca3e5b09653b4477cea7)
ğŸ—ï¸ Build & Test	UNKNOWN STEP	2025-07-26T21:29:38.6077445Z Complete job name: ğŸ—ï¸ Build & Test
ğŸ—ï¸ Build & Test	UNKNOWN STEP	2025-07-26T21:29:38.7609186Z ##[group]Run actions/checkout@v4
ğŸ—ï¸ Build & Test	UNKNOWN STEP	2025-07-26T21:29:38.7610535Z with:
ğŸ—ï¸ Build & Test	UNKNOWN STEP	2025-07-26T21:29:38.7611050Z   repository: Bigessfour/BusBuddy-2
ğŸ—ï¸ Build & Test	UNKNOWN STEP	2025-07-26T21:29:38.7611884Z   token: ***
ğŸ—ï¸ Build & Test	UNKNOWN STEP	2025-07-26T21:29:38.7612307Z   ssh-strict: true
ğŸ—ï¸ Build & Test	UNKNOWN STEP	2025-07-26T21:29:38.7612806Z   ssh-user: git
ğŸ—ï¸ Build & Test	UNKNOWN STEP	2025-07-26T21:29:38.7613266Z   persist-credentials: true
ğŸ—ï¸ Build & Test	UNKNOWN STEP	2025-07-26T21:29:38.7613795Z   clean: true
ğŸ—ï¸ Build & Test	UNKNOWN STEP	2025-07-26T21:29:38.7614270Z   sparse-checkout-cone-mode: true
ğŸ—ï¸ Build & Test	UNKNOWN STEP	2025-07-26T21:29:38.7614803Z   fetch-depth: 1
ğŸ—ï¸ Build & Test	UNKNOWN STEP	2025-07-26T21:29:38.7615254Z   fetch-tags: false
ğŸ—ï¸ Build & Test	UNKNOWN STEP	2025-07-26T21:29:38.7615748Z   show-progress: true
ğŸ—ï¸ Build & Test	UNKNOWN STEP	2025-07-26T21:29:38.7616242Z   lfs: false
ğŸ—ï¸ Build & Test	UNKNOWN STEP	2025-07-26T21:29:38.7616662Z   submodules: false
ğŸ—ï¸ Build & Test	UNKNOWN STEP	2025-07-26T21:29:38.7617174Z   set-safe-directory: true
ğŸ—ï¸ Build & Test	UNKNOWN STEP	2025-07-26T21:29:38.7617917Z ##[endgroup]
ğŸ—ï¸ Build & Test	UNKNOWN STEP	2025-07-26T21:29:38.9317955Z Syncing repository: Bigessfour/BusBuddy-2
ğŸ—ï¸ Build & Test	UNKNOWN STEP	2025-07-26T21:29:38.9319997Z ##[group]Getting Git version info
ğŸ—ï¸ Build & Test	UNKNOWN STEP	2025-07-26T21:29:38.9320852Z Working directory is 'D:\a\BusBuddy-2\BusBuddy-2'
ğŸ—ï¸ Build & Test	UNKNOWN STEP	2025-07-26T21:29:39.0416853Z [command]"C:\Program Files\Git\bin\git.exe" version
ğŸ—ï¸ Build & Test	UNKNOWN STEP	2025-07-26T21:29:39.3748067Z git version 2.50.1.windows.1
ğŸ—ï¸ Build & Test	UNKNOWN STEP	2025-07-26T21:29:39.3796683Z ##[endgroup]
ğŸ—ï¸ Build & Test	UNKNOWN STEP	2025-07-26T21:29:39.3816381Z Temporarily overriding HOME='D:\a\_temp\7c5955bf-a222-49ca-acad-4d0097c269f1' before making global git config changes
ğŸ—ï¸ Build & Test	UNKNOWN STEP	2025-07-26T21:29:39.3818319Z Adding repository directory to the temporary git global config as a safe directory
ğŸ—ï¸ Build & Test	UNKNOWN STEP	2025-07-26T21:29:39.3828118Z [command]"C:\Program Files\Git\bin\git.exe" config --global --add safe.directory D:\a\BusBuddy-2\BusBuddy-2
ğŸ—ï¸ Build & Test	UNKNOWN STEP	2025-07-26T21:29:39.4285665Z Deleting the contents of 'D:\a\BusBuddy-2\BusBuddy-2'
ğŸ—ï¸ Build & Test	UNKNOWN STEP	2025-07-26T21:29:39.4292315Z ##[group]Initializing the repository
ğŸ—ï¸ Build & Test	UNKNOWN STEP	2025-07-26T21:29:39.4302596Z [command]"C:\Program Files\Git\bin\git.exe" init D:\a\BusBuddy-2\BusBuddy-2
ğŸ—ï¸ Build & Test	UNKNOWN STEP	2025-07-26T21:29:39.4896239Z Initialized empty Git repository in D:/a/BusBuddy-2/BusBuddy-2/.git/
ğŸ—ï¸ Build & Test	UNKNOWN STEP	2025-07-26T21:29:39.4935108Z [command]"C:\Program Files\Git\bin\git.exe" remote add origin https://github.com/Bigessfour/BusBuddy-2
ğŸ—ï¸ Build & Test	UNKNOWN STEP	2025-07-26T21:29:39.5362105Z ##[endgroup]
ğŸ—ï¸ Build & Test	UNKNOWN STEP	2025-07-26T21:29:39.5363445Z ##[group]Disabling automatic garbage collection
ğŸ—ï¸ Build & Test	UNKNOWN STEP	2025-07-26T21:29:39.5371031Z [command]"C:\Program Files\Git\bin\git.exe" config --local gc.auto 0
ğŸ—ï¸ Build & Test	UNKNOWN STEP	2025-07-26T21:29:39.5605643Z ##[endgroup]
ğŸ—ï¸ Build & Test	UNKNOWN STEP	2025-07-26T21:29:39.5607217Z ##[group]Setting up auth
ğŸ—ï¸ Build & Test	UNKNOWN STEP	2025-07-26T21:29:39.5619044Z [command]"C:\Program Files\Git\bin\git.exe" config --local --name-only --get-regexp core\.sshCommand
ğŸ—ï¸ Build & Test	UNKNOWN STEP	2025-07-26T21:29:39.5849443Z [command]"C:\Program Files\Git\bin\git.exe" submodule foreach --recursive "sh -c \"git config --local --name-only --get-regexp 'core\.sshCommand' && git config --local --unset-all 'core.sshCommand' || :\""
ğŸ—ï¸ Build & Test	UNKNOWN STEP	2025-07-26T21:29:40.7381167Z [command]"C:\Program Files\Git\bin\git.exe" config --local --name-only --get-regexp http\.https\:\/\/github\.com\/\.extraheader
ğŸ—ï¸ Build & Test	UNKNOWN STEP	2025-07-26T21:29:40.7613084Z [command]"C:\Program Files\Git\bin\git.exe" submodule foreach --recursive "sh -c \"git config --local --name-only --get-regexp 'http\.https\:\/\/github\.com\/\.extraheader' && git config --local --unset-all 'http.https://github.com/.extraheader' || :\""
ğŸ—ï¸ Build & Test	UNKNOWN STEP	2025-07-26T21:29:41.1779956Z [command]"C:\Program Files\Git\bin\git.exe" config --local http.https://github.com/.extraheader "AUTHORIZATION: basic ***"
ğŸ—ï¸ Build & Test	UNKNOWN STEP	2025-07-26T21:29:41.2015108Z ##[endgroup]
ğŸ—ï¸ Build & Test	UNKNOWN STEP	2025-07-26T21:29:41.2015840Z ##[group]Fetching the repository
ğŸ—ï¸ Build & Test	UNKNOWN STEP	2025-07-26T21:29:41.2034127Z [command]"C:\Program Files\Git\bin\git.exe" -c protocol.version=2 fetch --no-tags --prune --no-recurse-submodules --depth=1 origin +f0e775bbc80d1c3110bf73cb0aea5cd0e46a3826:refs/remotes/pull/2/merge
ğŸ—ï¸ Build & Test	UNKNOWN STEP	2025-07-26T21:29:42.0886649Z From https://github.com/Bigessfour/BusBuddy-2
ğŸ—ï¸ Build & Test	UNKNOWN STEP	2025-07-26T21:29:42.0887773Z  * [new ref]         f0e775bbc80d1c3110bf73cb0aea5cd0e46a3826 -> pull/2/merge
ğŸ—ï¸ Build & Test	UNKNOWN STEP	2025-07-26T21:29:42.1032458Z ##[endgroup]
ğŸ—ï¸ Build & Test	UNKNOWN STEP	2025-07-26T21:29:42.1033537Z ##[group]Determining the checkout info
ğŸ—ï¸ Build & Test	UNKNOWN STEP	2025-07-26T21:29:42.1034537Z ##[endgroup]
ğŸ—ï¸ Build & Test	UNKNOWN STEP	2025-07-26T21:29:42.1046520Z [command]"C:\Program Files\Git\bin\git.exe" sparse-checkout disable
ğŸ—ï¸ Build & Test	UNKNOWN STEP	2025-07-26T21:29:42.1413012Z [command]"C:\Program Files\Git\bin\git.exe" config --local --unset-all extensions.worktreeConfig
ğŸ—ï¸ Build & Test	UNKNOWN STEP	2025-07-26T21:29:42.1638916Z ##[group]Checking out the ref
ğŸ—ï¸ Build & Test	UNKNOWN STEP	2025-07-26T21:29:42.1647259Z [command]"C:\Program Files\Git\bin\git.exe" checkout --progress --force refs/remotes/pull/2/merge
ğŸ—ï¸ Build & Test	UNKNOWN STEP	2025-07-26T21:29:42.3096306Z Note: switching to 'refs/remotes/pull/2/merge'.
ğŸ—ï¸ Build & Test	UNKNOWN STEP	2025-07-26T21:29:42.3097094Z 
ğŸ—ï¸ Build & Test	UNKNOWN STEP	2025-07-26T21:29:42.3097562Z You are in 'detached HEAD' state. You can look around, make experimental
ğŸ—ï¸ Build & Test	UNKNOWN STEP	2025-07-26T21:29:42.3098534Z changes and commit them, and you can discard any commits you make in this
ğŸ—ï¸ Build & Test	UNKNOWN STEP	2025-07-26T21:29:42.3099221Z state without impacting any branches by switching back to a branch.
ğŸ—ï¸ Build & Test	UNKNOWN STEP	2025-07-26T21:29:42.3099670Z 
ğŸ—ï¸ Build & Test	UNKNOWN STEP	2025-07-26T21:29:42.3099923Z If you want to create a new branch to retain commits you create, you may
ğŸ—ï¸ Build & Test	UNKNOWN STEP	2025-07-26T21:29:42.3100627Z do so (now or later) by using -c with the switch command. Example:
ğŸ—ï¸ Build & Test	UNKNOWN STEP	2025-07-26T21:29:42.3101031Z 
ğŸ—ï¸ Build & Test	UNKNOWN STEP	2025-07-26T21:29:42.3101244Z   git switch -c <new-branch-name>
ğŸ—ï¸ Build & Test	UNKNOWN STEP	2025-07-26T21:29:42.3101531Z 
ğŸ—ï¸ Build & Test	UNKNOWN STEP	2025-07-26T21:29:42.3101666Z Or undo this operation with:
ğŸ—ï¸ Build & Test	UNKNOWN STEP	2025-07-26T21:29:42.3101933Z 
ğŸ—ï¸ Build & Test	UNKNOWN STEP	2025-07-26T21:29:42.3102066Z   git switch -
ğŸ—ï¸ Build & Test	UNKNOWN STEP	2025-07-26T21:29:42.3102385Z 
ğŸ—ï¸ Build & Test	UNKNOWN STEP	2025-07-26T21:29:42.3102732Z Turn off this advice by setting config variable advice.detachedHead to false
ğŸ—ï¸ Build & Test	UNKNOWN STEP	2025-07-26T21:29:42.3103223Z 
ğŸ—ï¸ Build & Test	UNKNOWN STEP	2025-07-26T21:29:42.3103771Z HEAD is now at f0e775b Merge c4f1ade7cff84e238d9972beb3dac5f79f16d214 into af1ad2d56cafbb462d10b77fbc2d6e56a93bfcdc
ğŸ—ï¸ Build & Test	UNKNOWN STEP	2025-07-26T21:29:42.3126229Z ##[endgroup]
ğŸ—ï¸ Build & Test	UNKNOWN STEP	2025-07-26T21:29:42.3437076Z [command]"C:\Program Files\Git\bin\git.exe" log -1 --format=%H
ğŸ—ï¸ Build & Test	UNKNOWN STEP	2025-07-26T21:29:42.3637148Z f0e775bbc80d1c3110bf73cb0aea5cd0e46a3826
ğŸ—ï¸ Build & Test	UNKNOWN STEP	2025-07-26T21:29:42.3992264Z ##[group]Run actions/setup-dotnet@v4
ğŸ—ï¸ Build & Test	UNKNOWN STEP	2025-07-26T21:29:42.3992792Z with:
ğŸ—ï¸ Build & Test	UNKNOWN STEP	2025-07-26T21:29:42.3992996Z   dotnet-version: 8.0.x
ğŸ—ï¸ Build & Test	UNKNOWN STEP	2025-07-26T21:29:42.3993275Z   cache: false
ğŸ—ï¸ Build & Test	UNKNOWN STEP	2025-07-26T21:29:42.3993511Z ##[endgroup]
ğŸ—ï¸ Build & Test	UNKNOWN STEP	2025-07-26T21:29:42.7278908Z [command]"C:\Program Files\PowerShell\7\pwsh.exe" -NoLogo -Sta -NoProfile -NonInteractive -ExecutionPolicy Unrestricted -Command & 'D:\a\_actions\actions\setup-dotnet\v4\externals\install-dotnet.ps1' -SkipNonVersionedFiles -Runtime dotnet -Channel LTS
ğŸ—ï¸ Build & Test	UNKNOWN STEP	2025-07-26T21:29:49.7815085Z dotnet-install: .NET Core Runtime with version '8.0.18' is already installed.
ğŸ—ï¸ Build & Test	UNKNOWN STEP	2025-07-26T21:29:50.1323125Z [command]"C:\Program Files\PowerShell\7\pwsh.exe" -NoLogo -Sta -NoProfile -NonInteractive -ExecutionPolicy Unrestricted -Command & 'D:\a\_actions\actions\setup-dotnet\v4\externals\install-dotnet.ps1' -SkipNonVersionedFiles -Channel 8.0
ğŸ—ï¸ Build & Test	UNKNOWN STEP	2025-07-26T21:29:50.9812779Z dotnet-install: .NET Core SDK with version '8.0.412' is already installed.
ğŸ—ï¸ Build & Test	UNKNOWN STEP	2025-07-26T21:29:51.0715014Z ##[group]Run dotnet restore BusBuddy.sln
ğŸ—ï¸ Build & Test	UNKNOWN STEP	2025-07-26T21:29:51.0715379Z [36;1mdotnet restore BusBuddy.sln[0m
ğŸ—ï¸ Build & Test	UNKNOWN STEP	2025-07-26T21:29:51.0750612Z shell: C:\Program Files\PowerShell\7\pwsh.EXE -command ". '{0}'"
ğŸ—ï¸ Build & Test	UNKNOWN STEP	2025-07-26T21:29:51.0750929Z env:
ğŸ—ï¸ Build & Test	UNKNOWN STEP	2025-07-26T21:29:51.0751098Z   DOTNET_ROOT: C:\Program Files\dotnet
ğŸ—ï¸ Build & Test	UNKNOWN STEP	2025-07-26T21:29:51.0751315Z ##[endgroup]
ğŸ—ï¸ Build & Test	UNKNOWN STEP	2025-07-26T21:29:59.1388333Z   Determining projects to restore...
ğŸ—ï¸ Build & Test	UNKNOWN STEP	2025-07-26T21:30:00.3754801Z D:\a\BusBuddy-2\BusBuddy-2\BusBuddy.Tests\BusBuddy.Tests.csproj : warning NU1504: Duplicate 'PackageReference' items found. Remove the duplicate items or use the Update functionality to ensure a consistent restore behavior. The duplicate 'PackageReference' items are: Microsoft.Extensions.Configuration 9.0.7, Microsoft.Extensions.Configuration 9.0.7; Microsoft.Extensions.Configuration.Json 9.0.7, Microsoft.Extensions.Configuration.Json 9.0.7; Microsoft.Extensions.DependencyInjection 9.0.7, Microsoft.Extensions.DependencyInjection 9.0.7.
ğŸ—ï¸ Build & Test	UNKNOWN STEP	2025-07-26T21:30:00.3758554Z D:\a\BusBuddy-2\BusBuddy-2\BusBuddy.UITests\BusBuddy.UITests.csproj : warning NU1504: Duplicate 'PackageReference' items found. Remove the duplicate items or use the Update functionality to ensure a consistent restore behavior. The duplicate 'PackageReference' items are: Microsoft.Extensions.DependencyInjection 9.0.7, Microsoft.Extensions.DependencyInjection 9.0.7.
ğŸ—ï¸ Build & Test	UNKNOWN STEP	2025-07-26T21:30:51.0707960Z   Restored D:\a\BusBuddy-2\BusBuddy-2\BusBuddy.UITests\BusBuddy.UITests.csproj (in 50.27 sec).
ğŸ—ï¸ Build & Test	UNKNOWN STEP	2025-07-26T21:30:51.0731526Z   Restored D:\a\BusBuddy-2\BusBuddy-2\BusBuddy.WPF\BusBuddy.WPF.csproj (in 50.27 sec).
ğŸ—ï¸ Build & Test	UNKNOWN STEP	2025-07-26T21:30:51.0732619Z   Restored D:\a\BusBuddy-2\BusBuddy-2\BusBuddy.Tests\BusBuddy.Tests.csproj (in 50.27 sec).
ğŸ—ï¸ Build & Test	UNKNOWN STEP	2025-07-26T21:30:51.0733537Z   Restored D:\a\BusBuddy-2\BusBuddy-2\BusBuddy.Core\BusBuddy.Core.csproj (in 50.27 sec).
ğŸ—ï¸ Build & Test	UNKNOWN STEP	2025-07-26T21:30:51.2411394Z ##[group]Run dotnet build BusBuddy.sln --configuration Release --no-restore --verbosity minimal
ğŸ—ï¸ Build & Test	UNKNOWN STEP	2025-07-26T21:30:51.2412104Z [36;1mdotnet build BusBuddy.sln --configuration Release --no-restore --verbosity minimal[0m
ğŸ—ï¸ Build & Test	UNKNOWN STEP	2025-07-26T21:30:51.2442428Z shell: C:\Program Files\PowerShell\7\pwsh.EXE -command ". '{0}'"
ğŸ—ï¸ Build & Test	UNKNOWN STEP	2025-07-26T21:30:51.2442724Z env:
ğŸ—ï¸ Build & Test	UNKNOWN STEP	2025-07-26T21:30:51.2442898Z   DOTNET_ROOT: C:\Program Files\dotnet
ğŸ—ï¸ Build & Test	UNKNOWN STEP	2025-07-26T21:30:51.2443121Z ##[endgroup]
ğŸ—ï¸ Build & Test	UNKNOWN STEP	2025-07-26T21:30:52.0331737Z D:\a\BusBuddy-2\BusBuddy-2\BusBuddy.Tests\BusBuddy.Tests.csproj : warning NU1504: Duplicate 'PackageReference' items found. Remove the duplicate items or use the Update functionality to ensure a consistent restore behavior. The duplicate 'PackageReference' items are: Microsoft.Extensions.Configuration 9.0.7, Microsoft.Extensions.Configuration 9.0.7; Microsoft.Extensions.Configuration.Json 9.0.7, Microsoft.Extensions.Configuration.Json 9.0.7; Microsoft.Extensions.DependencyInjection 9.0.7, Microsoft.Extensions.DependencyInjection 9.0.7.
ğŸ—ï¸ Build & Test	UNKNOWN STEP	2025-07-26T21:30:52.0390127Z D:\a\BusBuddy-2\BusBuddy-2\BusBuddy.UITests\BusBuddy.UITests.csproj : warning NU1504: Duplicate 'PackageReference' items found. Remove the duplicate items or use the Update functionality to ensure a consistent restore behavior. The duplicate 'PackageReference' items are: Microsoft.Extensions.DependencyInjection 9.0.7, Microsoft.Extensions.DependencyInjection 9.0.7.
ğŸ—ï¸ Build & Test	UNKNOWN STEP	2025-07-26T21:31:12.7382512Z ##[warning]D:\a\BusBuddy-2\BusBuddy-2\BusBuddy.Core\Services\XAIService.cs(608,53): warning CS1998: This async method lacks 'await' operators and will run synchronously. Consider using the 'await' operator to await non-blocking API calls, or 'await Task.Run(...)' to do CPU-bound work on a background thread. [D:\a\BusBuddy-2\BusBuddy-2\BusBuddy.Core\BusBuddy.Core.csproj]
ğŸ—ï¸ Build & Test	UNKNOWN STEP	2025-07-26T21:31:12.7398615Z ##[warning]D:\a\BusBuddy-2\BusBuddy-2\BusBuddy.Core\Models\BaseEntity.cs(37,45): warning CA1805: Member 'IsDeleted' is explicitly initialized to its default value (https://learn.microsoft.com/dotnet/fundamentals/code-analysis/quality-rules/ca1805) [D:\a\BusBuddy-2\BusBuddy-2\BusBuddy.Core\BusBuddy.Core.csproj]
ğŸ—ï¸ Build & Test	UNKNOWN STEP	2025-07-26T21:31:12.7404347Z ##[warning]D:\a\BusBuddy-2\BusBuddy-2\BusBuddy.Core\Data\Repositories\Repository.cs(17,42): warning CA1051: Do not declare visible instance fields (https://learn.microsoft.com/dotnet/fundamentals/code-analysis/quality-rules/ca1051) [D:\a\BusBuddy-2\BusBuddy-2\BusBuddy.Core\BusBuddy.Core.csproj]
ğŸ—ï¸ Build & Test	UNKNOWN STEP	2025-07-26T21:31:12.7409285Z ##[warning]D:\a\BusBuddy-2\BusBuddy-2\BusBuddy.Core\Data\Repositories\Repository.cs(18,33): warning CA1051: Do not declare visible instance fields (https://learn.microsoft.com/dotnet/fundamentals/code-analysis/quality-rules/ca1051) [D:\a\BusBuddy-2\BusBuddy-2\BusBuddy.Core\BusBuddy.Core.csproj]
ğŸ—ï¸ Build & Test	UNKNOWN STEP	2025-07-26T21:31:12.7414284Z ##[warning]D:\a\BusBuddy-2\BusBuddy-2\BusBuddy.Core\Data\Repositories\Repository.cs(19,44): warning CA1051: Do not declare visible instance fields (https://learn.microsoft.com/dotnet/fundamentals/code-analysis/quality-rules/ca1051) [D:\a\BusBuddy-2\BusBuddy-2\BusBuddy.Core\BusBuddy.Core.csproj]
ğŸ—ï¸ Build & Test	UNKNOWN STEP	2025-07-26T21:31:12.7420364Z ##[warning]D:\a\BusBuddy-2\BusBuddy-2\BusBuddy.Core\Configuration\EnhancedDatabaseStartup.cs(284,31): warning CA1860: Prefer comparing 'Count' to 0 rather than using 'Any()', both for clarity and for performance (https://learn.microsoft.com/dotnet/fundamentals/code-analysis/quality-rules/ca1860) [D:\a\BusBuddy-2\BusBuddy-2\BusBuddy.Core\BusBuddy.Core.csproj]
ğŸ—ï¸ Build & Test	UNKNOWN STEP	2025-07-26T21:31:12.7426570Z ##[warning]D:\a\BusBuddy-2\BusBuddy-2\BusBuddy.Core\Configuration\EnhancedDatabaseStartup.cs(141,36): warning CA1860: Prefer comparing 'Count' to 0 rather than using 'Any()', both for clarity and for performance (https://learn.microsoft.com/dotnet/fundamentals/code-analysis/quality-rules/ca1860) [D:\a\BusBuddy-2\BusBuddy-2\BusBuddy.Core\BusBuddy.Core.csproj]
ğŸ—ï¸ Build & Test	UNKNOWN STEP	2025-07-26T21:31:12.7439386Z ##[warning]D:\a\BusBuddy-2\BusBuddy-2\BusBuddy.Core\Data\UnitOfWork\UnitOfWork.cs(590,87): warning CA1725: In member Task<IEnumerable<ActivitySchedule>> ActivityScheduleRepository.GetSchedulesByDateAsync(DateTime date), change parameter name date to scheduleDate in order to match the identifier as it has been declared in Task<IEnumerable<ActivitySchedule>> IActivityScheduleRepository.GetSchedulesByDateAsync(DateTime scheduleDate) (https://learn.microsoft.com/dotnet/fundamentals/code-analysis/quality-rules/ca1725) [D:\a\BusBuddy-2\BusBuddy-2\BusBuddy.Core\BusBuddy.Core.csproj]
ğŸ—ï¸ Build & Test	UNKNOWN STEP	2025-07-26T21:31:12.7450808Z ##[warning]D:\a\BusBuddy-2\BusBuddy-2\BusBuddy.Core\Data\UnitOfWork\UnitOfWork.cs(595,84): warning CA1725: In member Task<bool> ActivityScheduleRepository.HasConflictAsync(int vehicleId, int driverId, DateTime date, TimeSpan startTime, TimeSpan endTime), change parameter name date to scheduleDate in order to match the identifier as it has been declared in Task<bool> IActivityScheduleRepository.HasConflictAsync(int vehicleId, int driverId, DateTime scheduleDate, TimeSpan startTime, TimeSpan endTime) (https://learn.microsoft.com/dotnet/fundamentals/code-analysis/quality-rules/ca1725) [D:\a\BusBuddy-2\BusBuddy-2\BusBuddy.Core\BusBuddy.Core.csproj]
ğŸ—ï¸ Build & Test	UNKNOWN STEP	2025-07-26T21:31:12.7457287Z ##[warning]D:\a\BusBuddy-2\BusBuddy-2\BusBuddy.Core\Data\UnitOfWork\UnitOfWork.cs(597,70): warning CA1725: In member IEnumerable<ActivitySchedule> ActivityScheduleRepository.GetSchedulesByDate(DateTime date), change parameter name date to scheduleDate in order to match the identifier as it has been declared in IEnumerable<ActivitySchedule> IActivityScheduleRepository.GetSchedulesByDate(DateTime scheduleDate) (https://learn.microsoft.com/dotnet/fundamentals/code-analysis/quality-rules/ca1725) [D:\a\BusBuddy-2\BusBuddy-2\BusBuddy.Core\BusBuddy.Core.csproj]
ğŸ—ï¸ Build & Test	UNKNOWN STEP	2025-07-26T21:31:12.7462405Z ##[warning]D:\a\BusBuddy-2\BusBuddy-2\BusBuddy.Core\Services\XAIService.cs(1042,43): warning CA1869: Avoid creating a new 'JsonSerializerOptions' instance for every serialization operation. Cache and reuse instances instead. (https://learn.microsoft.com/dotnet/fundamentals/code-analysis/quality-rules/ca1869) [D:\a\BusBuddy-2\BusBuddy-2\BusBuddy.Core\BusBuddy.Core.csproj]
ğŸ—ï¸ Build & Test	UNKNOWN STEP	2025-07-26T21:31:12.7466027Z ##[warning]D:\a\BusBuddy-2\BusBuddy-2\BusBuddy.Core\Services\XAIService.cs(1037,42): warning CA1847: Use 'string.Contains(char)' instead of 'string.Contains(string)' when searching for a single character (https://learn.microsoft.com/dotnet/fundamentals/code-analysis/quality-rules/ca1847) [D:\a\BusBuddy-2\BusBuddy-2\BusBuddy.Core\BusBuddy.Core.csproj]
ğŸ—ï¸ Build & Test	UNKNOWN STEP	2025-07-26T21:31:12.7469408Z ##[warning]D:\a\BusBuddy-2\BusBuddy-2\BusBuddy.Core\Services\XAIService.cs(1037,67): warning CA1847: Use 'string.Contains(char)' instead of 'string.Contains(string)' when searching for a single character (https://learn.microsoft.com/dotnet/fundamentals/code-analysis/quality-rules/ca1847) [D:\a\BusBuddy-2\BusBuddy-2\BusBuddy.Core\BusBuddy.Core.csproj]
ğŸ—ï¸ Build & Test	UNKNOWN STEP	2025-07-26T21:31:12.7474623Z ##[warning]D:\a\BusBuddy-2\BusBuddy-2\BusBuddy.Core\Data\UnitOfWork\UnitOfWork.cs(599,67): warning CA1725: In member bool ActivityScheduleRepository.HasConflict(int vehicleId, int driverId, DateTime date, TimeSpan startTime, TimeSpan endTime), change parameter name date to scheduleDate in order to match the identifier as it has been declared in bool IActivityScheduleRepository.HasConflict(int vehicleId, int driverId, DateTime scheduleDate, TimeSpan startTime, TimeSpan endTime) (https://learn.microsoft.com/dotnet/fundamentals/code-analysis/quality-rules/ca1725) [D:\a\BusBuddy-2\BusBuddy-2\BusBuddy.Core\BusBuddy.Core.csproj]
ğŸ—ï¸ Build & Test	UNKNOWN STEP	2025-07-26T21:31:12.7478564Z ##[warning]D:\a\BusBuddy-2\BusBuddy-2\BusBuddy.Core\Services\XAIService.cs(1087,55): warning CA1845: Use span-based 'string.Concat' and 'AsSpan' instead of 'Substring' (https://learn.microsoft.com/dotnet/fundamentals/code-analysis/quality-rules/ca1845) [D:\a\BusBuddy-2\BusBuddy-2\BusBuddy.Core\BusBuddy.Core.csproj]
ğŸ—ï¸ Build & Test	UNKNOWN STEP	2025-07-26T21:31:12.7482126Z ##[warning]D:\a\BusBuddy-2\BusBuddy-2\BusBuddy.Core\Services\XAIService.cs(1106,60): warning CA1845: Use span-based 'string.Concat' and 'AsSpan' instead of 'Substring' (https://learn.microsoft.com/dotnet/fundamentals/code-analysis/quality-rules/ca1845) [D:\a\BusBuddy-2\BusBuddy-2\BusBuddy.Core\BusBuddy.Core.csproj]
ğŸ—ï¸ Build & Test	UNKNOWN STEP	2025-07-26T21:31:12.7486673Z ##[warning]D:\a\BusBuddy-2\BusBuddy-2\BusBuddy.Core\Data\UnitOfWork\UnitOfWork.cs(577,55): warning CA1725: In member Task<bool> SchoolCalendarRepository.IsSchoolDayAsync(DateTime date), change parameter name date to checkDate in order to match the identifier as it has been declared in Task<bool> ISchoolCalendarRepository.IsSchoolDayAsync(DateTime checkDate) (https://learn.microsoft.com/dotnet/fundamentals/code-analysis/quality-rules/ca1725) [D:\a\BusBuddy-2\BusBuddy-2\BusBuddy.Core\BusBuddy.Core.csproj]
ğŸ—ï¸ Build & Test	UNKNOWN STEP	2025-07-26T21:31:12.7490220Z ##[warning]D:\a\BusBuddy-2\BusBuddy-2\BusBuddy.Core\Services\XAIService.cs(1166,60): warning CA1845: Use span-based 'string.Concat' and 'AsSpan' instead of 'Substring' (https://learn.microsoft.com/dotnet/fundamentals/code-analysis/quality-rules/ca1845) [D:\a\BusBuddy-2\BusBuddy-2\BusBuddy.Core\BusBuddy.Core.csproj]
ğŸ—ï¸ Build & Test	UNKNOWN STEP	2025-07-26T21:31:12.7495551Z ##[warning]D:\a\BusBuddy-2\BusBuddy-2\BusBuddy.Core\Data\UnitOfWork\UnitOfWork.cs(578,61): warning CA1725: In member Task<bool> SchoolCalendarRepository.AreRoutesRequiredAsync(DateTime date), change parameter name date to checkDate in order to match the identifier as it has been declared in Task<bool> ISchoolCalendarRepository.AreRoutesRequiredAsync(DateTime checkDate) (https://learn.microsoft.com/dotnet/fundamentals/code-analysis/quality-rules/ca1725) [D:\a\BusBuddy-2\BusBuddy-2\BusBuddy.Core\BusBuddy.Core.csproj]
ğŸ—ï¸ Build & Test	UNKNOWN STEP	2025-07-26T21:31:12.7500389Z ##[warning]D:\a\BusBuddy-2\BusBuddy-2\BusBuddy.Core\Data\UnitOfWork\UnitOfWork.cs(582,38): warning CA1725: In member bool SchoolCalendarRepository.IsSchoolDay(DateTime date), change parameter name date to checkDate in order to match the identifier as it has been declared in bool ISchoolCalendarRepository.IsSchoolDay(DateTime checkDate) (https://learn.microsoft.com/dotnet/fundamentals/code-analysis/quality-rules/ca1725) [D:\a\BusBuddy-2\BusBuddy-2\BusBuddy.Core\BusBuddy.Core.csproj]
ğŸ—ï¸ Build & Test	UNKNOWN STEP	2025-07-26T21:31:12.7505218Z ##[warning]D:\a\BusBuddy-2\BusBuddy-2\BusBuddy.Core\Data\UnitOfWork\UnitOfWork.cs(583,44): warning CA1725: In member bool SchoolCalendarRepository.AreRoutesRequired(DateTime date), change parameter name date to checkDate in order to match the identifier as it has been declared in bool ISchoolCalendarRepository.AreRoutesRequired(DateTime checkDate) (https://learn.microsoft.com/dotnet/fundamentals/code-analysis/quality-rules/ca1725) [D:\a\BusBuddy-2\BusBuddy-2\BusBuddy.Core\BusBuddy.Core.csproj]
ğŸ—ï¸ Build & Test	UNKNOWN STEP	2025-07-26T21:31:12.7510392Z ##[warning]D:\a\BusBuddy-2\BusBuddy-2\BusBuddy.Core\Data\UnitOfWork\UnitOfWork.cs(558,79): warning CA1725: In member Task<IEnumerable<Schedule>> ScheduleRepository.GetSchedulesByDateAsync(DateTime date), change parameter name date to scheduleDate in order to match the identifier as it has been declared in Task<IEnumerable<Schedule>> IScheduleRepository.GetSchedulesByDateAsync(DateTime scheduleDate) (https://learn.microsoft.com/dotnet/fundamentals/code-analysis/quality-rules/ca1725) [D:\a\BusBuddy-2\BusBuddy-2\BusBuddy.Core\BusBuddy.Core.csproj]
ğŸ—ï¸ Build & Test	UNKNOWN STEP	2025-07-26T21:31:12.7514288Z ##[warning]D:\a\BusBuddy-2\BusBuddy-2\BusBuddy.Core\Services\XAIService.cs(1187,44): warning CA1311: Specify a culture or use an invariant version to avoid implicit dependency on current culture (https://learn.microsoft.com/dotnet/fundamentals/code-analysis/quality-rules/ca1311) [D:\a\BusBuddy-2\BusBuddy-2\BusBuddy.Core\BusBuddy.Core.csproj]
ğŸ—ï¸ Build & Test	UNKNOWN STEP	2025-07-26T21:31:12.7517456Z ##[warning]D:\a\BusBuddy-2\BusBuddy-2\BusBuddy.Core\Services\XAIService.cs(1190,69): warning CA1311: Specify a culture or use an invariant version to avoid implicit dependency on current culture (https://learn.microsoft.com/dotnet/fundamentals/code-analysis/quality-rules/ca1311) [D:\a\BusBuddy-2\BusBuddy-2\BusBuddy.Core\BusBuddy.Core.csproj]
ğŸ—ï¸ Build & Test	UNKNOWN STEP	2025-07-26T21:31:12.7522827Z ##[warning]D:\a\BusBuddy-2\BusBuddy-2\BusBuddy.Core\Services\XAIService.cs(1190,40): warning CA1862: Prefer the string comparison method overload of 'string.IndexOf(string)' that takes a 'StringComparison' enum value to perform a case-insensitive comparison, but keep in mind that this might cause subtle changes in behavior, so make sure to conduct thorough testing after applying the suggestion, or if culturally sensitive comparison is not required, consider using 'StringComparison.OrdinalIgnoreCase' (https://learn.microsoft.com/dotnet/fundamentals/code-analysis/quality-rules/ca1862) [D:\a\BusBuddy-2\BusBuddy-2\BusBuddy.Core\BusBuddy.Core.csproj]
ğŸ—ï¸ Build & Test	UNKNOWN STEP	2025-07-26T21:31:12.7528261Z ##[warning]D:\a\BusBuddy-2\BusBuddy-2\BusBuddy.Core\Data\UnitOfWork\UnitOfWork.cs(564,62): warning CA1725: In member IEnumerable<Schedule> ScheduleRepository.GetSchedulesByDate(DateTime date), change parameter name date to scheduleDate in order to match the identifier as it has been declared in IEnumerable<Schedule> IScheduleRepository.GetSchedulesByDate(DateTime scheduleDate) (https://learn.microsoft.com/dotnet/fundamentals/code-analysis/quality-rules/ca1725) [D:\a\BusBuddy-2\BusBuddy-2\BusBuddy.Core\BusBuddy.Core.csproj]
ğŸ—ï¸ Build & Test	UNKNOWN STEP	2025-07-26T21:31:12.7533394Z ##[warning]D:\a\BusBuddy-2\BusBuddy-2\BusBuddy.Core\Services\XAIService.cs(1190,40): warning CA1310: The behavior of 'string.IndexOf(string)' could vary based on the current user's locale settings. Replace this call in 'BusBuddy.Core.Services.XAIService.ExtractNumericValue(string, params string[])' with a call to 'string.IndexOf(string, System.StringComparison)'. (https://learn.microsoft.com/dotnet/fundamentals/code-analysis/quality-rules/ca1310) [D:\a\BusBuddy-2\BusBuddy-2\BusBuddy.Core\BusBuddy.Core.csproj]
ğŸ—ï¸ Build & Test	UNKNOWN STEP	2025-07-26T21:31:12.7538750Z ##[warning]D:\a\BusBuddy-2\BusBuddy-2\BusBuddy.Core\Data\Repositories\StudentRepository.cs(33,77): warning CA1725: In member Task<IEnumerable<Student>> StudentRepository.GetStudentsBySchoolAsync(string school), change parameter name school to schoolName in order to match the identifier as it has been declared in Task<IEnumerable<Student>> IStudentRepository.GetStudentsBySchoolAsync(string schoolName) (https://learn.microsoft.com/dotnet/fundamentals/code-analysis/quality-rules/ca1725) [D:\a\BusBuddy-2\BusBuddy-2\BusBuddy.Core\BusBuddy.Core.csproj]
ğŸ—ï¸ Build & Test	UNKNOWN STEP	2025-07-26T21:31:12.7543886Z ##[warning]D:\a\BusBuddy-2\BusBuddy-2\BusBuddy.Core\Data\Repositories\StudentRepository.cs(74,62): warning CA1725: In member Task<Student?> StudentRepository.GetStudentByNameAsync(string name), change parameter name name to studentName in order to match the identifier as it has been declared in Task<Student?> IStudentRepository.GetStudentByNameAsync(string studentName) (https://learn.microsoft.com/dotnet/fundamentals/code-analysis/quality-rules/ca1725) [D:\a\BusBuddy-2\BusBuddy-2\BusBuddy.Core\BusBuddy.Core.csproj]
ğŸ—ï¸ Build & Test	UNKNOWN STEP	2025-07-26T21:31:12.7547526Z ##[warning]D:\a\BusBuddy-2\BusBuddy-2\BusBuddy.Core\Services\SmartRouteOptimizationService.cs(53,37): warning CA1829: Use the "Count" property instead of Enumerable.Count() (https://learn.microsoft.com/dotnet/fundamentals/code-analysis/quality-rules/ca1829) [D:\a\BusBuddy-2\BusBuddy-2\BusBuddy.Core\BusBuddy.Core.csproj]
ğŸ—ï¸ Build & Test	UNKNOWN STEP	2025-07-26T21:31:12.7550743Z ##[warning]D:\a\BusBuddy-2\BusBuddy-2\BusBuddy.Core\Services\SmartRouteOptimizationService.cs(157,46): warning CA1860: Prefer comparing 'Count' to 0 rather than using 'Any()', both for clarity and for performance (https://learn.microsoft.com/dotnet/fundamentals/code-analysis/quality-rules/ca1860) [D:\a\BusBuddy-2\BusBuddy-2\BusBuddy.Core\BusBuddy.Core.csproj]
ğŸ—ï¸ Build & Test	UNKNOWN STEP	2025-07-26T21:31:12.7554020Z ##[warning]D:\a\BusBuddy-2\BusBuddy-2\BusBuddy.Core\Services\SmartRouteOptimizationService.cs(161,41): warning CA1860: Prefer comparing 'Count' to 0 rather than using 'Any()', both for clarity and for performance (https://learn.microsoft.com/dotnet/fundamentals/code-analysis/quality-rules/ca1860) [D:\a\BusBuddy-2\BusBuddy-2\BusBuddy.Core\BusBuddy.Core.csproj]
ğŸ—ï¸ Build & Test	UNKNOWN STEP	2025-07-26T21:31:12.7557381Z ##[warning]D:\a\BusBuddy-2\BusBuddy-2\BusBuddy.Core\Services\SeedDataService.cs(107,52): warning CA1311: Specify a culture or use an invariant version to avoid implicit dependency on current culture (https://learn.microsoft.com/dotnet/fundamentals/code-analysis/quality-rules/ca1311) [D:\a\BusBuddy-2\BusBuddy-2\BusBuddy.Core\BusBuddy.Core.csproj]
ğŸ—ï¸ Build & Test	UNKNOWN STEP	2025-07-26T21:31:12.7560720Z ##[warning]D:\a\BusBuddy-2\BusBuddy-2\BusBuddy.Core\Services\SeedDataService.cs(107,73): warning CA1311: Specify a culture or use an invariant version to avoid implicit dependency on current culture (https://learn.microsoft.com/dotnet/fundamentals/code-analysis/quality-rules/ca1311) [D:\a\BusBuddy-2\BusBuddy-2\BusBuddy.Core\BusBuddy.Core.csproj]
ğŸ—ï¸ Build & Test	UNKNOWN STEP	2025-07-26T21:31:12.7563935Z ##[warning]D:\a\BusBuddy-2\BusBuddy-2\BusBuddy.Core\Services\SeedDataService.cs(164,62): warning CA1311: Specify a culture or use an invariant version to avoid implicit dependency on current culture (https://learn.microsoft.com/dotnet/fundamentals/code-analysis/quality-rules/ca1311) [D:\a\BusBuddy-2\BusBuddy-2\BusBuddy.Core\BusBuddy.Core.csproj]
ğŸ—ï¸ Build & Test	UNKNOWN STEP	2025-07-26T21:31:12.7568499Z ##[warning]D:\a\BusBuddy-2\BusBuddy-2\BusBuddy.Core\Data\Repositories\SchoolCalendarRepository.cs(52,55): warning CA1725: In member Task<bool> SchoolCalendarRepository.IsSchoolDayAsync(DateTime date), change parameter name date to checkDate in order to match the identifier as it has been declared in Task<bool> ISchoolCalendarRepository.IsSchoolDayAsync(DateTime checkDate) (https://learn.microsoft.com/dotnet/fundamentals/code-analysis/quality-rules/ca1725) [D:\a\BusBuddy-2\BusBuddy-2\BusBuddy.Core\BusBuddy.Core.csproj]
ğŸ—ï¸ Build & Test	UNKNOWN STEP	2025-07-26T21:31:12.7573639Z ##[warning]D:\a\BusBuddy-2\BusBuddy-2\BusBuddy.Core\Data\Repositories\SchoolCalendarRepository.cs(58,61): warning CA1725: In member Task<bool> SchoolCalendarRepository.AreRoutesRequiredAsync(DateTime date), change parameter name date to checkDate in order to match the identifier as it has been declared in Task<bool> ISchoolCalendarRepository.AreRoutesRequiredAsync(DateTime checkDate) (https://learn.microsoft.com/dotnet/fundamentals/code-analysis/quality-rules/ca1725) [D:\a\BusBuddy-2\BusBuddy-2\BusBuddy.Core\BusBuddy.Core.csproj]
ğŸ—ï¸ Build & Test	UNKNOWN STEP	2025-07-26T21:31:12.7578524Z ##[warning]D:\a\BusBuddy-2\BusBuddy-2\BusBuddy.Core\Data\Repositories\SchoolCalendarRepository.cs(84,38): warning CA1725: In member bool SchoolCalendarRepository.IsSchoolDay(DateTime date), change parameter name date to checkDate in order to match the identifier as it has been declared in bool ISchoolCalendarRepository.IsSchoolDay(DateTime checkDate) (https://learn.microsoft.com/dotnet/fundamentals/code-analysis/quality-rules/ca1725) [D:\a\BusBuddy-2\BusBuddy-2\BusBuddy.Core\BusBuddy.Core.csproj]
ğŸ—ï¸ Build & Test	UNKNOWN STEP	2025-07-26T21:31:12.7583398Z ##[warning]D:\a\BusBuddy-2\BusBuddy-2\BusBuddy.Core\Data\Repositories\SchoolCalendarRepository.cs(90,44): warning CA1725: In member bool SchoolCalendarRepository.AreRoutesRequired(DateTime date), change parameter name date to checkDate in order to match the identifier as it has been declared in bool ISchoolCalendarRepository.AreRoutesRequired(DateTime checkDate) (https://learn.microsoft.com/dotnet/fundamentals/code-analysis/quality-rules/ca1725) [D:\a\BusBuddy-2\BusBuddy-2\BusBuddy.Core\BusBuddy.Core.csproj]
ğŸ—ï¸ Build & Test	UNKNOWN STEP	2025-07-26T21:31:12.7588718Z ##[warning]D:\a\BusBuddy-2\BusBuddy-2\BusBuddy.Core\Data\Repositories\ScheduleRepository.cs(20,79): warning CA1725: In member Task<IEnumerable<Schedule>> ScheduleRepository.GetSchedulesByDateAsync(DateTime date), change parameter name date to scheduleDate in order to match the identifier as it has been declared in Task<IEnumerable<Schedule>> IScheduleRepository.GetSchedulesByDateAsync(DateTime scheduleDate) (https://learn.microsoft.com/dotnet/fundamentals/code-analysis/quality-rules/ca1725) [D:\a\BusBuddy-2\BusBuddy-2\BusBuddy.Core\BusBuddy.Core.csproj]
ğŸ—ï¸ Build & Test	UNKNOWN STEP	2025-07-26T21:31:12.7593148Z ##[warning]D:\a\BusBuddy-2\BusBuddy-2\BusBuddy.Core\Services\SeedDataService.cs(211,22): warning CA1860: Prefer comparing 'Count' to 0 rather than using 'Any()', both for clarity and for performance (https://learn.microsoft.com/dotnet/fundamentals/code-analysis/quality-rules/ca1860) [D:\a\BusBuddy-2\BusBuddy-2\BusBuddy.Core\BusBuddy.Core.csproj]
ğŸ—ï¸ Build & Test	UNKNOWN STEP	2025-07-26T21:31:12.7596514Z ##[warning]D:\a\BusBuddy-2\BusBuddy-2\BusBuddy.Core\Services\SeedDataService.cs(211,40): warning CA1860: Prefer comparing 'Count' to 0 rather than using 'Any()', both for clarity and for performance (https://learn.microsoft.com/dotnet/fundamentals/code-analysis/quality-rules/ca1860) [D:\a\BusBuddy-2\BusBuddy-2\BusBuddy.Core\BusBuddy.Core.csproj]
ğŸ—ï¸ Build & Test	UNKNOWN STEP	2025-07-26T21:31:12.7601094Z ##[warning]D:\a\BusBuddy-2\BusBuddy-2\BusBuddy.Core\Data\Repositories\ScheduleRepository.cs(69,62): warning CA1725: In member IEnumerable<Schedule> ScheduleRepository.GetSchedulesByDate(DateTime date), change parameter name date to scheduleDate in order to match the identifier as it has been declared in IEnumerable<Schedule> IScheduleRepository.GetSchedulesByDate(DateTime scheduleDate) (https://learn.microsoft.com/dotnet/fundamentals/code-analysis/quality-rules/ca1725) [D:\a\BusBuddy-2\BusBuddy-2\BusBuddy.Core\BusBuddy.Core.csproj]
ğŸ—ï¸ Build & Test	UNKNOWN STEP	2025-07-26T21:31:12.7604996Z ##[warning]D:\a\BusBuddy-2\BusBuddy-2\BusBuddy.Core\Services\SeedDataService.cs(299,21): warning CA1860: Prefer comparing 'Count' to 0 rather than using 'Any()', both for clarity and for performance (https://learn.microsoft.com/dotnet/fundamentals/code-analysis/quality-rules/ca1860) [D:\a\BusBuddy-2\BusBuddy-2\BusBuddy.Core\BusBuddy.Core.csproj]
ğŸ—ï¸ Build & Test	UNKNOWN STEP	2025-07-26T21:31:12.7608134Z ##[warning]D:\a\BusBuddy-2\BusBuddy-2\BusBuddy.Core\Services\SeedDataService.cs(305,21): warning CA1860: Prefer comparing 'Count' to 0 rather than using 'Any()', both for clarity and for performance (https://learn.microsoft.com/dotnet/fundamentals/code-analysis/quality-rules/ca1860) [D:\a\BusBuddy-2\BusBuddy-2\BusBuddy.Core\BusBuddy.Core.csproj]
ğŸ—ï¸ Build & Test	UNKNOWN STEP	2025-07-26T21:31:12.7611069Z ##[warning]D:\a\BusBuddy-2\BusBuddy-2\BusBuddy.Core\Services\ScheduleService.cs(40,25): warning CA1829: Use the "Count" property instead of Enumerable.Count() (https://learn.microsoft.com/dotnet/fundamentals/code-analysis/quality-rules/ca1829) [D:\a\BusBuddy-2\BusBuddy-2\BusBuddy.Core\BusBuddy.Core.csproj]
ğŸ—ï¸ Build & Test	UNKNOWN STEP	2025-07-26T21:31:12.7614201Z ##[warning]D:\a\BusBuddy-2\BusBuddy-2\BusBuddy.Core\Services\ScheduleService.cs(103,13): warning CA1510: Use 'ArgumentNullException.ThrowIfNull' instead of explicitly throwing a new exception instance (https://learn.microsoft.com/dotnet/fundamentals/code-analysis/quality-rules/ca1510) [D:\a\BusBuddy-2\BusBuddy-2\BusBuddy.Core\BusBuddy.Core.csproj]
ğŸ—ï¸ Build & Test	UNKNOWN STEP	2025-07-26T21:31:12.7617965Z ##[warning]D:\a\BusBuddy-2\BusBuddy-2\BusBuddy.Core\Services\ScheduleService.cs(167,13): warning CA1510: Use 'ArgumentNullException.ThrowIfNull' instead of explicitly throwing a new exception instance (https://learn.microsoft.com/dotnet/fundamentals/code-analysis/quality-rules/ca1510) [D:\a\BusBuddy-2\BusBuddy-2\BusBuddy.Core\BusBuddy.Core.csproj]
ğŸ—ï¸ Build & Test	UNKNOWN STEP	2025-07-26T21:31:12.7621363Z ##[warning]D:\a\BusBuddy-2\BusBuddy-2\BusBuddy.Core\Services\ScheduleService.cs(328,25): warning CA1860: Prefer comparing 'Count' to 0 rather than using 'Any()', both for clarity and for performance (https://learn.microsoft.com/dotnet/fundamentals/code-analysis/quality-rules/ca1860) [D:\a\BusBuddy-2\BusBuddy-2\BusBuddy.Core\BusBuddy.Core.csproj]
ğŸ—ï¸ Build & Test	UNKNOWN STEP	2025-07-26T21:31:12.7624292Z ##[warning]D:\a\BusBuddy-2\BusBuddy-2\BusBuddy.Core\Services\ScheduleService.cs(325,25): warning CA1829: Use the "Count" property instead of Enumerable.Count() (https://learn.microsoft.com/dotnet/fundamentals/code-analysis/quality-rules/ca1829) [D:\a\BusBuddy-2\BusBuddy-2\BusBuddy.Core\BusBuddy.Core.csproj]
ğŸ—ï¸ Build & Test	UNKNOWN STEP	2025-07-26T21:31:12.7627446Z ##[warning]D:\a\BusBuddy-2\BusBuddy-2\BusBuddy.Core\Services\ScheduleService.cs(387,43): warning CA1847: Use 'string.Contains(char)' instead of 'string.Contains(string)' when searching for a single character (https://learn.microsoft.com/dotnet/fundamentals/code-analysis/quality-rules/ca1847) [D:\a\BusBuddy-2\BusBuddy-2\BusBuddy.Core\BusBuddy.Core.csproj]
ğŸ—ï¸ Build & Test	UNKNOWN STEP	2025-07-26T21:31:12.7631097Z ##[warning]D:\a\BusBuddy-2\BusBuddy-2\BusBuddy.Core\Services\ScheduleService.cs(474,51): warning CA1861: Prefer 'static readonly' fields over constant array arguments if the called method is called repeatedly and is not mutating the passed array (https://learn.microsoft.com/dotnet/fundamentals/code-analysis/quality-rules/ca1861) [D:\a\BusBuddy-2\BusBuddy-2\BusBuddy.Core\BusBuddy.Core.csproj]
ğŸ—ï¸ Build & Test	UNKNOWN STEP	2025-07-26T21:31:12.7634550Z ##[warning]D:\a\BusBuddy-2\BusBuddy-2\BusBuddy.Core\Services\RouteService.cs(125,13): warning CA1510: Use 'ArgumentNullException.ThrowIfNull' instead of explicitly throwing a new exception instance (https://learn.microsoft.com/dotnet/fundamentals/code-analysis/quality-rules/ca1510) [D:\a\BusBuddy-2\BusBuddy-2\BusBuddy.Core\BusBuddy.Core.csproj]
ğŸ—ï¸ Build & Test	UNKNOWN STEP	2025-07-26T21:31:12.7637889Z ##[warning]D:\a\BusBuddy-2\BusBuddy-2\BusBuddy.Core\Services\RouteService.cs(143,13): warning CA1510: Use 'ArgumentNullException.ThrowIfNull' instead of explicitly throwing a new exception instance (https://learn.microsoft.com/dotnet/fundamentals/code-analysis/quality-rules/ca1510) [D:\a\BusBuddy-2\BusBuddy-2\BusBuddy.Core\BusBuddy.Core.csproj]
ğŸ—ï¸ Build & Test	UNKNOWN STEP	2025-07-26T21:31:12.7641739Z ##[warning]D:\a\BusBuddy-2\BusBuddy-2\BusBuddy.Core\Services\RouteService.cs(206,50): warning CA1311: Specify a culture or use an invariant version to avoid implicit dependency on current culture (https://learn.microsoft.com/dotnet/fundamentals/code-analysis/quality-rules/ca1311) [D:\a\BusBuddy-2\BusBuddy-2\BusBuddy.Core\BusBuddy.Core.csproj]
ğŸ—ï¸ Build & Test	UNKNOWN STEP	2025-07-26T21:31:12.7644905Z ##[warning]D:\a\BusBuddy-2\BusBuddy-2\BusBuddy.Core\Services\RouteService.cs(210,37): warning CA1311: Specify a culture or use an invariant version to avoid implicit dependency on current culture (https://learn.microsoft.com/dotnet/fundamentals/code-analysis/quality-rules/ca1311) [D:\a\BusBuddy-2\BusBuddy-2\BusBuddy.Core\BusBuddy.Core.csproj]
ğŸ—ï¸ Build & Test	UNKNOWN STEP	2025-07-26T21:31:12.7648077Z ##[warning]D:\a\BusBuddy-2\BusBuddy-2\BusBuddy.Core\Services\RouteService.cs(211,65): warning CA1311: Specify a culture or use an invariant version to avoid implicit dependency on current culture (https://learn.microsoft.com/dotnet/fundamentals/code-analysis/quality-rules/ca1311) [D:\a\BusBuddy-2\BusBuddy-2\BusBuddy.Core\BusBuddy.Core.csproj]
ğŸ—ï¸ Build & Test	UNKNOWN STEP	2025-07-26T21:31:12.7653383Z ##[warning]D:\a\BusBuddy-2\BusBuddy-2\BusBuddy.Core\Services\RouteService.cs(210,25): warning CA1862: Prefer the string comparison method overload of 'string.Contains(string)' that takes a 'StringComparison' enum value to perform a case-insensitive comparison, but keep in mind that this might cause subtle changes in behavior, so make sure to conduct thorough testing after applying the suggestion, or if culturally sensitive comparison is not required, consider using 'StringComparison.OrdinalIgnoreCase' (https://learn.microsoft.com/dotnet/fundamentals/code-analysis/quality-rules/ca1862) [D:\a\BusBuddy-2\BusBuddy-2\BusBuddy.Core\BusBuddy.Core.csproj]
ğŸ—ï¸ Build & Test	UNKNOWN STEP	2025-07-26T21:31:12.7659621Z ##[warning]D:\a\BusBuddy-2\BusBuddy-2\BusBuddy.Core\Services\RouteService.cs(211,51): warning CA1862: Prefer the string comparison method overload of 'string.Contains(string)' that takes a 'StringComparison' enum value to perform a case-insensitive comparison, but keep in mind that this might cause subtle changes in behavior, so make sure to conduct thorough testing after applying the suggestion, or if culturally sensitive comparison is not required, consider using 'StringComparison.OrdinalIgnoreCase' (https://learn.microsoft.com/dotnet/fundamentals/code-analysis/quality-rules/ca1862) [D:\a\BusBuddy-2\BusBuddy-2\BusBuddy.Core\BusBuddy.Core.csproj]
ğŸ—ï¸ Build & Test	UNKNOWN STEP	2025-07-26T21:31:12.7663944Z ##[warning]D:\a\BusBuddy-2\BusBuddy-2\BusBuddy.Core\Utilities\ExceptionHelper.cs(73,25): warning CA1860: Prefer comparing 'Count' to 0 rather than using 'Any()', both for clarity and for performance (https://learn.microsoft.com/dotnet/fundamentals/code-analysis/quality-rules/ca1860) [D:\a\BusBuddy-2\BusBuddy-2\BusBuddy.Core\BusBuddy.Core.csproj]
ğŸ—ï¸ Build & Test	UNKNOWN STEP	2025-07-26T21:31:12.7667064Z ##[warning]D:\a\BusBuddy-2\BusBuddy-2\BusBuddy.Core\Utilities\ExceptionHelper.cs(212,27): warning CA2201: Exception type System.Exception is not sufficiently specific (https://learn.microsoft.com/dotnet/fundamentals/code-analysis/quality-rules/ca2201) [D:\a\BusBuddy-2\BusBuddy-2\BusBuddy.Core\BusBuddy.Core.csproj]
ğŸ—ï¸ Build & Test	UNKNOWN STEP	2025-07-26T21:31:12.7670079Z ##[warning]D:\a\BusBuddy-2\BusBuddy-2\BusBuddy.Core\Utilities\ExceptionHelper.cs(217,32): warning CA2201: Exception type System.Exception is not sufficiently specific (https://learn.microsoft.com/dotnet/fundamentals/code-analysis/quality-rules/ca2201) [D:\a\BusBuddy-2\BusBuddy-2\BusBuddy.Core\BusBuddy.Core.csproj]
ğŸ—ï¸ Build & Test	UNKNOWN STEP	2025-07-26T21:31:12.7673183Z ##[warning]D:\a\BusBuddy-2\BusBuddy-2\BusBuddy.Core\Utilities\DatabaseValidator.cs(49,21): warning CA1860: Prefer comparing 'Count' to 0 rather than using 'Any()', both for clarity and for performance (https://learn.microsoft.com/dotnet/fundamentals/code-analysis/quality-rules/ca1860) [D:\a\BusBuddy-2\BusBuddy-2\BusBuddy.Core\BusBuddy.Core.csproj]
ğŸ—ï¸ Build & Test	UNKNOWN STEP	2025-07-26T21:31:12.7676402Z ##[warning]D:\a\BusBuddy-2\BusBuddy-2\BusBuddy.Core\Utilities\DatabaseValidator.cs(72,21): warning CA1860: Prefer comparing 'Count' to 0 rather than using 'Any()', both for clarity and for performance (https://learn.microsoft.com/dotnet/fundamentals/code-analysis/quality-rules/ca1860) [D:\a\BusBuddy-2\BusBuddy-2\BusBuddy.Core\BusBuddy.Core.csproj]
ğŸ—ï¸ Build & Test	UNKNOWN STEP	2025-07-26T21:31:12.7680128Z ##[warning]D:\a\BusBuddy-2\BusBuddy-2\BusBuddy.Core\Utilities\DatabaseValidator.cs(93,21): warning CA1860: Prefer comparing 'Count' to 0 rather than using 'Any()', both for clarity and for performance (https://learn.microsoft.com/dotnet/fundamentals/code-analysis/quality-rules/ca1860) [D:\a\BusBuddy-2\BusBuddy-2\BusBuddy.Core\BusBuddy.Core.csproj]
ğŸ—ï¸ Build & Test	UNKNOWN STEP	2025-07-26T21:31:12.7683386Z ##[warning]D:\a\BusBuddy-2\BusBuddy-2\BusBuddy.Core\Services\RouteService.cs(336,13): warning CA1510: Use 'ArgumentNullException.ThrowIfNull' instead of explicitly throwing a new exception instance (https://learn.microsoft.com/dotnet/fundamentals/code-analysis/quality-rules/ca1510) [D:\a\BusBuddy-2\BusBuddy-2\BusBuddy.Core\BusBuddy.Core.csproj]
ğŸ—ï¸ Build & Test	UNKNOWN STEP	2025-07-26T21:31:12.7686670Z ##[warning]D:\a\BusBuddy-2\BusBuddy-2\BusBuddy.Core\Services\RouteService.cs(354,13): warning CA1510: Use 'ArgumentNullException.ThrowIfNull' instead of explicitly throwing a new exception instance (https://learn.microsoft.com/dotnet/fundamentals/code-analysis/quality-rules/ca1510) [D:\a\BusBuddy-2\BusBuddy-2\BusBuddy.Core\BusBuddy.Core.csproj]
ğŸ—ï¸ Build & Test	UNKNOWN STEP	2025-07-26T21:31:12.7689969Z ##[warning]D:\a\BusBuddy-2\BusBuddy-2\BusBuddy.Core\Data\Repositories\Repository.cs(297,9): warning CA1510: Use 'ArgumentNullException.ThrowIfNull' instead of explicitly throwing a new exception instance (https://learn.microsoft.com/dotnet/fundamentals/code-analysis/quality-rules/ca1510) [D:\a\BusBuddy-2\BusBuddy-2\BusBuddy.Core\BusBuddy.Core.csproj]
ğŸ—ï¸ Build & Test	UNKNOWN STEP	2025-07-26T21:31:12.7693300Z ##[warning]D:\a\BusBuddy-2\BusBuddy-2\BusBuddy.Core\Data\Repositories\Repository.cs(316,9): warning CA1510: Use 'ArgumentNullException.ThrowIfNull' instead of explicitly throwing a new exception instance (https://learn.microsoft.com/dotnet/fundamentals/code-analysis/quality-rules/ca1510) [D:\a\BusBuddy-2\BusBuddy-2\BusBuddy.Core\BusBuddy.Core.csproj]
ğŸ—ï¸ Build & Test	UNKNOWN STEP	2025-07-26T21:31:12.7696543Z ##[warning]D:\a\BusBuddy-2\BusBuddy-2\BusBuddy.Core\Services\PdfReportService.cs(245,17): warning CA1860: Prefer comparing 'Count' to 0 rather than using 'Any()', both for clarity and for performance (https://learn.microsoft.com/dotnet/fundamentals/code-analysis/quality-rules/ca1860) [D:\a\BusBuddy-2\BusBuddy-2\BusBuddy.Core\BusBuddy.Core.csproj]
ğŸ—ï¸ Build & Test	UNKNOWN STEP	2025-07-26T21:31:12.7699711Z ##[warning]D:\a\BusBuddy-2\BusBuddy-2\BusBuddy.Core\Data\Repositories\FuelRepository.cs(55,14): warning CA1860: Prefer comparing 'Count' to 0 rather than using 'Any()', both for clarity and for performance (https://learn.microsoft.com/dotnet/fundamentals/code-analysis/quality-rules/ca1860) [D:\a\BusBuddy-2\BusBuddy-2\BusBuddy.Core\BusBuddy.Core.csproj]
ğŸ—ï¸ Build & Test	UNKNOWN STEP	2025-07-26T21:31:12.7702972Z ##[warning]D:\a\BusBuddy-2\BusBuddy-2\BusBuddy.Core\Data\Repositories\FuelRepository.cs(60,14): warning CA1860: Prefer comparing 'Count' to 0 rather than using 'Any()', both for clarity and for performance (https://learn.microsoft.com/dotnet/fundamentals/code-analysis/quality-rules/ca1860) [D:\a\BusBuddy-2\BusBuddy-2\BusBuddy.Core\BusBuddy.Core.csproj]
ğŸ—ï¸ Build & Test	UNKNOWN STEP	2025-07-26T21:31:12.7707502Z ##[warning]D:\a\BusBuddy-2\BusBuddy-2\BusBuddy.Core\Services\OptimizedXAIService.cs(223,52): warning CA1310: The behavior of 'string.StartsWith(string)' could vary based on the current user's locale settings. Replace this call in 'BusBuddy.Core.Services.OptimizedXAIService.StreamResponseAsync(string)' with a call to 'string.StartsWith(string, System.StringComparison)'. (https://learn.microsoft.com/dotnet/fundamentals/code-analysis/quality-rules/ca1310) [D:\a\BusBuddy-2\BusBuddy-2\BusBuddy.Core\BusBuddy.Core.csproj]
ğŸ—ï¸ Build & Test	UNKNOWN STEP	2025-07-26T21:31:12.7711604Z ##[warning]D:\a\BusBuddy-2\BusBuddy-2\BusBuddy.Core\Services\OptimizedXAIService.cs(343,36): warning CA1861: Prefer 'static readonly' fields over constant array arguments if the called method is called repeatedly and is not mutating the passed array (https://learn.microsoft.com/dotnet/fundamentals/code-analysis/quality-rules/ca1861) [D:\a\BusBuddy-2\BusBuddy-2\BusBuddy.Core\BusBuddy.Core.csproj]
ğŸ—ï¸ Build & Test	UNKNOWN STEP	2025-07-26T21:31:12.7715100Z ##[warning]D:\a\BusBuddy-2\BusBuddy-2\BusBuddy.Core\Services\OptimizedXAIService.cs(625,24): warning CA1850: Prefer static 'System.Security.Cryptography.SHA256.HashData' method over 'ComputeHash' (https://learn.microsoft.com/dotnet/fundamentals/code-analysis/quality-rules/ca1850) [D:\a\BusBuddy-2\BusBuddy-2\BusBuddy.Core\BusBuddy.Core.csproj]
ğŸ—ï¸ Build & Test	UNKNOWN STEP	2025-07-26T21:31:12.7719041Z ##[warning]D:\a\BusBuddy-2\BusBuddy-2\BusBuddy.Core\Services\OptimizedXAIService.cs(633,21): warning CA1816: Change OptimizedXAIService.Dispose() to call GC.SuppressFinalize(object). This will prevent derived types that introduce a finalizer from needing to re-implement 'IDisposable' to call it. (https://learn.microsoft.com/dotnet/fundamentals/code-analysis/quality-rules/ca1816) [D:\a\BusBuddy-2\BusBuddy-2\BusBuddy.Core\BusBuddy.Core.csproj]
ğŸ—ï¸ Build & Test	UNKNOWN STEP	2025-07-26T21:31:12.7723180Z ##[warning]D:\a\BusBuddy-2\BusBuddy-2\BusBuddy.Core\Migrations\20250726000142_AddDestinationsTable.cs(476,26): warning CA1861: Prefer 'static readonly' fields over constant array arguments if the called method is called repeatedly and is not mutating the passed array (https://learn.microsoft.com/dotnet/fundamentals/code-analysis/quality-rules/ca1861) [D:\a\BusBuddy-2\BusBuddy-2\BusBuddy.Core\BusBuddy.Core.csproj]
ğŸ—ï¸ Build & Test	UNKNOWN STEP	2025-07-26T21:31:12.7727029Z ##[warning]D:\a\BusBuddy-2\BusBuddy-2\BusBuddy.Core\Migrations\20250726000142_AddDestinationsTable.cs(498,26): warning CA1861: Prefer 'static readonly' fields over constant array arguments if the called method is called repeatedly and is not mutating the passed array (https://learn.microsoft.com/dotnet/fundamentals/code-analysis/quality-rules/ca1861) [D:\a\BusBuddy-2\BusBuddy-2\BusBuddy.Core\BusBuddy.Core.csproj]
ğŸ—ï¸ Build & Test	UNKNOWN STEP	2025-07-26T21:31:12.7730863Z ##[warning]D:\a\BusBuddy-2\BusBuddy-2\BusBuddy.Core\Migrations\20250726000142_AddDestinationsTable.cs(525,26): warning CA1861: Prefer 'static readonly' fields over constant array arguments if the called method is called repeatedly and is not mutating the passed array (https://learn.microsoft.com/dotnet/fundamentals/code-analysis/quality-rules/ca1861) [D:\a\BusBuddy-2\BusBuddy-2\BusBuddy.Core\BusBuddy.Core.csproj]
ğŸ—ï¸ Build & Test	UNKNOWN STEP	2025-07-26T21:31:12.7734673Z ##[warning]D:\a\BusBuddy-2\BusBuddy-2\BusBuddy.Core\Migrations\20250726000142_AddDestinationsTable.cs(547,26): warning CA1861: Prefer 'static readonly' fields over constant array arguments if the called method is called repeatedly and is not mutating the passed array (https://learn.microsoft.com/dotnet/fundamentals/code-analysis/quality-rules/ca1861) [D:\a\BusBuddy-2\BusBuddy-2\BusBuddy.Core\BusBuddy.Core.csproj]
ğŸ—ï¸ Build & Test	UNKNOWN STEP	2025-07-26T21:31:12.7738433Z ##[warning]D:\a\BusBuddy-2\BusBuddy-2\BusBuddy.Core\Services\ActivityLogService.cs(34,40): warning CA1845: Use span-based 'string.Concat' and 'AsSpan' instead of 'Substring' (https://learn.microsoft.com/dotnet/fundamentals/code-analysis/quality-rules/ca1845) [D:\a\BusBuddy-2\BusBuddy-2\BusBuddy.Core\BusBuddy.Core.csproj]
ğŸ—ï¸ Build & Test	UNKNOWN STEP	2025-07-26T21:31:12.7741784Z ##[warning]D:\a\BusBuddy-2\BusBuddy-2\BusBuddy.Core\Services\FleetMonitoringService.cs(129,17): warning CA1860: Prefer comparing 'Count' to 0 rather than using 'Any()', both for clarity and for performance (https://learn.microsoft.com/dotnet/fundamentals/code-analysis/quality-rules/ca1860) [D:\a\BusBuddy-2\BusBuddy-2\BusBuddy.Core\BusBuddy.Core.csproj]
ğŸ—ï¸ Build & Test	UNKNOWN STEP	2025-07-26T21:31:12.7745020Z ##[warning]D:\a\BusBuddy-2\BusBuddy-2\BusBuddy.Core\Services\EnhancedCachingService.cs(118,37): warning CA1860: Prefer comparing 'Count' to 0 rather than using 'Any()', both for clarity and for performance (https://learn.microsoft.com/dotnet/fundamentals/code-analysis/quality-rules/ca1860) [D:\a\BusBuddy-2\BusBuddy-2\BusBuddy.Core\BusBuddy.Core.csproj]
ğŸ—ï¸ Build & Test	UNKNOWN STEP	2025-07-26T21:31:12.7748503Z ##[warning]D:\a\BusBuddy-2\BusBuddy-2\BusBuddy.Core\Services\EFCoreDebuggingService.cs(187,27): warning CA1869: Avoid creating a new 'JsonSerializerOptions' instance for every serialization operation. Cache and reuse instances instead. (https://learn.microsoft.com/dotnet/fundamentals/code-analysis/quality-rules/ca1869) [D:\a\BusBuddy-2\BusBuddy-2\BusBuddy.Core\BusBuddy.Core.csproj]
ğŸ—ï¸ Build & Test	UNKNOWN STEP	2025-07-26T21:31:12.7751934Z ##[warning]D:\a\BusBuddy-2\BusBuddy-2\BusBuddy.Core\Services\EFCoreDebuggingService.cs(375,13): warning CA1860: Prefer comparing 'Count' to 0 rather than using 'Any()', both for clarity and for performance (https://learn.microsoft.com/dotnet/fundamentals/code-analysis/quality-rules/ca1860) [D:\a\BusBuddy-2\BusBuddy-2\BusBuddy.Core\BusBuddy.Core.csproj]
ğŸ—ï¸ Build & Test	UNKNOWN STEP	2025-07-26T21:31:12.7755156Z ##[warning]D:\a\BusBuddy-2\BusBuddy-2\BusBuddy.Core\Services\EFCoreDebuggingService.cs(396,13): warning CA1860: Prefer comparing 'Count' to 0 rather than using 'Any()', both for clarity and for performance (https://learn.microsoft.com/dotnet/fundamentals/code-analysis/quality-rules/ca1860) [D:\a\BusBuddy-2\BusBuddy-2\BusBuddy.Core\BusBuddy.Core.csproj]
ğŸ—ï¸ Build & Test	UNKNOWN STEP	2025-07-26T21:31:12.7758368Z ##[warning]D:\a\BusBuddy-2\BusBuddy-2\BusBuddy.Core\Services\BusService.cs(161,44): warning CA1311: Specify a culture or use an invariant version to avoid implicit dependency on current culture (https://learn.microsoft.com/dotnet/fundamentals/code-analysis/quality-rules/ca1311) [D:\a\BusBuddy-2\BusBuddy-2\BusBuddy.Core\BusBuddy.Core.csproj]
ğŸ—ï¸ Build & Test	UNKNOWN STEP	2025-07-26T21:31:12.7761415Z ##[warning]D:\a\BusBuddy-2\BusBuddy-2\BusBuddy.Core\Services\BusBuddyAIReportingService.cs(155,19): warning CA2201: Exception type System.Exception is not sufficiently specific (https://learn.microsoft.com/dotnet/fundamentals/code-analysis/quality-rules/ca2201) [D:\a\BusBuddy-2\BusBuddy-2\BusBuddy.Core\BusBuddy.Core.csproj]
ğŸ—ï¸ Build & Test	UNKNOWN STEP	2025-07-26T21:31:12.7764952Z ##[warning]D:\a\BusBuddy-2\BusBuddy-2\BusBuddy.Core\Services\AddressValidationService.cs(195,52): warning CA1861: Prefer 'static readonly' fields over constant array arguments if the called method is called repeatedly and is not mutating the passed array (https://learn.microsoft.com/dotnet/fundamentals/code-analysis/quality-rules/ca1861) [D:\a\BusBuddy-2\BusBuddy-2\BusBuddy.Core\BusBuddy.Core.csproj]
ğŸ—ï¸ Build & Test	UNKNOWN STEP	2025-07-26T21:31:12.7768704Z ##[warning]D:\a\BusBuddy-2\BusBuddy-2\BusBuddy.Core\Services\AddressValidationService.cs(215,66): warning CA1861: Prefer 'static readonly' fields over constant array arguments if the called method is called repeatedly and is not mutating the passed array (https://learn.microsoft.com/dotnet/fundamentals/code-analysis/quality-rules/ca1861) [D:\a\BusBuddy-2\BusBuddy-2\BusBuddy.Core\BusBuddy.Core.csproj]
ğŸ—ï¸ Build & Test	UNKNOWN STEP	2025-07-26T21:31:12.7772193Z ##[warning]D:\a\BusBuddy-2\BusBuddy-2\BusBuddy.Core\Services\ActivityScheduleService.cs(119,13): warning CA1510: Use 'ArgumentNullException.ThrowIfNull' instead of explicitly throwing a new exception instance (https://learn.microsoft.com/dotnet/fundamentals/code-analysis/quality-rules/ca1510) [D:\a\BusBuddy-2\BusBuddy-2\BusBuddy.Core\BusBuddy.Core.csproj]
ğŸ—ï¸ Build & Test	UNKNOWN STEP	2025-07-26T21:31:12.7776782Z ##[warning]D:\a\BusBuddy-2\BusBuddy-2\BusBuddy.Core\Services\ActivityScheduleService.cs(525,13): warning CA1510: Use 'ArgumentNullException.ThrowIfNull' instead of explicitly throwing a new exception instance (https://learn.microsoft.com/dotnet/fundamentals/code-analysis/quality-rules/ca1510) [D:\a\BusBuddy-2\BusBuddy-2\BusBuddy.Core\BusBuddy.Core.csproj]
ğŸ—ï¸ Build & Test	UNKNOWN STEP	2025-07-26T21:31:12.7780494Z ##[warning]D:\a\BusBuddy-2\BusBuddy-2\BusBuddy.Core\Services\ActivityScheduleService.cs(614,26): warning CA1854: Prefer a 'TryGetValue' call over a Dictionary indexer access guarded by a 'ContainsKey' check to avoid double lookup (https://learn.microsoft.com/dotnet/fundamentals/code-analysis/quality-rules/ca1854) [D:\a\BusBuddy-2\BusBuddy-2\BusBuddy.Core\BusBuddy.Core.csproj]
ğŸ—ï¸ Build & Test	UNKNOWN STEP	2025-07-26T21:31:12.7784003Z ##[warning]D:\a\BusBuddy-2\BusBuddy-2\BusBuddy.Core\Services\ActivityScheduleService.cs(587,26): warning CA1854: Prefer a 'TryGetValue' call over a Dictionary indexer access guarded by a 'ContainsKey' check to avoid double lookup (https://learn.microsoft.com/dotnet/fundamentals/code-analysis/quality-rules/ca1854) [D:\a\BusBuddy-2\BusBuddy-2\BusBuddy.Core\BusBuddy.Core.csproj]
ğŸ—ï¸ Build & Test	UNKNOWN STEP	2025-07-26T21:31:12.7789341Z ##[warning]D:\a\BusBuddy-2\BusBuddy-2\BusBuddy.Core\Data\Repositories\ActivityScheduleRepository.cs(20,87): warning CA1725: In member Task<IEnumerable<ActivitySchedule>> ActivityScheduleRepository.GetSchedulesByDateAsync(DateTime date), change parameter name date to scheduleDate in order to match the identifier as it has been declared in Task<IEnumerable<ActivitySchedule>> IActivityScheduleRepository.GetSchedulesByDateAsync(DateTime scheduleDate) (https://learn.microsoft.com/dotnet/fundamentals/code-analysis/quality-rules/ca1725) [D:\a\BusBuddy-2\BusBuddy-2\BusBuddy.Core\BusBuddy.Core.csproj]
ğŸ—ï¸ Build & Test	UNKNOWN STEP	2025-07-26T21:31:12.7795696Z ##[warning]D:\a\BusBuddy-2\BusBuddy-2\BusBuddy.Core\Data\Repositories\ActivityScheduleRepository.cs(64,84): warning CA1725: In member Task<bool> ActivityScheduleRepository.HasConflictAsync(int vehicleId, int driverId, DateTime date, TimeSpan startTime, TimeSpan endTime), change parameter name date to scheduleDate in order to match the identifier as it has been declared in Task<bool> IActivityScheduleRepository.HasConflictAsync(int vehicleId, int driverId, DateTime scheduleDate, TimeSpan startTime, TimeSpan endTime) (https://learn.microsoft.com/dotnet/fundamentals/code-analysis/quality-rules/ca1725) [D:\a\BusBuddy-2\BusBuddy-2\BusBuddy.Core\BusBuddy.Core.csproj]
ğŸ—ï¸ Build & Test	UNKNOWN STEP	2025-07-26T21:31:12.7801658Z ##[warning]D:\a\BusBuddy-2\BusBuddy-2\BusBuddy.Core\Data\Repositories\ActivityScheduleRepository.cs(78,70): warning CA1725: In member IEnumerable<ActivitySchedule> ActivityScheduleRepository.GetSchedulesByDate(DateTime date), change parameter name date to scheduleDate in order to match the identifier as it has been declared in IEnumerable<ActivitySchedule> IActivityScheduleRepository.GetSchedulesByDate(DateTime scheduleDate) (https://learn.microsoft.com/dotnet/fundamentals/code-analysis/quality-rules/ca1725) [D:\a\BusBuddy-2\BusBuddy-2\BusBuddy.Core\BusBuddy.Core.csproj]
ğŸ—ï¸ Build & Test	UNKNOWN STEP	2025-07-26T21:31:12.7807822Z ##[warning]D:\a\BusBuddy-2\BusBuddy-2\BusBuddy.Core\Data\Interfaces\IDriverRepository.cs(13,65): warning CA1716: In virtual/interface member IDriverRepository.GetAvailableDriversAsync(DateTime, TimeSpan?, TimeSpan?), rename parameter date so that it no longer conflicts with the reserved language keyword 'Date'. Using a reserved keyword as the name of a parameter on a virtual/interface member makes it harder for consumers in other languages to override/implement the member. (https://learn.microsoft.com/dotnet/fundamentals/code-analysis/quality-rules/ca1716) [D:\a\BusBuddy-2\BusBuddy-2\BusBuddy.Core\BusBuddy.Core.csproj]
ğŸ—ï¸ Build & Test	UNKNOWN STEP	2025-07-26T21:31:12.7813876Z ##[warning]D:\a\BusBuddy-2\BusBuddy-2\BusBuddy.Core\Data\Interfaces\IDriverRepository.cs(27,62): warning CA1716: In virtual/interface member IDriverRepository.IsDriverAvailableAsync(int, DateTime, TimeSpan, TimeSpan), rename parameter date so that it no longer conflicts with the reserved language keyword 'Date'. Using a reserved keyword as the name of a parameter on a virtual/interface member makes it harder for consumers in other languages to override/implement the member. (https://learn.microsoft.com/dotnet/fundamentals/code-analysis/quality-rules/ca1716) [D:\a\BusBuddy-2\BusBuddy-2\BusBuddy.Core\BusBuddy.Core.csproj]
ğŸ—ï¸ Build & Test	UNKNOWN STEP	2025-07-26T21:31:12.7819786Z ##[warning]D:\a\BusBuddy-2\BusBuddy-2\BusBuddy.Core\Data\Interfaces\IDriverRepository.cs(28,72): warning CA1716: In virtual/interface member IDriverRepository.GetDriversScheduledForDateAsync(DateTime), rename parameter date so that it no longer conflicts with the reserved language keyword 'Date'. Using a reserved keyword as the name of a parameter on a virtual/interface member makes it harder for consumers in other languages to override/implement the member. (https://learn.microsoft.com/dotnet/fundamentals/code-analysis/quality-rules/ca1716) [D:\a\BusBuddy-2\BusBuddy-2\BusBuddy.Core\BusBuddy.Core.csproj]
ğŸ—ï¸ Build & Test	UNKNOWN STEP	2025-07-26T21:31:12.7826075Z ##[warning]D:\a\BusBuddy-2\BusBuddy-2\BusBuddy.Core\Data\Interfaces\IDriverRepository.cs(29,70): warning CA1716: In virtual/interface member IDriverRepository.GetDriversWithNoScheduleAsync(DateTime), rename parameter date so that it no longer conflicts with the reserved language keyword 'Date'. Using a reserved keyword as the name of a parameter on a virtual/interface member makes it harder for consumers in other languages to override/implement the member. (https://learn.microsoft.com/dotnet/fundamentals/code-analysis/quality-rules/ca1716) [D:\a\BusBuddy-2\BusBuddy-2\BusBuddy.Core\BusBuddy.Core.csproj]
ğŸ—ï¸ Build & Test	UNKNOWN STEP	2025-07-26T21:31:12.7833500Z ##[warning]D:\a\BusBuddy-2\BusBuddy-2\BusBuddy.Core\Data\Interfaces\IDriverRepository.cs(45,54): warning CA1716: In virtual/interface member IDriverRepository.GetAvailableDrivers(DateTime, TimeSpan?, TimeSpan?), rename parameter date so that it no longer conflicts with the reserved language keyword 'Date'. Using a reserved keyword as the name of a parameter on a virtual/interface member makes it harder for consumers in other languages to override/implement the member. (https://learn.microsoft.com/dotnet/fundamentals/code-analysis/quality-rules/ca1716) [D:\a\BusBuddy-2\BusBuddy-2\BusBuddy.Core\BusBuddy.Core.csproj]
ğŸ—ï¸ Build & Test	UNKNOWN STEP	2025-07-26T21:31:12.7840821Z ##[warning]D:\a\BusBuddy-2\BusBuddy-2\BusBuddy.Core\Data\Interfaces\IDriverRepository.cs(49,51): warning CA1716: In virtual/interface member IDriverRepository.IsDriverAvailable(int, DateTime, TimeSpan, TimeSpan), rename parameter date so that it no longer conflicts with the reserved language keyword 'Date'. Using a reserved keyword as the name of a parameter on a virtual/interface member makes it harder for consumers in other languages to override/implement the member. (https://learn.microsoft.com/dotnet/fundamentals/code-analysis/quality-rules/ca1716) [D:\a\BusBuddy-2\BusBuddy-2\BusBuddy.Core\BusBuddy.Core.csproj]
ğŸ—ï¸ Build & Test	UNKNOWN STEP	2025-07-26T21:31:12.7847402Z ##[warning]D:\a\BusBuddy-2\BusBuddy-2\BusBuddy.Core\Data\Repositories\ActivityScheduleRepository.cs(95,67): warning CA1725: In member bool ActivityScheduleRepository.HasConflict(int vehicleId, int driverId, DateTime date, TimeSpan startTime, TimeSpan endTime), change parameter name date to scheduleDate in order to match the identifier as it has been declared in bool IActivityScheduleRepository.HasConflict(int vehicleId, int driverId, DateTime scheduleDate, TimeSpan startTime, TimeSpan endTime) (https://learn.microsoft.com/dotnet/fundamentals/code-analysis/quality-rules/ca1725) [D:\a\BusBuddy-2\BusBuddy-2\BusBuddy.Core\BusBuddy.Core.csproj]
ğŸ—ï¸ Build & Test	UNKNOWN STEP	2025-07-26T21:31:12.7854416Z ##[warning]D:\a\BusBuddy-2\BusBuddy-2\BusBuddy.Core\Data\Repositories\ActivityRepository.cs(83,85): warning CA1725: In member Task<IEnumerable<Activity>> ActivityRepository.GetConflictingActivitiesAsync(DateTime date, TimeSpan startTime, TimeSpan endTime, int? excludeActivityId = null), change parameter name date to activityDate in order to match the identifier as it has been declared in Task<IEnumerable<Activity>> IActivityRepository.GetConflictingActivitiesAsync(DateTime activityDate, TimeSpan startTime, TimeSpan endTime, int? excludeActivityId = null) (https://learn.microsoft.com/dotnet/fundamentals/code-analysis/quality-rules/ca1725) [D:\a\BusBuddy-2\BusBuddy-2\BusBuddy.Core\BusBuddy.Core.csproj]
ğŸ—ï¸ Build & Test	UNKNOWN STEP	2025-07-26T21:31:12.7861347Z ##[warning]D:\a\BusBuddy-2\BusBuddy-2\BusBuddy.Core\Data\Repositories\ActivityRepository.cs(99,80): warning CA1725: In member Task<bool> ActivityRepository.HasSchedulingConflictAsync(int vehicleId, DateTime date, TimeSpan startTime, TimeSpan endTime, int? excludeActivityId = null), change parameter name date to activityDate in order to match the identifier as it has been declared in Task<bool> IActivityRepository.HasSchedulingConflictAsync(int vehicleId, DateTime activityDate, TimeSpan startTime, TimeSpan endTime, int? excludeActivityId = null) (https://learn.microsoft.com/dotnet/fundamentals/code-analysis/quality-rules/ca1725) [D:\a\BusBuddy-2\BusBuddy-2\BusBuddy.Core\BusBuddy.Core.csproj]
ğŸ—ï¸ Build & Test	UNKNOWN STEP	2025-07-26T21:31:12.7868194Z ##[warning]D:\a\BusBuddy-2\BusBuddy-2\BusBuddy.Core\Data\Repositories\ActivityRepository.cs(116,75): warning CA1725: In member Task<bool> ActivityRepository.HasDriverConflictAsync(int driverId, DateTime date, TimeSpan startTime, TimeSpan endTime, int? excludeActivityId = null), change parameter name date to activityDate in order to match the identifier as it has been declared in Task<bool> IActivityRepository.HasDriverConflictAsync(int driverId, DateTime activityDate, TimeSpan startTime, TimeSpan endTime, int? excludeActivityId = null) (https://learn.microsoft.com/dotnet/fundamentals/code-analysis/quality-rules/ca1725) [D:\a\BusBuddy-2\BusBuddy-2\BusBuddy.Core\BusBuddy.Core.csproj]
ğŸ—ï¸ Build & Test	UNKNOWN STEP	2025-07-26T21:31:13.0173020Z   BusBuddy.Core -> D:\a\BusBuddy-2\BusBuddy-2\BusBuddy.Core\bin\Release\net8.0-windows\BusBuddy.Core.dll
ğŸ—ï¸ Build & Test	UNKNOWN STEP	2025-07-26T21:31:13.0359719Z   ğŸ“‹ PowerShell 7.5.2 Validation Summary:
ğŸ—ï¸ Build & Test	UNKNOWN STEP	2025-07-26T21:31:13.0360633Z      â€¢ Progressive mode: Only new/modified scripts validated
ğŸ—ï¸ Build & Test	UNKNOWN STEP	2025-07-26T21:31:13.0361436Z      â€¢ Legacy scripts exempted for gradual adoption
ğŸ—ï¸ Build & Test	UNKNOWN STEP	2025-07-26T21:31:13.0362084Z      â€¢ Parallel processing patterns verified
ğŸ—ï¸ Build & Test	UNKNOWN STEP	2025-07-26T21:31:13.0362693Z      â€¢ Error handling requirements enforced
ğŸ—ï¸ Build & Test	UNKNOWN STEP	2025-07-26T21:31:13.0363285Z      â€¢ Cross-platform compatibility checked
ğŸ—ï¸ Build & Test	UNKNOWN STEP	2025-07-26T21:31:13.0363789Z      â€¢ BusBuddy integration standards validated
ğŸ—ï¸ Build & Test	UNKNOWN STEP	2025-07-26T21:31:22.0652813Z ##[warning]D:\a\BusBuddy-2\BusBuddy-2\BusBuddy.WPF\ViewModels\Sports\SportsSchedulerViewModel.cs(28,41): warning CS0108: 'SportsSchedulerViewModel.Logger' hides inherited member 'BaseViewModel.Logger'. Use the new keyword if hiding was intended. [D:\a\BusBuddy-2\BusBuddy-2\BusBuddy.WPF\BusBuddy.WPF_g45a0jvv_wpftmp.csproj]
ğŸ—ï¸ Build & Test	UNKNOWN STEP	2025-07-26T21:31:22.0661634Z ##[warning]D:\a\BusBuddy-2\BusBuddy-2\BusBuddy.WPF\Views\Activity\ActivityScheduleEditDialog.xaml.cs(290,28): warning CS1998: This async method lacks 'await' operators and will run synchronously. Consider using the 'await' operator to await non-blocking API calls, or 'await Task.Run(...)' to do CPU-bound work on a background thread. [D:\a\BusBuddy-2\BusBuddy-2\BusBuddy.WPF\BusBuddy.WPF_g45a0jvv_wpftmp.csproj]
ğŸ—ï¸ Build & Test	UNKNOWN STEP	2025-07-26T21:31:22.0672692Z ##[error]D:\a\BusBuddy-2\BusBuddy-2\BusBuddy.WPF\ViewModels\Sports\SportsSchedulerViewModel.cs(237,39): error CS1061: 'Vehicle' does not contain a definition for 'IsActive' and no accessible extension method 'IsActive' accepting a first argument of type 'Vehicle' could be found (are you missing a using directive or an assembly reference?) [D:\a\BusBuddy-2\BusBuddy-2\BusBuddy.WPF\BusBuddy.WPF_g45a0jvv_wpftmp.csproj]
ğŸ—ï¸ Build & Test	UNKNOWN STEP	2025-07-26T21:31:22.0679812Z ##[error]D:\a\BusBuddy-2\BusBuddy-2\BusBuddy.WPF\ViewModels\Sports\SportsSchedulerViewModel.cs(237,53): error CS1061: 'Vehicle' does not contain a definition for 'OperationalStatus' and no accessible extension method 'OperationalStatus' accepting a first argument of type 'Vehicle' could be found (are you missing a using directive or an assembly reference?) [D:\a\BusBuddy-2\BusBuddy-2\BusBuddy.WPF\BusBuddy.WPF_g45a0jvv_wpftmp.csproj]
ğŸ—ï¸ Build & Test	UNKNOWN STEP	2025-07-26T21:31:22.0686836Z ##[error]D:\a\BusBuddy-2\BusBuddy-2\BusBuddy.WPF\ViewModels\Sports\SportsSchedulerViewModel.cs(243,39): error CS1061: 'Driver' does not contain a definition for 'IsActive' and no accessible extension method 'IsActive' accepting a first argument of type 'Driver' could be found (are you missing a using directive or an assembly reference?) [D:\a\BusBuddy-2\BusBuddy-2\BusBuddy.WPF\BusBuddy.WPF_g45a0jvv_wpftmp.csproj]
ğŸ—ï¸ Build & Test	UNKNOWN STEP	2025-07-26T21:31:22.0691652Z ##[error]D:\a\BusBuddy-2\BusBuddy-2\BusBuddy.WPF\ViewModels\Sports\SportsSchedulerViewModel.cs(250,72): error CS0103: The name 'DestinationTypes' does not exist in the current context [D:\a\BusBuddy-2\BusBuddy-2\BusBuddy.WPF\BusBuddy.WPF_g45a0jvv_wpftmp.csproj]
ğŸ—ï¸ Build & Test	UNKNOWN STEP	2025-07-26T21:31:22.0695663Z ##[error]D:\a\BusBuddy-2\BusBuddy-2\BusBuddy.WPF\ViewModels\Sports\SportsSchedulerViewModel.cs(278,49): error CS1503: Argument 3: cannot convert from 'method group' to 'object' [D:\a\BusBuddy-2\BusBuddy-2\BusBuddy.WPF\BusBuddy.WPF_g45a0jvv_wpftmp.csproj]
ğŸ—ï¸ Build & Test	UNKNOWN STEP	2025-07-26T21:31:22.0699657Z ##[error]D:\a\BusBuddy-2\BusBuddy-2\BusBuddy.WPF\ViewModels\Sports\SportsSchedulerViewModel.cs(278,65): error CS1503: Argument 4: cannot convert from 'method group' to 'object' [D:\a\BusBuddy-2\BusBuddy-2\BusBuddy.WPF\BusBuddy.WPF_g45a0jvv_wpftmp.csproj]
ğŸ—ï¸ Build & Test	UNKNOWN STEP	2025-07-26T21:31:22.0703666Z ##[error]D:\a\BusBuddy-2\BusBuddy-2\BusBuddy.WPF\ViewModels\Sports\SportsSchedulerViewModel.cs(278,80): error CS1503: Argument 5: cannot convert from 'method group' to 'object' [D:\a\BusBuddy-2\BusBuddy-2\BusBuddy.WPF\BusBuddy.WPF_g45a0jvv_wpftmp.csproj]
ğŸ—ï¸ Build & Test	UNKNOWN STEP	2025-07-26T21:31:22.0709481Z ##[warning]D:\a\BusBuddy-2\BusBuddy-2\BusBuddy.WPF\ViewModels\Sports\SportsSchedulerViewModel.cs(509,28): warning CS1998: This async method lacks 'await' operators and will run synchronously. Consider using the 'await' operator to await non-blocking API calls, or 'await Task.Run(...)' to do CPU-bound work on a background thread. [D:\a\BusBuddy-2\BusBuddy-2\BusBuddy.WPF\BusBuddy.WPF_g45a0jvv_wpftmp.csproj]
ğŸ—ï¸ Build & Test	UNKNOWN STEP	2025-07-26T21:31:22.0716067Z ##[warning]D:\a\BusBuddy-2\BusBuddy-2\BusBuddy.WPF\ViewModels\Sports\SportsSchedulerViewModel.cs(516,28): warning CS1998: This async method lacks 'await' operators and will run synchronously. Consider using the 'await' operator to await non-blocking API calls, or 'await Task.Run(...)' to do CPU-bound work on a background thread. [D:\a\BusBuddy-2\BusBuddy-2\BusBuddy.WPF\BusBuddy.WPF_g45a0jvv_wpftmp.csproj]
ğŸ—ï¸ Build & Test	UNKNOWN STEP	2025-07-26T21:31:22.0723270Z ##[error]D:\a\BusBuddy-2\BusBuddy-2\BusBuddy.WPF\ViewModels\Sports\SportsSchedulerViewModel.cs(567,49): error CS1061: 'RelayCommand' does not contain a definition for 'RaiseCanExecuteChanged' and no accessible extension method 'RaiseCanExecuteChanged' accepting a first argument of type 'RelayCommand' could be found (are you missing a using directive or an assembly reference?) [D:\a\BusBuddy-2\BusBuddy-2\BusBuddy.WPF\BusBuddy.WPF_g45a0jvv_wpftmp.csproj]
ğŸ—ï¸ Build & Test	UNKNOWN STEP	2025-07-26T21:31:22.0730648Z ##[error]D:\a\BusBuddy-2\BusBuddy-2\BusBuddy.WPF\ViewModels\Sports\SportsSchedulerViewModel.cs(568,51): error CS1061: 'RelayCommand' does not contain a definition for 'RaiseCanExecuteChanged' and no accessible extension method 'RaiseCanExecuteChanged' accepting a first argument of type 'RelayCommand' could be found (are you missing a using directive or an assembly reference?) [D:\a\BusBuddy-2\BusBuddy-2\BusBuddy.WPF\BusBuddy.WPF_g45a0jvv_wpftmp.csproj]
ğŸ—ï¸ Build & Test	UNKNOWN STEP	2025-07-26T21:31:22.0738477Z ##[error]D:\a\BusBuddy-2\BusBuddy-2\BusBuddy.WPF\ViewModels\Sports\SportsSchedulerViewModel.cs(569,50): error CS1061: 'RelayCommand' does not contain a definition for 'RaiseCanExecuteChanged' and no accessible extension method 'RaiseCanExecuteChanged' accepting a first argument of type 'RelayCommand' could be found (are you missing a using directive or an assembly reference?) [D:\a\BusBuddy-2\BusBuddy-2\BusBuddy.WPF\BusBuddy.WPF_g45a0jvv_wpftmp.csproj]
ğŸ—ï¸ Build & Test	UNKNOWN STEP	2025-07-26T21:31:22.0746752Z ##[error]D:\a\BusBuddy-2\BusBuddy-2\BusBuddy.WPF\ViewModels\Sports\SportsSchedulerViewModel.cs(570,49): error CS1061: 'RelayCommand' does not contain a definition for 'RaiseCanExecuteChanged' and no accessible extension method 'RaiseCanExecuteChanged' accepting a first argument of type 'RelayCommand' could be found (are you missing a using directive or an assembly reference?) [D:\a\BusBuddy-2\BusBuddy-2\BusBuddy.WPF\BusBuddy.WPF_g45a0jvv_wpftmp.csproj]
ğŸ—ï¸ Build & Test	UNKNOWN STEP	2025-07-26T21:31:22.0751433Z CSC : warning CA1016: Mark assemblies with assembly version (https://learn.microsoft.com/dotnet/fundamentals/code-analysis/quality-rules/ca1016) [D:\a\BusBuddy-2\BusBuddy-2\BusBuddy.WPF\BusBuddy.WPF_g45a0jvv_wpftmp.csproj]
ğŸ—ï¸ Build & Test	UNKNOWN STEP	2025-07-26T21:31:22.0756492Z ##[warning]D:\a\BusBuddy-2\BusBuddy-2\BusBuddy.WPF\Utilities\DebugOutputFilter.cs(356,21): warning CA1860: Prefer comparing 'Count' to 0 rather than using 'Any()', both for clarity and for performance (https://learn.microsoft.com/dotnet/fundamentals/code-analysis/quality-rules/ca1860) [D:\a\BusBuddy-2\BusBuddy-2\BusBuddy.WPF\BusBuddy.WPF_g45a0jvv_wpftmp.csproj]
ğŸ—ï¸ Build & Test	UNKNOWN STEP	2025-07-26T21:31:22.0763868Z ##[warning]D:\a\BusBuddy-2\BusBuddy-2\BusBuddy.WPF\Utilities\DebugOutputFilter.cs(410,35): warning CA1869: Avoid creating a new 'JsonSerializerOptions' instance for every serialization operation. Cache and reuse instances instead. (https://learn.microsoft.com/dotnet/fundamentals/code-analysis/quality-rules/ca1869) [D:\a\BusBuddy-2\BusBuddy-2\BusBuddy.WPF\BusBuddy.WPF_g45a0jvv_wpftmp.csproj]
ğŸ—ï¸ Build & Test	UNKNOWN STEP	2025-07-26T21:31:22.0770463Z ##[warning]D:\a\BusBuddy-2\BusBuddy-2\BusBuddy.WPF\Views\Activity\ActivityScheduleEditDialog.xaml.cs(353,17): warning CA1860: Prefer comparing 'Count' to 0 rather than using 'Any()', both for clarity and for performance (https://learn.microsoft.com/dotnet/fundamentals/code-analysis/quality-rules/ca1860) [D:\a\BusBuddy-2\BusBuddy-2\BusBuddy.WPF\BusBuddy.WPF_g45a0jvv_wpftmp.csproj]
ğŸ—ï¸ Build & Test	UNKNOWN STEP	2025-07-26T21:31:22.0777388Z ##[warning]D:\a\BusBuddy-2\BusBuddy-2\BusBuddy.WPF\Logging\UIOperationEnricher.cs(43,89): warning CA1840: Use 'Environment.CurrentManagedThreadId' instead of 'Thread.CurrentThread.ManagedThreadId' (https://learn.microsoft.com/dotnet/fundamentals/code-analysis/quality-rules/ca1840) [D:\a\BusBuddy-2\BusBuddy-2\BusBuddy.WPF\BusBuddy.WPF_g45a0jvv_wpftmp.csproj]
ğŸ—ï¸ Build & Test	UNKNOWN STEP	2025-07-26T21:31:22.0783322Z ##[warning]D:\a\BusBuddy-2\BusBuddy-2\BusBuddy.WPF\Utilities\ResourceDictionaryValidator.cs(51,45): warning CA1868: Do not guard 'HashSet.Add(string)' with 'HashSet.Contains(string)' (https://learn.microsoft.com/dotnet/fundamentals/code-analysis/quality-rules/ca1868) [D:\a\BusBuddy-2\BusBuddy-2\BusBuddy.WPF\BusBuddy.WPF_g45a0jvv_wpftmp.csproj]
ğŸ—ï¸ Build & Test	UNKNOWN STEP	2025-07-26T21:31:22.0799931Z ##[warning]D:\a\BusBuddy-2\BusBuddy-2\BusBuddy.WPF\Utilities\ResourceDictionaryValidator.cs(136,21): warning CA1854: Prefer a 'TryGetValue' call over a Dictionary indexer access guarded by a 'ContainsKey' check to avoid double lookup (https://learn.microsoft.com/dotnet/fundamentals/code-analysis/quality-rules/ca1854) [D:\a\BusBuddy-2\BusBuddy-2\BusBuddy.WPF\BusBuddy.WPF_g45a0jvv_wpftmp.csproj]
ğŸ—ï¸ Build & Test	UNKNOWN STEP	2025-07-26T21:31:22.0806838Z ##[warning]D:\a\BusBuddy-2\BusBuddy-2\BusBuddy.WPF\Utilities\ResourceDictionaryValidator.cs(191,33): warning CA1868: Do not guard 'HashSet.Add(string)' with 'HashSet.Contains(string)' (https://learn.microsoft.com/dotnet/fundamentals/code-analysis/quality-rules/ca1868) [D:\a\BusBuddy-2\BusBuddy-2\BusBuddy.WPF\BusBuddy.WPF_g45a0jvv_wpftmp.csproj]
ğŸ—ï¸ Build & Test	UNKNOWN STEP	2025-07-26T21:31:22.0812306Z ##[warning]D:\a\BusBuddy-2\BusBuddy-2\BusBuddy.WPF\Utilities\ResourceDictionaryDuplicateKeyResolver.cs(71,43): warning CA1309: Use ordinal string comparison (https://learn.microsoft.com/dotnet/fundamentals/code-analysis/quality-rules/ca1309) [D:\a\BusBuddy-2\BusBuddy-2\BusBuddy.WPF\BusBuddy.WPF_g45a0jvv_wpftmp.csproj]
ğŸ—ï¸ Build & Test	UNKNOWN STEP	2025-07-26T21:31:22.0818233Z ##[warning]D:\a\BusBuddy-2\BusBuddy-2\BusBuddy.WPF\Utilities\ResourceDictionaryDuplicateKeyResolver.cs(76,48): warning CA1309: Use ordinal string comparison (https://learn.microsoft.com/dotnet/fundamentals/code-analysis/quality-rules/ca1309) [D:\a\BusBuddy-2\BusBuddy-2\BusBuddy.WPF\BusBuddy.WPF_g45a0jvv_wpftmp.csproj]
ğŸ—ï¸ Build & Test	UNKNOWN STEP	2025-07-26T21:31:22.0827003Z ##[warning]D:\a\BusBuddy-2\BusBuddy-2\BusBuddy.WPF\Utilities\ResourceDictionaryDuplicateKeyResolver.cs(95,29): warning CA1868: Do not guard 'HashSet.Add(string)' with 'HashSet.Contains(string)' (https://learn.microsoft.com/dotnet/fundamentals/code-analysis/quality-rules/ca1868) [D:\a\BusBuddy-2\BusBuddy-2\BusBuddy.WPF\BusBuddy.WPF_g45a0jvv_wpftmp.csproj]
ğŸ—ï¸ Build & Test	UNKNOWN STEP	2025-07-26T21:31:22.0834472Z ##[warning]D:\a\BusBuddy-2\BusBuddy-2\BusBuddy.WPF\Logging\BusBuddyContextEnricher.cs(77,20): warning CA1840: Use 'Environment.CurrentManagedThreadId' instead of 'Thread.CurrentThread.ManagedThreadId' (https://learn.microsoft.com/dotnet/fundamentals/code-analysis/quality-rules/ca1840) [D:\a\BusBuddy-2\BusBuddy-2\BusBuddy.WPF\BusBuddy.WPF_g45a0jvv_wpftmp.csproj]
ğŸ—ï¸ Build & Test	UNKNOWN STEP	2025-07-26T21:31:22.0840779Z ##[warning]D:\a\BusBuddy-2\BusBuddy-2\BusBuddy.WPF\Logging\CondensedLogFormatter.cs(145,27): warning CA1845: Use span-based 'string.Concat' and 'AsSpan' instead of 'Substring' (https://learn.microsoft.com/dotnet/fundamentals/code-analysis/quality-rules/ca1845) [D:\a\BusBuddy-2\BusBuddy-2\BusBuddy.WPF\BusBuddy.WPF_g45a0jvv_wpftmp.csproj]
ğŸ—ï¸ Build & Test	UNKNOWN STEP	2025-07-26T21:31:22.0851732Z ##[warning]D:\a\BusBuddy-2\BusBuddy-2\BusBuddy.WPF\Utilities\DebugOutputFilter.cs(545,18): warning CA1860: Prefer comparing 'Count' to 0 rather than using 'Any()', both for clarity and for performance (https://learn.microsoft.com/dotnet/fundamentals/code-analysis/quality-rules/ca1860) [D:\a\BusBuddy-2\BusBuddy-2\BusBuddy.WPF\BusBuddy.WPF_g45a0jvv_wpftmp.csproj]
ğŸ—ï¸ Build & Test	UNKNOWN STEP	2025-07-26T21:31:22.0857307Z ##[warning]D:\a\BusBuddy-2\BusBuddy-2\BusBuddy.WPF\Utilities\DebugOutputFilter.cs(745,43): warning CA1861: Prefer 'static readonly' fields over constant array arguments if the called method is called repeatedly and is not mutating the passed array (https://learn.microsoft.com/dotnet/fundamentals/code-analysis/quality-rules/ca1861) [D:\a\BusBuddy-2\BusBuddy-2\BusBuddy.WPF\BusBuddy.WPF_g45a0jvv_wpftmp.csproj]
ğŸ—ï¸ Build & Test	UNKNOWN STEP	2025-07-26T21:31:22.0862150Z ##[warning]D:\a\BusBuddy-2\BusBuddy-2\BusBuddy.WPF\Utilities\DebugOutputFilter.cs(827,58): warning CA1311: Specify a culture or use an invariant version to avoid implicit dependency on current culture (https://learn.microsoft.com/dotnet/fundamentals/code-analysis/quality-rules/ca1311) [D:\a\BusBuddy-2\BusBuddy-2\BusBuddy.WPF\BusBuddy.WPF_g45a0jvv_wpftmp.csproj]
ğŸ—ï¸ Build & Test	UNKNOWN STEP	2025-07-26T21:31:22.0865972Z ##[warning]D:\a\BusBuddy-2\BusBuddy-2\BusBuddy.WPF\Utilities\DebugOutputFilter.cs(812,28): warning CA1840: Use 'Environment.CurrentManagedThreadId' instead of 'Thread.CurrentThread.ManagedThreadId' (https://learn.microsoft.com/dotnet/fundamentals/code-analysis/quality-rules/ca1840) [D:\a\BusBuddy-2\BusBuddy-2\BusBuddy.WPF\BusBuddy.WPF_g45a0jvv_wpftmp.csproj]
ğŸ—ï¸ Build & Test	UNKNOWN STEP	2025-07-26T21:31:22.0877107Z ##[warning]D:\a\BusBuddy-2\BusBuddy-2\BusBuddy.WPF\Utilities\DebugOutputFilter.cs(913,20): warning CA1854: Prefer a 'TryGetValue' call over a Dictionary indexer access guarded by a 'ContainsKey' check to avoid double lookup (https://learn.microsoft.com/dotnet/fundamentals/code-analysis/quality-rules/ca1854) [D:\a\BusBuddy-2\BusBuddy-2\BusBuddy.WPF\BusBuddy.WPF_g45a0jvv_wpftmp.csproj]
ğŸ—ï¸ Build & Test	UNKNOWN STEP	2025-07-26T21:31:22.0898566Z ##[warning]D:\a\BusBuddy-2\BusBuddy-2\BusBuddy.WPF\Utilities\DebugOutputFilter.cs(975,32): warning CA1311: Specify a culture or use an invariant version to avoid implicit dependency on current culture (https://learn.microsoft.com/dotnet/fundamentals/code-analysis/quality-rules/ca1311) [D:\a\BusBuddy-2\BusBuddy-2\BusBuddy.WPF\BusBuddy.WPF_g45a0jvv_wpftmp.csproj]
ğŸ—ï¸ Build & Test	UNKNOWN STEP	2025-07-26T21:31:22.0908083Z ##[warning]D:\a\BusBuddy-2\BusBuddy-2\BusBuddy.WPF\Utilities\DebugOutputFilter.cs(975,25): warning CA1862: Prefer using 'string.Equals(string, StringComparison)' to perform a case-insensitive comparison, but keep in mind that this might cause subtle changes in behavior, so make sure to conduct thorough testing after applying the suggestion, or if culturally sensitive comparison is not required, consider using 'StringComparison.OrdinalIgnoreCase' (https://learn.microsoft.com/dotnet/fundamentals/code-analysis/quality-rules/ca1862) [D:\a\BusBuddy-2\BusBuddy-2\BusBuddy.WPF\BusBuddy.WPF_g45a0jvv_wpftmp.csproj]
ğŸ—ï¸ Build & Test	UNKNOWN STEP	2025-07-26T21:31:22.0915508Z ##[warning]D:\a\BusBuddy-2\BusBuddy-2\BusBuddy.WPF\Utilities\PerformanceOptimizer.cs(180,40): warning CA1840: Use 'Environment.CurrentManagedThreadId' instead of 'Thread.CurrentThread.ManagedThreadId' (https://learn.microsoft.com/dotnet/fundamentals/code-analysis/quality-rules/ca1840) [D:\a\BusBuddy-2\BusBuddy-2\BusBuddy.WPF\BusBuddy.WPF_g45a0jvv_wpftmp.csproj]
ğŸ—ï¸ Build & Test	UNKNOWN STEP	2025-07-26T21:31:22.0921414Z ##[warning]D:\a\BusBuddy-2\BusBuddy-2\BusBuddy.WPF\Logging\StartupExceptionEnricher.cs(381,20): warning CA1860: Prefer comparing 'Count' to 0 rather than using 'Any()', both for clarity and for performance (https://learn.microsoft.com/dotnet/fundamentals/code-analysis/quality-rules/ca1860) [D:\a\BusBuddy-2\BusBuddy-2\BusBuddy.WPF\BusBuddy.WPF_g45a0jvv_wpftmp.csproj]
ğŸ—ï¸ Build & Test	UNKNOWN STEP	2025-07-26T21:31:22.0927179Z ##[warning]D:\a\BusBuddy-2\BusBuddy-2\BusBuddy.WPF\Logging\StartupExceptionEnricher.cs(448,20): warning CA1860: Prefer comparing 'Count' to 0 rather than using 'Any()', both for clarity and for performance (https://learn.microsoft.com/dotnet/fundamentals/code-analysis/quality-rules/ca1860) [D:\a\BusBuddy-2\BusBuddy-2\BusBuddy.WPF\BusBuddy.WPF_g45a0jvv_wpftmp.csproj]
ğŸ—ï¸ Build & Test	UNKNOWN STEP	2025-07-26T21:31:22.0933157Z ##[warning]D:\a\BusBuddy-2\BusBuddy-2\BusBuddy.WPF\Utilities\FormatUtils.cs(73,31): warning CA1311: Specify a culture or use an invariant version to avoid implicit dependency on current culture (https://learn.microsoft.com/dotnet/fundamentals/code-analysis/quality-rules/ca1311) [D:\a\BusBuddy-2\BusBuddy-2\BusBuddy.WPF\BusBuddy.WPF_g45a0jvv_wpftmp.csproj]
ğŸ—ï¸ Build & Test	UNKNOWN STEP	2025-07-26T21:31:22.0978019Z ##[warning]D:\a\BusBuddy-2\BusBuddy-2\BusBuddy.WPF\Utilities\FormatUtils.cs(75,66): warning CA1311: Specify a culture or use an invariant version to avoid implicit dependency on current culture (https://learn.microsoft.com/dotnet/fundamentals/code-analysis/quality-rules/ca1311) [D:\a\BusBuddy-2\BusBuddy-2\BusBuddy.WPF\BusBuddy.WPF_g45a0jvv_wpftmp.csproj]
ğŸ—ï¸ Build & Test	UNKNOWN STEP	2025-07-26T21:31:22.0994906Z ##[warning]D:\a\BusBuddy-2\BusBuddy-2\BusBuddy.WPF\Utilities\PerformanceOptimizer.cs(321,25): warning CA1836: Prefer 'IsEmpty' over 'Count' to determine whether the object is empty (https://learn.microsoft.com/dotnet/fundamentals/code-analysis/quality-rules/ca1836) [D:\a\BusBuddy-2\BusBuddy-2\BusBuddy.WPF\BusBuddy.WPF_g45a0jvv_wpftmp.csproj]
ğŸ—ï¸ Build & Test	UNKNOWN STEP	2025-07-26T21:31:22.1001009Z ##[warning]D:\a\BusBuddy-2\BusBuddy-2\BusBuddy.WPF\Utilities\PerformanceOptimizer.cs(358,22): warning CA1854: Prefer a 'TryGetValue' call over a Dictionary indexer access guarded by a 'ContainsKey' check to avoid double lookup (https://learn.microsoft.com/dotnet/fundamentals/code-analysis/quality-rules/ca1854) [D:\a\BusBuddy-2\BusBuddy-2\BusBuddy.WPF\BusBuddy.WPF_g45a0jvv_wpftmp.csproj]
ğŸ—ï¸ Build & Test	UNKNOWN STEP	2025-07-26T21:31:22.1009709Z ##[warning]D:\a\BusBuddy-2\BusBuddy-2\BusBuddy.WPF\Utilities\LogConsolidationUtility.cs(61,30): warning CA1310: The behavior of 'string.StartsWith(string)' could vary based on the current user's locale settings. Replace this call in 'BusBuddy.WPF.Utilities.LogConsolidationUtility.ConsolidateScatteredLogs()' with a call to 'string.StartsWith(string, System.StringComparison)'. (https://learn.microsoft.com/dotnet/fundamentals/code-analysis/quality-rules/ca1310) [D:\a\BusBuddy-2\BusBuddy-2\BusBuddy.WPF\BusBuddy.WPF_g45a0jvv_wpftmp.csproj]
ğŸ—ï¸ Build & Test	UNKNOWN STEP	2025-07-26T21:31:22.1016978Z ##[warning]D:\a\BusBuddy-2\BusBuddy-2\BusBuddy.WPF\ViewModels\Sports\SportsSchedulerViewModel.cs(226,52): warning CA1311: Specify a culture or use an invariant version to avoid implicit dependency on current culture (https://learn.microsoft.com/dotnet/fundamentals/code-analysis/quality-rules/ca1311) [D:\a\BusBuddy-2\BusBuddy-2\BusBuddy.WPF\BusBuddy.WPF_g45a0jvv_wpftmp.csproj]
ğŸ—ï¸ Build & Test	UNKNOWN STEP	2025-07-26T21:31:22.1023458Z ##[warning]D:\a\BusBuddy-2\BusBuddy-2\BusBuddy.WPF\ViewModels\Sports\SportsSchedulerViewModel.cs(227,51): warning CA1311: Specify a culture or use an invariant version to avoid implicit dependency on current culture (https://learn.microsoft.com/dotnet/fundamentals/code-analysis/quality-rules/ca1311) [D:\a\BusBuddy-2\BusBuddy-2\BusBuddy.WPF\BusBuddy.WPF_g45a0jvv_wpftmp.csproj]
ğŸ—ï¸ Build & Test	UNKNOWN STEP	2025-07-26T21:31:22.1029718Z ##[warning]D:\a\BusBuddy-2\BusBuddy-2\BusBuddy.WPF\ViewModels\Sports\SportsSchedulerViewModel.cs(228,51): warning CA1311: Specify a culture or use an invariant version to avoid implicit dependency on current culture (https://learn.microsoft.com/dotnet/fundamentals/code-analysis/quality-rules/ca1311) [D:\a\BusBuddy-2\BusBuddy-2\BusBuddy.WPF\BusBuddy.WPF_g45a0jvv_wpftmp.csproj]
ğŸ—ï¸ Build & Test	UNKNOWN STEP	2025-07-26T21:31:22.1035914Z ##[warning]D:\a\BusBuddy-2\BusBuddy-2\BusBuddy.WPF\ViewModels\Sports\SportsSchedulerViewModel.cs(229,51): warning CA1311: Specify a culture or use an invariant version to avoid implicit dependency on current culture (https://learn.microsoft.com/dotnet/fundamentals/code-analysis/quality-rules/ca1311) [D:\a\BusBuddy-2\BusBuddy-2\BusBuddy.WPF\BusBuddy.WPF_g45a0jvv_wpftmp.csproj]
ğŸ—ï¸ Build & Test	UNKNOWN STEP	2025-07-26T21:31:22.1042235Z ##[warning]D:\a\BusBuddy-2\BusBuddy-2\BusBuddy.WPF\ViewModels\Sports\SportsSchedulerViewModel.cs(230,51): warning CA1311: Specify a culture or use an invariant version to avoid implicit dependency on current culture (https://learn.microsoft.com/dotnet/fundamentals/code-analysis/quality-rules/ca1311) [D:\a\BusBuddy-2\BusBuddy-2\BusBuddy.WPF\BusBuddy.WPF_g45a0jvv_wpftmp.csproj]
ğŸ—ï¸ Build & Test	UNKNOWN STEP	2025-07-26T21:31:22.1052324Z ##[warning]D:\a\BusBuddy-2\BusBuddy-2\BusBuddy.WPF\ViewModels\Sports\SportsSchedulerViewModel.cs(226,37): warning CA1862: Prefer the string comparison method overload of 'string.Contains(string)' that takes a 'StringComparison' enum value to perform a case-insensitive comparison, but keep in mind that this might cause subtle changes in behavior, so make sure to conduct thorough testing after applying the suggestion, or if culturally sensitive comparison is not required, consider using 'StringComparison.OrdinalIgnoreCase' (https://learn.microsoft.com/dotnet/fundamentals/code-analysis/quality-rules/ca1862) [D:\a\BusBuddy-2\BusBuddy-2\BusBuddy.WPF\BusBuddy.WPF_g45a0jvv_wpftmp.csproj]
ğŸ—ï¸ Build & Test	UNKNOWN STEP	2025-07-26T21:31:22.1064121Z ##[warning]D:\a\BusBuddy-2\BusBuddy-2\BusBuddy.WPF\ViewModels\Sports\SportsSchedulerViewModel.cs(227,36): warning CA1862: Prefer the string comparison method overload of 'string.Contains(string)' that takes a 'StringComparison' enum value to perform a case-insensitive comparison, but keep in mind that this might cause subtle changes in behavior, so make sure to conduct thorough testing after applying the suggestion, or if culturally sensitive comparison is not required, consider using 'StringComparison.OrdinalIgnoreCase' (https://learn.microsoft.com/dotnet/fundamentals/code-analysis/quality-rules/ca1862) [D:\a\BusBuddy-2\BusBuddy-2\BusBuddy.WPF\BusBuddy.WPF_g45a0jvv_wpftmp.csproj]
ğŸ—ï¸ Build & Test	UNKNOWN STEP	2025-07-26T21:31:22.1075829Z ##[warning]D:\a\BusBuddy-2\BusBuddy-2\BusBuddy.WPF\ViewModels\Sports\SportsSchedulerViewModel.cs(228,36): warning CA1862: Prefer the string comparison method overload of 'string.Contains(string)' that takes a 'StringComparison' enum value to perform a case-insensitive comparison, but keep in mind that this might cause subtle changes in behavior, so make sure to conduct thorough testing after applying the suggestion, or if culturally sensitive comparison is not required, consider using 'StringComparison.OrdinalIgnoreCase' (https://learn.microsoft.com/dotnet/fundamentals/code-analysis/quality-rules/ca1862) [D:\a\BusBuddy-2\BusBuddy-2\BusBuddy.WPF\BusBuddy.WPF_g45a0jvv_wpftmp.csproj]
ğŸ—ï¸ Build & Test	UNKNOWN STEP	2025-07-26T21:31:22.1087493Z ##[warning]D:\a\BusBuddy-2\BusBuddy-2\BusBuddy.WPF\ViewModels\Sports\SportsSchedulerViewModel.cs(229,36): warning CA1862: Prefer the string comparison method overload of 'string.Contains(string)' that takes a 'StringComparison' enum value to perform a case-insensitive comparison, but keep in mind that this might cause subtle changes in behavior, so make sure to conduct thorough testing after applying the suggestion, or if culturally sensitive comparison is not required, consider using 'StringComparison.OrdinalIgnoreCase' (https://learn.microsoft.com/dotnet/fundamentals/code-analysis/quality-rules/ca1862) [D:\a\BusBuddy-2\BusBuddy-2\BusBuddy.WPF\BusBuddy.WPF_g45a0jvv_wpftmp.csproj]
ğŸ—ï¸ Build & Test	UNKNOWN STEP	2025-07-26T21:31:22.1099637Z ##[warning]D:\a\BusBuddy-2\BusBuddy-2\BusBuddy.WPF\ViewModels\Sports\SportsSchedulerViewModel.cs(230,36): warning CA1862: Prefer the string comparison method overload of 'string.Contains(string)' that takes a 'StringComparison' enum value to perform a case-insensitive comparison, but keep in mind that this might cause subtle changes in behavior, so make sure to conduct thorough testing after applying the suggestion, or if culturally sensitive comparison is not required, consider using 'StringComparison.OrdinalIgnoreCase' (https://learn.microsoft.com/dotnet/fundamentals/code-analysis/quality-rules/ca1862) [D:\a\BusBuddy-2\BusBuddy-2\BusBuddy.WPF\BusBuddy.WPF_g45a0jvv_wpftmp.csproj]
ğŸ—ï¸ Build & Test	UNKNOWN STEP	2025-07-26T21:31:22.1111034Z ##[warning]D:\a\BusBuddy-2\BusBuddy-2\BusBuddy.WPF\ViewModels\Sports\SportsSchedulerViewModel.cs(302,61): warning CA1311: Specify a culture or use an invariant version to avoid implicit dependency on current culture (https://learn.microsoft.com/dotnet/fundamentals/code-analysis/quality-rules/ca1311) [D:\a\BusBuddy-2\BusBuddy-2\BusBuddy.WPF\BusBuddy.WPF_g45a0jvv_wpftmp.csproj]
ğŸ—ï¸ Build & Test	UNKNOWN STEP	2025-07-26T21:31:22.1117460Z ##[warning]D:\a\BusBuddy-2\BusBuddy-2\BusBuddy.WPF\ViewModels\Sports\SportsSchedulerViewModel.cs(302,92): warning CA1311: Specify a culture or use an invariant version to avoid implicit dependency on current culture (https://learn.microsoft.com/dotnet/fundamentals/code-analysis/quality-rules/ca1311) [D:\a\BusBuddy-2\BusBuddy-2\BusBuddy.WPF\BusBuddy.WPF_g45a0jvv_wpftmp.csproj]
ğŸ—ï¸ Build & Test	UNKNOWN STEP	2025-07-26T21:31:22.1130735Z ##[warning]D:\a\BusBuddy-2\BusBuddy-2\BusBuddy.WPF\ViewModels\Sports\SportsSchedulerViewModel.cs(302,46): warning CA1862: Prefer the string comparison method overload of 'string.Contains(string)' that takes a 'StringComparison' enum value to perform a case-insensitive comparison, but keep in mind that this might cause subtle changes in behavior, so make sure to conduct thorough testing after applying the suggestion, or if culturally sensitive comparison is not required, consider using 'StringComparison.OrdinalIgnoreCase' (https://learn.microsoft.com/dotnet/fundamentals/code-analysis/quality-rules/ca1862) [D:\a\BusBuddy-2\BusBuddy-2\BusBuddy.WPF\BusBuddy.WPF_g45a0jvv_wpftmp.csproj]
ğŸ—ï¸ Build & Test	UNKNOWN STEP	2025-07-26T21:31:22.1141508Z ##[warning]D:\a\BusBuddy-2\BusBuddy-2\BusBuddy.WPF\ViewModels\Sports\SportsSchedulerViewModel.cs(321,98): warning CA1311: Specify a culture or use an invariant version to avoid implicit dependency on current culture (https://learn.microsoft.com/dotnet/fundamentals/code-analysis/quality-rules/ca1311) [D:\a\BusBuddy-2\BusBuddy-2\BusBuddy.WPF\BusBuddy.WPF_g45a0jvv_wpftmp.csproj]
ğŸ—ï¸ Build & Test	UNKNOWN STEP	2025-07-26T21:31:22.1153751Z ##[warning]D:\a\BusBuddy-2\BusBuddy-2\BusBuddy.WPF\ViewModels\Sports\SportsSchedulerViewModel.cs(321,84): warning CA1862: Prefer the string comparison method overload of 'string.Contains(string)' that takes a 'StringComparison' enum value to perform a case-insensitive comparison, but keep in mind that this might cause subtle changes in behavior, so make sure to conduct thorough testing after applying the suggestion, or if culturally sensitive comparison is not required, consider using 'StringComparison.OrdinalIgnoreCase' (https://learn.microsoft.com/dotnet/fundamentals/code-analysis/quality-rules/ca1862) [D:\a\BusBuddy-2\BusBuddy-2\BusBuddy.WPF\BusBuddy.WPF_g45a0jvv_wpftmp.csproj]
ğŸ—ï¸ Build & Test	UNKNOWN STEP	2025-07-26T21:31:22.1161884Z ##[warning]D:\a\BusBuddy-2\BusBuddy-2\BusBuddy.WPF\ViewModels\Sports\SportsSchedulerViewModel.cs(484,21): warning CA1860: Prefer comparing 'Count' to 0 rather than using 'Any()', both for clarity and for performance (https://learn.microsoft.com/dotnet/fundamentals/code-analysis/quality-rules/ca1860) [D:\a\BusBuddy-2\BusBuddy-2\BusBuddy.WPF\BusBuddy.WPF_g45a0jvv_wpftmp.csproj]
ğŸ—ï¸ Build & Test	UNKNOWN STEP	2025-07-26T21:31:22.1168638Z ##[warning]D:\a\BusBuddy-2\BusBuddy-2\BusBuddy.WPF\Mapping\MappingProfile.cs(158,17): warning CA1860: Prefer comparing 'Count' to 0 rather than using 'Any()', both for clarity and for performance (https://learn.microsoft.com/dotnet/fundamentals/code-analysis/quality-rules/ca1860) [D:\a\BusBuddy-2\BusBuddy-2\BusBuddy.WPF\BusBuddy.WPF_g45a0jvv_wpftmp.csproj]
ğŸ—ï¸ Build & Test	UNKNOWN STEP	2025-07-26T21:31:22.1175981Z ##[warning]D:\a\BusBuddy-2\BusBuddy-2\BusBuddy.WPF\Utilities\LogConsolidationUtility.cs(198,58): warning CA1310: The behavior of 'string.StartsWith(string)' could vary based on the current user's locale settings. Replace this call in 'BusBuddy.WPF.Utilities.LogConsolidationUtility.GetLogStats()' with a call to 'string.StartsWith(string, System.StringComparison)'. (https://learn.microsoft.com/dotnet/fundamentals/code-analysis/quality-rules/ca1310) [D:\a\BusBuddy-2\BusBuddy-2\BusBuddy.WPF\BusBuddy.WPF_g45a0jvv_wpftmp.csproj]
ğŸ—ï¸ Build & Test	UNKNOWN STEP	2025-07-26T21:31:22.1184966Z ##[warning]D:\a\BusBuddy-2\BusBuddy-2\BusBuddy.WPF\Utilities\LogConsolidationUtility.cs(199,59): warning CA1310: The behavior of 'string.StartsWith(string)' could vary based on the current user's locale settings. Replace this call in 'BusBuddy.WPF.Utilities.LogConsolidationUtility.GetLogStats()' with a call to 'string.StartsWith(string, System.StringComparison)'. (https://learn.microsoft.com/dotnet/fundamentals/code-analysis/quality-rules/ca1310) [D:\a\BusBuddy-2\BusBuddy-2\BusBuddy.WPF\BusBuddy.WPF_g45a0jvv_wpftmp.csproj]
ğŸ—ï¸ Build & Test	UNKNOWN STEP	2025-07-26T21:31:22.1191419Z ##[warning]D:\a\BusBuddy-2\BusBuddy-2\BusBuddy.WPF\ViewModels\Activity\ActivityTimelineViewModel.cs(266,29): warning CA1311: Specify a culture or use an invariant version to avoid implicit dependency on current culture (https://learn.microsoft.com/dotnet/fundamentals/code-analysis/quality-rules/ca1311) [D:\a\BusBuddy-2\BusBuddy-2\BusBuddy.WPF\BusBuddy.WPF_g45a0jvv_wpftmp.csproj]
ğŸ—ï¸ Build & Test	UNKNOWN STEP	2025-07-26T21:31:22.1195459Z ##[warning]D:\a\BusBuddy-2\BusBuddy-2\BusBuddy.WPF\ViewModels\Bus\BusViewModel.cs(86,70): warning CA1311: Specify a culture or use an invariant version to avoid implicit dependency on current culture (https://learn.microsoft.com/dotnet/fundamentals/code-analysis/quality-rules/ca1311) [D:\a\BusBuddy-2\BusBuddy-2\BusBuddy.WPF\BusBuddy.WPF_g45a0jvv_wpftmp.csproj]
ğŸ—ï¸ Build & Test	UNKNOWN STEP	2025-07-26T21:31:22.1199415Z ##[warning]D:\a\BusBuddy-2\BusBuddy-2\BusBuddy.WPF\Services\MappingService.cs(62,13): warning CA1510: Use 'ArgumentNullException.ThrowIfNull' instead of explicitly throwing a new exception instance (https://learn.microsoft.com/dotnet/fundamentals/code-analysis/quality-rules/ca1510) [D:\a\BusBuddy-2\BusBuddy-2\BusBuddy.WPF\BusBuddy.WPF_g45a0jvv_wpftmp.csproj]
ğŸ—ï¸ Build & Test	UNKNOWN STEP	2025-07-26T21:31:22.1203159Z ##[warning]D:\a\BusBuddy-2\BusBuddy-2\BusBuddy.WPF\Services\Schedule\BusBuddyScheduleDataProvider.cs(157,30): warning CA1311: Specify a culture or use an invariant version to avoid implicit dependency on current culture (https://learn.microsoft.com/dotnet/fundamentals/code-analysis/quality-rules/ca1311) [D:\a\BusBuddy-2\BusBuddy-2\BusBuddy.WPF\BusBuddy.WPF_g45a0jvv_wpftmp.csproj]
ğŸ—ï¸ Build & Test	UNKNOWN STEP	2025-07-26T21:31:22.1207166Z ##[warning]D:\a\BusBuddy-2\BusBuddy-2\BusBuddy.WPF\Services\Schedule\BusBuddyScheduleDataProvider.cs(155,19): warning CA1859: Change return type of method 'GetBrushForActivityType' from 'System.Windows.Media.Brush' to 'System.Windows.Media.SolidColorBrush' for improved performance (https://learn.microsoft.com/dotnet/fundamentals/code-analysis/quality-rules/ca1859) [D:\a\BusBuddy-2\BusBuddy-2\BusBuddy.WPF\BusBuddy.WPF_g45a0jvv_wpftmp.csproj]
ğŸ—ï¸ Build & Test	UNKNOWN STEP	2025-07-26T21:31:22.1209831Z CSC : warning CA1824: Mark assemblies with NeutralResourcesLanguageAttribute (https://learn.microsoft.com/dotnet/fundamentals/code-analysis/quality-rules/ca1824) [D:\a\BusBuddy-2\BusBuddy-2\BusBuddy.WPF\BusBuddy.WPF_g45a0jvv_wpftmp.csproj]
ğŸ—ï¸ Build & Test	UNKNOWN STEP	2025-07-26T21:31:22.1214761Z ##[warning]D:\a\BusBuddy-2\BusBuddy-2\BusBuddy.WPF\Logging\StartupExceptionEnricher.cs(487,23): warning CA1852: Type 'StartupExceptionPattern' can be sealed because it has no subtypes in its containing assembly and is not externally visible (https://learn.microsoft.com/dotnet/fundamentals/code-analysis/quality-rules/ca1852) [D:\a\BusBuddy-2\BusBuddy-2\BusBuddy.WPF\BusBuddy.WPF_g45a0jvv_wpftmp.csproj]
ğŸ—ï¸ Build & Test	UNKNOWN STEP	2025-07-26T21:31:22.1220541Z ##[warning]D:\a\BusBuddy-2\BusBuddy-2\BusBuddy.WPF\Utilities\LoggingModeManager.cs(432,23): warning CA1852: Type 'LoggingScope' can be sealed because it has no subtypes in its containing assembly and is not externally visible (https://learn.microsoft.com/dotnet/fundamentals/code-analysis/quality-rules/ca1852) [D:\a\BusBuddy-2\BusBuddy-2\BusBuddy.WPF\BusBuddy.WPF_g45a0jvv_wpftmp.csproj]
ğŸ—ï¸ Build & Test	UNKNOWN STEP	2025-07-26T21:31:22.1227287Z ##[warning]D:\a\BusBuddy-2\BusBuddy-2\BusBuddy.WPF\Logging\LogAggregationEnricher.cs(189,23): warning CA1852: Type 'LogEventGroup' can be sealed because it has no subtypes in its containing assembly and is not externally visible (https://learn.microsoft.com/dotnet/fundamentals/code-analysis/quality-rules/ca1852) [D:\a\BusBuddy-2\BusBuddy-2\BusBuddy.WPF\BusBuddy.WPF_g45a0jvv_wpftmp.csproj]
ğŸ—ï¸ Build & Test	UNKNOWN STEP	2025-07-26T21:31:22.1230284Z 
ğŸ—ï¸ Build & Test	UNKNOWN STEP	2025-07-26T21:31:22.1230402Z Build FAILED.
ğŸ—ï¸ Build & Test	UNKNOWN STEP	2025-07-26T21:31:22.1230799Z 
ğŸ—ï¸ Build & Test	UNKNOWN STEP	2025-07-26T21:31:22.1234254Z D:\a\BusBuddy-2\BusBuddy-2\BusBuddy.Tests\BusBuddy.Tests.csproj : warning NU1504: Duplicate 'PackageReference' items found. Remove the duplicate items or use the Update functionality to ensure a consistent restore behavior. The duplicate 'PackageReference' items are: Microsoft.Extensions.Configuration 9.0.7, Microsoft.Extensions.Configuration 9.0.7; Microsoft.Extensions.Configuration.Json 9.0.7, Microsoft.Extensions.Configuration.Json 9.0.7; Microsoft.Extensions.DependencyInjection 9.0.7, Microsoft.Extensions.DependencyInjection 9.0.7.
ğŸ—ï¸ Build & Test	UNKNOWN STEP	2025-07-26T21:31:22.1239938Z D:\a\BusBuddy-2\BusBuddy-2\BusBuddy.UITests\BusBuddy.UITests.csproj : warning NU1504: Duplicate 'PackageReference' items found. Remove the duplicate items or use the Update functionality to ensure a consistent restore behavior. The duplicate 'PackageReference' items are: Microsoft.Extensions.DependencyInjection 9.0.7, Microsoft.Extensions.DependencyInjection 9.0.7.
ğŸ—ï¸ Build & Test	UNKNOWN STEP	2025-07-26T21:31:22.1245748Z ##[warning]D:\a\BusBuddy-2\BusBuddy-2\BusBuddy.Core\Services\XAIService.cs(608,53): warning CS1998: This async method lacks 'await' operators and will run synchronously. Consider using the 'await' operator to await non-blocking API calls, or 'await Task.Run(...)' to do CPU-bound work on a background thread. [D:\a\BusBuddy-2\BusBuddy-2\BusBuddy.Core\BusBuddy.Core.csproj]
ğŸ—ï¸ Build & Test	UNKNOWN STEP	2025-07-26T21:31:22.1251452Z ##[warning]D:\a\BusBuddy-2\BusBuddy-2\BusBuddy.Core\Models\BaseEntity.cs(37,45): warning CA1805: Member 'IsDeleted' is explicitly initialized to its default value (https://learn.microsoft.com/dotnet/fundamentals/code-analysis/quality-rules/ca1805) [D:\a\BusBuddy-2\BusBuddy-2\BusBuddy.Core\BusBuddy.Core.csproj]
ğŸ—ï¸ Build & Test	UNKNOWN STEP	2025-07-26T21:31:22.1256743Z ##[warning]D:\a\BusBuddy-2\BusBuddy-2\BusBuddy.Core\Data\Repositories\Repository.cs(17,42): warning CA1051: Do not declare visible instance fields (https://learn.microsoft.com/dotnet/fundamentals/code-analysis/quality-rules/ca1051) [D:\a\BusBuddy-2\BusBuddy-2\BusBuddy.Core\BusBuddy.Core.csproj]
ğŸ—ï¸ Build & Test	UNKNOWN STEP	2025-07-26T21:31:22.1261101Z ##[warning]D:\a\BusBuddy-2\BusBuddy-2\BusBuddy.Core\Data\Repositories\Repository.cs(18,33): warning CA1051: Do not declare visible instance fields (https://learn.microsoft.com/dotnet/fundamentals/code-analysis/quality-rules/ca1051) [D:\a\BusBuddy-2\BusBuddy-2\BusBuddy.Core\BusBuddy.Core.csproj]
ğŸ—ï¸ Build & Test	UNKNOWN STEP	2025-07-26T21:31:22.1265699Z ##[warning]D:\a\BusBuddy-2\BusBuddy-2\BusBuddy.Core\Data\Repositories\Repository.cs(19,44): warning CA1051: Do not declare visible instance fields (https://learn.microsoft.com/dotnet/fundamentals/code-analysis/quality-rules/ca1051) [D:\a\BusBuddy-2\BusBuddy-2\BusBuddy.Core\BusBuddy.Core.csproj]
ğŸ—ï¸ Build & Test	UNKNOWN STEP	2025-07-26T21:31:22.1271023Z ##[warning]D:\a\BusBuddy-2\BusBuddy-2\BusBuddy.Core\Configuration\EnhancedDatabaseStartup.cs(284,31): warning CA1860: Prefer comparing 'Count' to 0 rather than using 'Any()', both for clarity and for performance (https://learn.microsoft.com/dotnet/fundamentals/code-analysis/quality-rules/ca1860) [D:\a\BusBuddy-2\BusBuddy-2\BusBuddy.Core\BusBuddy.Core.csproj]
ğŸ—ï¸ Build & Test	UNKNOWN STEP	2025-07-26T21:31:22.1276795Z ##[warning]D:\a\BusBuddy-2\BusBuddy-2\BusBuddy.Core\Configuration\EnhancedDatabaseStartup.cs(141,36): warning CA1860: Prefer comparing 'Count' to 0 rather than using 'Any()', both for clarity and for performance (https://learn.microsoft.com/dotnet/fundamentals/code-analysis/quality-rules/ca1860) [D:\a\BusBuddy-2\BusBuddy-2\BusBuddy.Core\BusBuddy.Core.csproj]
ğŸ—ï¸ Build & Test	UNKNOWN STEP	2025-07-26T21:31:22.1285424Z ##[warning]D:\a\BusBuddy-2\BusBuddy-2\BusBuddy.Core\Data\UnitOfWork\UnitOfWork.cs(590,87): warning CA1725: In member Task<IEnumerable<ActivitySchedule>> ActivityScheduleRepository.GetSchedulesByDateAsync(DateTime date), change parameter name date to scheduleDate in order to match the identifier as it has been declared in Task<IEnumerable<ActivitySchedule>> IActivityScheduleRepository.GetSchedulesByDateAsync(DateTime scheduleDate) (https://learn.microsoft.com/dotnet/fundamentals/code-analysis/quality-rules/ca1725) [D:\a\BusBuddy-2\BusBuddy-2\BusBuddy.Core\BusBuddy.Core.csproj]
ğŸ—ï¸ Build & Test	UNKNOWN STEP	2025-07-26T21:31:22.1295766Z ##[warning]D:\a\BusBuddy-2\BusBuddy-2\BusBuddy.Core\Data\UnitOfWork\UnitOfWork.cs(595,84): warning CA1725: In member Task<bool> ActivityScheduleRepository.HasConflictAsync(int vehicleId, int driverId, DateTime date, TimeSpan startTime, TimeSpan endTime), change parameter name date to scheduleDate in order to match the identifier as it has been declared in Task<bool> IActivityScheduleRepository.HasConflictAsync(int vehicleId, int driverId, DateTime scheduleDate, TimeSpan startTime, TimeSpan endTime) (https://learn.microsoft.com/dotnet/fundamentals/code-analysis/quality-rules/ca1725) [D:\a\BusBuddy-2\BusBuddy-2\BusBuddy.Core\BusBuddy.Core.csproj]
ğŸ—ï¸ Build & Test	UNKNOWN STEP	2025-07-26T21:31:22.1303453Z ##[warning]D:\a\BusBuddy-2\BusBuddy-2\BusBuddy.Core\Data\UnitOfWork\UnitOfWork.cs(597,70): warning CA1725: In member IEnumerable<ActivitySchedule> ActivityScheduleRepository.GetSchedulesByDate(DateTime date), change parameter name date to scheduleDate in order to match the identifier as it has been declared in IEnumerable<ActivitySchedule> IActivityScheduleRepository.GetSchedulesByDate(DateTime scheduleDate) (https://learn.microsoft.com/dotnet/fundamentals/code-analysis/quality-rules/ca1725) [D:\a\BusBuddy-2\BusBuddy-2\BusBuddy.Core\BusBuddy.Core.csproj]
ğŸ—ï¸ Build & Test	UNKNOWN STEP	2025-07-26T21:31:22.1307874Z ##[warning]D:\a\BusBuddy-2\BusBuddy-2\BusBuddy.Core\Services\XAIService.cs(1042,43): warning CA1869: Avoid creating a new 'JsonSerializerOptions' instance for every serialization operation. Cache and reuse instances instead. (https://learn.microsoft.com/dotnet/fundamentals/code-analysis/quality-rules/ca1869) [D:\a\BusBuddy-2\BusBuddy-2\BusBuddy.Core\BusBuddy.Core.csproj]
ğŸ—ï¸ Build & Test	UNKNOWN STEP	2025-07-26T21:31:22.1311174Z ##[warning]D:\a\BusBuddy-2\BusBuddy-2\BusBuddy.Core\Services\XAIService.cs(1037,42): warning CA1847: Use 'string.Contains(char)' instead of 'string.Contains(string)' when searching for a single character (https://learn.microsoft.com/dotnet/fundamentals/code-analysis/quality-rules/ca1847) [D:\a\BusBuddy-2\BusBuddy-2\BusBuddy.Core\BusBuddy.Core.csproj]
ğŸ—ï¸ Build & Test	UNKNOWN STEP	2025-07-26T21:31:22.1314381Z ##[warning]D:\a\BusBuddy-2\BusBuddy-2\BusBuddy.Core\Services\XAIService.cs(1037,67): warning CA1847: Use 'string.Contains(char)' instead of 'string.Contains(string)' when searching for a single character (https://learn.microsoft.com/dotnet/fundamentals/code-analysis/quality-rules/ca1847) [D:\a\BusBuddy-2\BusBuddy-2\BusBuddy.Core\BusBuddy.Core.csproj]
ğŸ—ï¸ Build & Test	UNKNOWN STEP	2025-07-26T21:31:22.1319609Z ##[warning]D:\a\BusBuddy-2\BusBuddy-2\BusBuddy.Core\Data\UnitOfWork\UnitOfWork.cs(599,67): warning CA1725: In member bool ActivityScheduleRepository.HasConflict(int vehicleId, int driverId, DateTime date, TimeSpan startTime, TimeSpan endTime), change parameter name date to scheduleDate in order to match the identifier as it has been declared in bool IActivityScheduleRepository.HasConflict(int vehicleId, int driverId, DateTime scheduleDate, TimeSpan startTime, TimeSpan endTime) (https://learn.microsoft.com/dotnet/fundamentals/code-analysis/quality-rules/ca1725) [D:\a\BusBuddy-2\BusBuddy-2\BusBuddy.Core\BusBuddy.Core.csproj]
ğŸ—ï¸ Build & Test	UNKNOWN STEP	2025-07-26T21:31:22.1323662Z ##[warning]D:\a\BusBuddy-2\BusBuddy-2\BusBuddy.Core\Services\XAIService.cs(1087,55): warning CA1845: Use span-based 'string.Concat' and 'AsSpan' instead of 'Substring' (https://learn.microsoft.com/dotnet/fundamentals/code-analysis/quality-rules/ca1845) [D:\a\BusBuddy-2\BusBuddy-2\BusBuddy.Core\BusBuddy.Core.csproj]
ğŸ—ï¸ Build & Test	UNKNOWN STEP	2025-07-26T21:31:22.1326607Z ##[warning]D:\a\BusBuddy-2\BusBuddy-2\BusBuddy.Core\Services\XAIService.cs(1106,60): warning CA1845: Use span-based 'string.Concat' and 'AsSpan' instead of 'Substring' (https://learn.microsoft.com/dotnet/fundamentals/code-analysis/quality-rules/ca1845) [D:\a\BusBuddy-2\BusBuddy-2\BusBuddy.Core\BusBuddy.Core.csproj]
ğŸ—ï¸ Build & Test	UNKNOWN STEP	2025-07-26T21:31:22.1330820Z ##[warning]D:\a\BusBuddy-2\BusBuddy-2\BusBuddy.Core\Data\UnitOfWork\UnitOfWork.cs(577,55): warning CA1725: In member Task<bool> SchoolCalendarRepository.IsSchoolDayAsync(DateTime date), change parameter name date to checkDate in order to match the identifier as it has been declared in Task<bool> ISchoolCalendarRepository.IsSchoolDayAsync(DateTime checkDate) (https://learn.microsoft.com/dotnet/fundamentals/code-analysis/quality-rules/ca1725) [D:\a\BusBuddy-2\BusBuddy-2\BusBuddy.Core\BusBuddy.Core.csproj]
ğŸ—ï¸ Build & Test	UNKNOWN STEP	2025-07-26T21:31:22.1334391Z ##[warning]D:\a\BusBuddy-2\BusBuddy-2\BusBuddy.Core\Services\XAIService.cs(1166,60): warning CA1845: Use span-based 'string.Concat' and 'AsSpan' instead of 'Substring' (https://learn.microsoft.com/dotnet/fundamentals/code-analysis/quality-rules/ca1845) [D:\a\BusBuddy-2\BusBuddy-2\BusBuddy.Core\BusBuddy.Core.csproj]
ğŸ—ï¸ Build & Test	UNKNOWN STEP	2025-07-26T21:31:22.1338755Z ##[warning]D:\a\BusBuddy-2\BusBuddy-2\BusBuddy.Core\Data\UnitOfWork\UnitOfWork.cs(578,61): warning CA1725: In member Task<bool> SchoolCalendarRepository.AreRoutesRequiredAsync(DateTime date), change parameter name date to checkDate in order to match the identifier as it has been declared in Task<bool> ISchoolCalendarRepository.AreRoutesRequiredAsync(DateTime checkDate) (https://learn.microsoft.com/dotnet/fundamentals/code-analysis/quality-rules/ca1725) [D:\a\BusBuddy-2\BusBuddy-2\BusBuddy.Core\BusBuddy.Core.csproj]
ğŸ—ï¸ Build & Test	UNKNOWN STEP	2025-07-26T21:31:22.1343504Z ##[warning]D:\a\BusBuddy-2\BusBuddy-2\BusBuddy.Core\Data\UnitOfWork\UnitOfWork.cs(582,38): warning CA1725: In member bool SchoolCalendarRepository.IsSchoolDay(DateTime date), change parameter name date to checkDate in order to match the identifier as it has been declared in bool ISchoolCalendarRepository.IsSchoolDay(DateTime checkDate) (https://learn.microsoft.com/dotnet/fundamentals/code-analysis/quality-rules/ca1725) [D:\a\BusBuddy-2\BusBuddy-2\BusBuddy.Core\BusBuddy.Core.csproj]
ğŸ—ï¸ Build & Test	UNKNOWN STEP	2025-07-26T21:31:22.1348223Z ##[warning]D:\a\BusBuddy-2\BusBuddy-2\BusBuddy.Core\Data\UnitOfWork\UnitOfWork.cs(583,44): warning CA1725: In member bool SchoolCalendarRepository.AreRoutesRequired(DateTime date), change parameter name date to checkDate in order to match the identifier as it has been declared in bool ISchoolCalendarRepository.AreRoutesRequired(DateTime checkDate) (https://learn.microsoft.com/dotnet/fundamentals/code-analysis/quality-rules/ca1725) [D:\a\BusBuddy-2\BusBuddy-2\BusBuddy.Core\BusBuddy.Core.csproj]
ğŸ—ï¸ Build & Test	UNKNOWN STEP	2025-07-26T21:31:22.1353318Z ##[warning]D:\a\BusBuddy-2\BusBuddy-2\BusBuddy.Core\Data\UnitOfWork\UnitOfWork.cs(558,79): warning CA1725: In member Task<IEnumerable<Schedule>> ScheduleRepository.GetSchedulesByDateAsync(DateTime date), change parameter name date to scheduleDate in order to match the identifier as it has been declared in Task<IEnumerable<Schedule>> IScheduleRepository.GetSchedulesByDateAsync(DateTime scheduleDate) (https://learn.microsoft.com/dotnet/fundamentals/code-analysis/quality-rules/ca1725) [D:\a\BusBuddy-2\BusBuddy-2\BusBuddy.Core\BusBuddy.Core.csproj]
ğŸ—ï¸ Build & Test	UNKNOWN STEP	2025-07-26T21:31:22.1357219Z ##[warning]D:\a\BusBuddy-2\BusBuddy-2\BusBuddy.Core\Services\XAIService.cs(1187,44): warning CA1311: Specify a culture or use an invariant version to avoid implicit dependency on current culture (https://learn.microsoft.com/dotnet/fundamentals/code-analysis/quality-rules/ca1311) [D:\a\BusBuddy-2\BusBuddy-2\BusBuddy.Core\BusBuddy.Core.csproj]
ğŸ—ï¸ Build & Test	UNKNOWN STEP	2025-07-26T21:31:22.1360354Z ##[warning]D:\a\BusBuddy-2\BusBuddy-2\BusBuddy.Core\Services\XAIService.cs(1190,69): warning CA1311: Specify a culture or use an invariant version to avoid implicit dependency on current culture (https://learn.microsoft.com/dotnet/fundamentals/code-analysis/quality-rules/ca1311) [D:\a\BusBuddy-2\BusBuddy-2\BusBuddy.Core\BusBuddy.Core.csproj]
ğŸ—ï¸ Build & Test	UNKNOWN STEP	2025-07-26T21:31:22.1365574Z ##[warning]D:\a\BusBuddy-2\BusBuddy-2\BusBuddy.Core\Services\XAIService.cs(1190,40): warning CA1862: Prefer the string comparison method overload of 'string.IndexOf(string)' that takes a 'StringComparison' enum value to perform a case-insensitive comparison, but keep in mind that this might cause subtle changes in behavior, so make sure to conduct thorough testing after applying the suggestion, or if culturally sensitive comparison is not required, consider using 'StringComparison.OrdinalIgnoreCase' (https://learn.microsoft.com/dotnet/fundamentals/code-analysis/quality-rules/ca1862) [D:\a\BusBuddy-2\BusBuddy-2\BusBuddy.Core\BusBuddy.Core.csproj]
ğŸ—ï¸ Build & Test	UNKNOWN STEP	2025-07-26T21:31:22.1371042Z ##[warning]D:\a\BusBuddy-2\BusBuddy-2\BusBuddy.Core\Data\UnitOfWork\UnitOfWork.cs(564,62): warning CA1725: In member IEnumerable<Schedule> ScheduleRepository.GetSchedulesByDate(DateTime date), change parameter name date to scheduleDate in order to match the identifier as it has been declared in IEnumerable<Schedule> IScheduleRepository.GetSchedulesByDate(DateTime scheduleDate) (https://learn.microsoft.com/dotnet/fundamentals/code-analysis/quality-rules/ca1725) [D:\a\BusBuddy-2\BusBuddy-2\BusBuddy.Core\BusBuddy.Core.csproj]
ğŸ—ï¸ Build & Test	UNKNOWN STEP	2025-07-26T21:31:22.1375937Z ##[warning]D:\a\BusBuddy-2\BusBuddy-2\BusBuddy.Core\Services\XAIService.cs(1190,40): warning CA1310: The behavior of 'string.IndexOf(string)' could vary based on the current user's locale settings. Replace this call in 'BusBuddy.Core.Services.XAIService.ExtractNumericValue(string, params string[])' with a call to 'string.IndexOf(string, System.StringComparison)'. (https://learn.microsoft.com/dotnet/fundamentals/code-analysis/quality-rules/ca1310) [D:\a\BusBuddy-2\BusBuddy-2\BusBuddy.Core\BusBuddy.Core.csproj]
ğŸ—ï¸ Build & Test	UNKNOWN STEP	2025-07-26T21:31:22.1381071Z ##[warning]D:\a\BusBuddy-2\BusBuddy-2\BusBuddy.Core\Data\Repositories\StudentRepository.cs(33,77): warning CA1725: In member Task<IEnumerable<Student>> StudentRepository.GetStudentsBySchoolAsync(string school), change parameter name school to schoolName in order to match the identifier as it has been declared in Task<IEnumerable<Student>> IStudentRepository.GetStudentsBySchoolAsync(string schoolName) (https://learn.microsoft.com/dotnet/fundamentals/code-analysis/quality-rules/ca1725) [D:\a\BusBuddy-2\BusBuddy-2\BusBuddy.Core\BusBuddy.Core.csproj]
ğŸ—ï¸ Build & Test	UNKNOWN STEP	2025-07-26T21:31:22.1386073Z ##[warning]D:\a\BusBuddy-2\BusBuddy-2\BusBuddy.Core\Data\Repositories\StudentRepository.cs(74,62): warning CA1725: In member Task<Student?> StudentRepository.GetStudentByNameAsync(string name), change parameter name name to studentName in order to match the identifier as it has been declared in Task<Student?> IStudentRepository.GetStudentByNameAsync(string studentName) (https://learn.microsoft.com/dotnet/fundamentals/code-analysis/quality-rules/ca1725) [D:\a\BusBuddy-2\BusBuddy-2\BusBuddy.Core\BusBuddy.Core.csproj]
ğŸ—ï¸ Build & Test	UNKNOWN STEP	2025-07-26T21:31:22.1389610Z ##[warning]D:\a\BusBuddy-2\BusBuddy-2\BusBuddy.Core\Services\SmartRouteOptimizationService.cs(53,37): warning CA1829: Use the "Count" property instead of Enumerable.Count() (https://learn.microsoft.com/dotnet/fundamentals/code-analysis/quality-rules/ca1829) [D:\a\BusBuddy-2\BusBuddy-2\BusBuddy.Core\BusBuddy.Core.csproj]
ğŸ—ï¸ Build & Test	UNKNOWN STEP	2025-07-26T21:31:22.1392780Z ##[warning]D:\a\BusBuddy-2\BusBuddy-2\BusBuddy.Core\Services\SmartRouteOptimizationService.cs(157,46): warning CA1860: Prefer comparing 'Count' to 0 rather than using 'Any()', both for clarity and for performance (https://learn.microsoft.com/dotnet/fundamentals/code-analysis/quality-rules/ca1860) [D:\a\BusBuddy-2\BusBuddy-2\BusBuddy.Core\BusBuddy.Core.csproj]
ğŸ—ï¸ Build & Test	UNKNOWN STEP	2025-07-26T21:31:22.1396104Z ##[warning]D:\a\BusBuddy-2\BusBuddy-2\BusBuddy.Core\Services\SmartRouteOptimizationService.cs(161,41): warning CA1860: Prefer comparing 'Count' to 0 rather than using 'Any()', both for clarity and for performance (https://learn.microsoft.com/dotnet/fundamentals/code-analysis/quality-rules/ca1860) [D:\a\BusBuddy-2\BusBuddy-2\BusBuddy.Core\BusBuddy.Core.csproj]
ğŸ—ï¸ Build & Test	UNKNOWN STEP	2025-07-26T21:31:22.1399402Z ##[warning]D:\a\BusBuddy-2\BusBuddy-2\BusBuddy.Core\Services\SeedDataService.cs(107,52): warning CA1311: Specify a culture or use an invariant version to avoid implicit dependency on current culture (https://learn.microsoft.com/dotnet/fundamentals/code-analysis/quality-rules/ca1311) [D:\a\BusBuddy-2\BusBuddy-2\BusBuddy.Core\BusBuddy.Core.csproj]
ğŸ—ï¸ Build & Test	UNKNOWN STEP	2025-07-26T21:31:22.1402571Z ##[warning]D:\a\BusBuddy-2\BusBuddy-2\BusBuddy.Core\Services\SeedDataService.cs(107,73): warning CA1311: Specify a culture or use an invariant version to avoid implicit dependency on current culture (https://learn.microsoft.com/dotnet/fundamentals/code-analysis/quality-rules/ca1311) [D:\a\BusBuddy-2\BusBuddy-2\BusBuddy.Core\BusBuddy.Core.csproj]
ğŸ—ï¸ Build & Test	UNKNOWN STEP	2025-07-26T21:31:22.1405846Z ##[warning]D:\a\BusBuddy-2\BusBuddy-2\BusBuddy.Core\Services\SeedDataService.cs(164,62): warning CA1311: Specify a culture or use an invariant version to avoid implicit dependency on current culture (https://learn.microsoft.com/dotnet/fundamentals/code-analysis/quality-rules/ca1311) [D:\a\BusBuddy-2\BusBuddy-2\BusBuddy.Core\BusBuddy.Core.csproj]
ğŸ—ï¸ Build & Test	UNKNOWN STEP	2025-07-26T21:31:22.1410246Z ##[warning]D:\a\BusBuddy-2\BusBuddy-2\BusBuddy.Core\Data\Repositories\SchoolCalendarRepository.cs(52,55): warning CA1725: In member Task<bool> SchoolCalendarRepository.IsSchoolDayAsync(DateTime date), change parameter name date to checkDate in order to match the identifier as it has been declared in Task<bool> ISchoolCalendarRepository.IsSchoolDayAsync(DateTime checkDate) (https://learn.microsoft.com/dotnet/fundamentals/code-analysis/quality-rules/ca1725) [D:\a\BusBuddy-2\BusBuddy-2\BusBuddy.Core\BusBuddy.Core.csproj]
ğŸ—ï¸ Build & Test	UNKNOWN STEP	2025-07-26T21:31:22.1415309Z ##[warning]D:\a\BusBuddy-2\BusBuddy-2\BusBuddy.Core\Data\Repositories\SchoolCalendarRepository.cs(58,61): warning CA1725: In member Task<bool> SchoolCalendarRepository.AreRoutesRequiredAsync(DateTime date), change parameter name date to checkDate in order to match the identifier as it has been declared in Task<bool> ISchoolCalendarRepository.AreRoutesRequiredAsync(DateTime checkDate) (https://learn.microsoft.com/dotnet/fundamentals/code-analysis/quality-rules/ca1725) [D:\a\BusBuddy-2\BusBuddy-2\BusBuddy.Core\BusBuddy.Core.csproj]
ğŸ—ï¸ Build & Test	UNKNOWN STEP	2025-07-26T21:31:22.1420162Z ##[warning]D:\a\BusBuddy-2\BusBuddy-2\BusBuddy.Core\Data\Repositories\SchoolCalendarRepository.cs(84,38): warning CA1725: In member bool SchoolCalendarRepository.IsSchoolDay(DateTime date), change parameter name date to checkDate in order to match the identifier as it has been declared in bool ISchoolCalendarRepository.IsSchoolDay(DateTime checkDate) (https://learn.microsoft.com/dotnet/fundamentals/code-analysis/quality-rules/ca1725) [D:\a\BusBuddy-2\BusBuddy-2\BusBuddy.Core\BusBuddy.Core.csproj]
ğŸ—ï¸ Build & Test	UNKNOWN STEP	2025-07-26T21:31:22.1425061Z ##[warning]D:\a\BusBuddy-2\BusBuddy-2\BusBuddy.Core\Data\Repositories\SchoolCalendarRepository.cs(90,44): warning CA1725: In member bool SchoolCalendarRepository.AreRoutesRequired(DateTime date), change parameter name date to checkDate in order to match the identifier as it has been declared in bool ISchoolCalendarRepository.AreRoutesRequired(DateTime checkDate) (https://learn.microsoft.com/dotnet/fundamentals/code-analysis/quality-rules/ca1725) [D:\a\BusBuddy-2\BusBuddy-2\BusBuddy.Core\BusBuddy.Core.csproj]
ğŸ—ï¸ Build & Test	UNKNOWN STEP	2025-07-26T21:31:22.1430413Z ##[warning]D:\a\BusBuddy-2\BusBuddy-2\BusBuddy.Core\Data\Repositories\ScheduleRepository.cs(20,79): warning CA1725: In member Task<IEnumerable<Schedule>> ScheduleRepository.GetSchedulesByDateAsync(DateTime date), change parameter name date to scheduleDate in order to match the identifier as it has been declared in Task<IEnumerable<Schedule>> IScheduleRepository.GetSchedulesByDateAsync(DateTime scheduleDate) (https://learn.microsoft.com/dotnet/fundamentals/code-analysis/quality-rules/ca1725) [D:\a\BusBuddy-2\BusBuddy-2\BusBuddy.Core\BusBuddy.Core.csproj]
ğŸ—ï¸ Build & Test	UNKNOWN STEP	2025-07-26T21:31:22.1434254Z ##[warning]D:\a\BusBuddy-2\BusBuddy-2\BusBuddy.Core\Services\SeedDataService.cs(211,22): warning CA1860: Prefer comparing 'Count' to 0 rather than using 'Any()', both for clarity and for performance (https://learn.microsoft.com/dotnet/fundamentals/code-analysis/quality-rules/ca1860) [D:\a\BusBuddy-2\BusBuddy-2\BusBuddy.Core\BusBuddy.Core.csproj]
ğŸ—ï¸ Build & Test	UNKNOWN STEP	2025-07-26T21:31:22.1437361Z ##[warning]D:\a\BusBuddy-2\BusBuddy-2\BusBuddy.Core\Services\SeedDataService.cs(211,40): warning CA1860: Prefer comparing 'Count' to 0 rather than using 'Any()', both for clarity and for performance (https://learn.microsoft.com/dotnet/fundamentals/code-analysis/quality-rules/ca1860) [D:\a\BusBuddy-2\BusBuddy-2\BusBuddy.Core\BusBuddy.Core.csproj]
ğŸ—ï¸ Build & Test	UNKNOWN STEP	2025-07-26T21:31:22.1442304Z ##[warning]D:\a\BusBuddy-2\BusBuddy-2\BusBuddy.Core\Data\Repositories\ScheduleRepository.cs(69,62): warning CA1725: In member IEnumerable<Schedule> ScheduleRepository.GetSchedulesByDate(DateTime date), change parameter name date to scheduleDate in order to match the identifier as it has been declared in IEnumerable<Schedule> IScheduleRepository.GetSchedulesByDate(DateTime scheduleDate) (https://learn.microsoft.com/dotnet/fundamentals/code-analysis/quality-rules/ca1725) [D:\a\BusBuddy-2\BusBuddy-2\BusBuddy.Core\BusBuddy.Core.csproj]
ğŸ—ï¸ Build & Test	UNKNOWN STEP	2025-07-26T21:31:22.1446166Z ##[warning]D:\a\BusBuddy-2\BusBuddy-2\BusBuddy.Core\Services\SeedDataService.cs(299,21): warning CA1860: Prefer comparing 'Count' to 0 rather than using 'Any()', both for clarity and for performance (https://learn.microsoft.com/dotnet/fundamentals/code-analysis/quality-rules/ca1860) [D:\a\BusBuddy-2\BusBuddy-2\BusBuddy.Core\BusBuddy.Core.csproj]
ğŸ—ï¸ Build & Test	UNKNOWN STEP	2025-07-26T21:31:22.1450672Z ##[warning]D:\a\BusBuddy-2\BusBuddy-2\BusBuddy.Core\Services\SeedDataService.cs(305,21): warning CA1860: Prefer comparing 'Count' to 0 rather than using 'Any()', both for clarity and for performance (https://learn.microsoft.com/dotnet/fundamentals/code-analysis/quality-rules/ca1860) [D:\a\BusBuddy-2\BusBuddy-2\BusBuddy.Core\BusBuddy.Core.csproj]
ğŸ—ï¸ Build & Test	UNKNOWN STEP	2025-07-26T21:31:22.1454146Z ##[warning]D:\a\BusBuddy-2\BusBuddy-2\BusBuddy.Core\Services\ScheduleService.cs(40,25): warning CA1829: Use the "Count" property instead of Enumerable.Count() (https://learn.microsoft.com/dotnet/fundamentals/code-analysis/quality-rules/ca1829) [D:\a\BusBuddy-2\BusBuddy-2\BusBuddy.Core\BusBuddy.Core.csproj]
ğŸ—ï¸ Build & Test	UNKNOWN STEP	2025-07-26T21:31:22.1457319Z ##[warning]D:\a\BusBuddy-2\BusBuddy-2\BusBuddy.Core\Services\ScheduleService.cs(103,13): warning CA1510: Use 'ArgumentNullException.ThrowIfNull' instead of explicitly throwing a new exception instance (https://learn.microsoft.com/dotnet/fundamentals/code-analysis/quality-rules/ca1510) [D:\a\BusBuddy-2\BusBuddy-2\BusBuddy.Core\BusBuddy.Core.csproj]
ğŸ—ï¸ Build & Test	UNKNOWN STEP	2025-07-26T21:31:22.1460602Z ##[warning]D:\a\BusBuddy-2\BusBuddy-2\BusBuddy.Core\Services\ScheduleService.cs(167,13): warning CA1510: Use 'ArgumentNullException.ThrowIfNull' instead of explicitly throwing a new exception instance (https://learn.microsoft.com/dotnet/fundamentals/code-analysis/quality-rules/ca1510) [D:\a\BusBuddy-2\BusBuddy-2\BusBuddy.Core\BusBuddy.Core.csproj]
ğŸ—ï¸ Build & Test	UNKNOWN STEP	2025-07-26T21:31:22.1463746Z ##[warning]D:\a\BusBuddy-2\BusBuddy-2\BusBuddy.Core\Services\ScheduleService.cs(328,25): warning CA1860: Prefer comparing 'Count' to 0 rather than using 'Any()', both for clarity and for performance (https://learn.microsoft.com/dotnet/fundamentals/code-analysis/quality-rules/ca1860) [D:\a\BusBuddy-2\BusBuddy-2\BusBuddy.Core\BusBuddy.Core.csproj]
ğŸ—ï¸ Build & Test	UNKNOWN STEP	2025-07-26T21:31:22.1466598Z ##[warning]D:\a\BusBuddy-2\BusBuddy-2\BusBuddy.Core\Services\ScheduleService.cs(325,25): warning CA1829: Use the "Count" property instead of Enumerable.Count() (https://learn.microsoft.com/dotnet/fundamentals/code-analysis/quality-rules/ca1829) [D:\a\BusBuddy-2\BusBuddy-2\BusBuddy.Core\BusBuddy.Core.csproj]
ğŸ—ï¸ Build & Test	UNKNOWN STEP	2025-07-26T21:31:22.1469843Z ##[warning]D:\a\BusBuddy-2\BusBuddy-2\BusBuddy.Core\Services\ScheduleService.cs(387,43): warning CA1847: Use 'string.Contains(char)' instead of 'string.Contains(string)' when searching for a single character (https://learn.microsoft.com/dotnet/fundamentals/code-analysis/quality-rules/ca1847) [D:\a\BusBuddy-2\BusBuddy-2\BusBuddy.Core\BusBuddy.Core.csproj]
ğŸ—ï¸ Build & Test	UNKNOWN STEP	2025-07-26T21:31:22.1473347Z ##[warning]D:\a\BusBuddy-2\BusBuddy-2\BusBuddy.Core\Services\ScheduleService.cs(474,51): warning CA1861: Prefer 'static readonly' fields over constant array arguments if the called method is called repeatedly and is not mutating the passed array (https://learn.microsoft.com/dotnet/fundamentals/code-analysis/quality-rules/ca1861) [D:\a\BusBuddy-2\BusBuddy-2\BusBuddy.Core\BusBuddy.Core.csproj]
ğŸ—ï¸ Build & Test	UNKNOWN STEP	2025-07-26T21:31:22.1476708Z ##[warning]D:\a\BusBuddy-2\BusBuddy-2\BusBuddy.Core\Services\RouteService.cs(125,13): warning CA1510: Use 'ArgumentNullException.ThrowIfNull' instead of explicitly throwing a new exception instance (https://learn.microsoft.com/dotnet/fundamentals/code-analysis/quality-rules/ca1510) [D:\a\BusBuddy-2\BusBuddy-2\BusBuddy.Core\BusBuddy.Core.csproj]
ğŸ—ï¸ Build & Test	UNKNOWN STEP	2025-07-26T21:31:22.1480072Z ##[warning]D:\a\BusBuddy-2\BusBuddy-2\BusBuddy.Core\Services\RouteService.cs(143,13): warning CA1510: Use 'ArgumentNullException.ThrowIfNull' instead of explicitly throwing a new exception instance (https://learn.microsoft.com/dotnet/fundamentals/code-analysis/quality-rules/ca1510) [D:\a\BusBuddy-2\BusBuddy-2\BusBuddy.Core\BusBuddy.Core.csproj]
ğŸ—ï¸ Build & Test	UNKNOWN STEP	2025-07-26T21:31:22.1483231Z ##[warning]D:\a\BusBuddy-2\BusBuddy-2\BusBuddy.Core\Services\RouteService.cs(206,50): warning CA1311: Specify a culture or use an invariant version to avoid implicit dependency on current culture (https://learn.microsoft.com/dotnet/fundamentals/code-analysis/quality-rules/ca1311) [D:\a\BusBuddy-2\BusBuddy-2\BusBuddy.Core\BusBuddy.Core.csproj]
ğŸ—ï¸ Build & Test	UNKNOWN STEP	2025-07-26T21:31:22.1486389Z ##[warning]D:\a\BusBuddy-2\BusBuddy-2\BusBuddy.Core\Services\RouteService.cs(210,37): warning CA1311: Specify a culture or use an invariant version to avoid implicit dependency on current culture (https://learn.microsoft.com/dotnet/fundamentals/code-analysis/quality-rules/ca1311) [D:\a\BusBuddy-2\BusBuddy-2\BusBuddy.Core\BusBuddy.Core.csproj]
ğŸ—ï¸ Build & Test	UNKNOWN STEP	2025-07-26T21:31:22.1489514Z ##[warning]D:\a\BusBuddy-2\BusBuddy-2\BusBuddy.Core\Services\RouteService.cs(211,65): warning CA1311: Specify a culture or use an invariant version to avoid implicit dependency on current culture (https://learn.microsoft.com/dotnet/fundamentals/code-analysis/quality-rules/ca1311) [D:\a\BusBuddy-2\BusBuddy-2\BusBuddy.Core\BusBuddy.Core.csproj]
ğŸ—ï¸ Build & Test	UNKNOWN STEP	2025-07-26T21:31:22.1495094Z ##[warning]D:\a\BusBuddy-2\BusBuddy-2\BusBuddy.Core\Services\RouteService.cs(210,25): warning CA1862: Prefer the string comparison method overload of 'string.Contains(string)' that takes a 'StringComparison' enum value to perform a case-insensitive comparison, but keep in mind that this might cause subtle changes in behavior, so make sure to conduct thorough testing after applying the suggestion, or if culturally sensitive comparison is not required, consider using 'StringComparison.OrdinalIgnoreCase' (https://learn.microsoft.com/dotnet/fundamentals/code-analysis/quality-rules/ca1862) [D:\a\BusBuddy-2\BusBuddy-2\BusBuddy.Core\BusBuddy.Core.csproj]
ğŸ—ï¸ Build & Test	UNKNOWN STEP	2025-07-26T21:31:22.1501232Z ##[warning]D:\a\BusBuddy-2\BusBuddy-2\BusBuddy.Core\Services\RouteService.cs(211,51): warning CA1862: Prefer the string comparison method overload of 'string.Contains(string)' that takes a 'StringComparison' enum value to perform a case-insensitive comparison, but keep in mind that this might cause subtle changes in behavior, so make sure to conduct thorough testing after applying the suggestion, or if culturally sensitive comparison is not required, consider using 'StringComparison.OrdinalIgnoreCase' (https://learn.microsoft.com/dotnet/fundamentals/code-analysis/quality-rules/ca1862) [D:\a\BusBuddy-2\BusBuddy-2\BusBuddy.Core\BusBuddy.Core.csproj]
ğŸ—ï¸ Build & Test	UNKNOWN STEP	2025-07-26T21:31:22.1505344Z ##[warning]D:\a\BusBuddy-2\BusBuddy-2\BusBuddy.Core\Utilities\ExceptionHelper.cs(73,25): warning CA1860: Prefer comparing 'Count' to 0 rather than using 'Any()', both for clarity and for performance (https://learn.microsoft.com/dotnet/fundamentals/code-analysis/quality-rules/ca1860) [D:\a\BusBuddy-2\BusBuddy-2\BusBuddy.Core\BusBuddy.Core.csproj]
ğŸ—ï¸ Build & Test	UNKNOWN STEP	2025-07-26T21:31:22.1508326Z ##[warning]D:\a\BusBuddy-2\BusBuddy-2\BusBuddy.Core\Utilities\ExceptionHelper.cs(212,27): warning CA2201: Exception type System.Exception is not sufficiently specific (https://learn.microsoft.com/dotnet/fundamentals/code-analysis/quality-rules/ca2201) [D:\a\BusBuddy-2\BusBuddy-2\BusBuddy.Core\BusBuddy.Core.csproj]
ğŸ—ï¸ Build & Test	UNKNOWN STEP	2025-07-26T21:31:22.1511259Z ##[warning]D:\a\BusBuddy-2\BusBuddy-2\BusBuddy.Core\Utilities\ExceptionHelper.cs(217,32): warning CA2201: Exception type System.Exception is not sufficiently specific (https://learn.microsoft.com/dotnet/fundamentals/code-analysis/quality-rules/ca2201) [D:\a\BusBuddy-2\BusBuddy-2\BusBuddy.Core\BusBuddy.Core.csproj]
ğŸ—ï¸ Build & Test	UNKNOWN STEP	2025-07-26T21:31:22.1514391Z ##[warning]D:\a\BusBuddy-2\BusBuddy-2\BusBuddy.Core\Utilities\DatabaseValidator.cs(49,21): warning CA1860: Prefer comparing 'Count' to 0 rather than using 'Any()', both for clarity and for performance (https://learn.microsoft.com/dotnet/fundamentals/code-analysis/quality-rules/ca1860) [D:\a\BusBuddy-2\BusBuddy-2\BusBuddy.Core\BusBuddy.Core.csproj]
ğŸ—ï¸ Build & Test	UNKNOWN STEP	2025-07-26T21:31:22.1517457Z ##[warning]D:\a\BusBuddy-2\BusBuddy-2\BusBuddy.Core\Utilities\DatabaseValidator.cs(72,21): warning CA1860: Prefer comparing 'Count' to 0 rather than using 'Any()', both for clarity and for performance (https://learn.microsoft.com/dotnet/fundamentals/code-analysis/quality-rules/ca1860) [D:\a\BusBuddy-2\BusBuddy-2\BusBuddy.Core\BusBuddy.Core.csproj]
ğŸ—ï¸ Build & Test	UNKNOWN STEP	2025-07-26T21:31:22.1520528Z ##[warning]D:\a\BusBuddy-2\BusBuddy-2\BusBuddy.Core\Utilities\DatabaseValidator.cs(93,21): warning CA1860: Prefer comparing 'Count' to 0 rather than using 'Any()', both for clarity and for performance (https://learn.microsoft.com/dotnet/fundamentals/code-analysis/quality-rules/ca1860) [D:\a\BusBuddy-2\BusBuddy-2\BusBuddy.Core\BusBuddy.Core.csproj]
ğŸ—ï¸ Build & Test	UNKNOWN STEP	2025-07-26T21:31:22.1523696Z ##[warning]D:\a\BusBuddy-2\BusBuddy-2\BusBuddy.Core\Services\RouteService.cs(336,13): warning CA1510: Use 'ArgumentNullException.ThrowIfNull' instead of explicitly throwing a new exception instance (https://learn.microsoft.com/dotnet/fundamentals/code-analysis/quality-rules/ca1510) [D:\a\BusBuddy-2\BusBuddy-2\BusBuddy.Core\BusBuddy.Core.csproj]
ğŸ—ï¸ Build & Test	UNKNOWN STEP	2025-07-26T21:31:22.1526896Z ##[warning]D:\a\BusBuddy-2\BusBuddy-2\BusBuddy.Core\Services\RouteService.cs(354,13): warning CA1510: Use 'ArgumentNullException.ThrowIfNull' instead of explicitly throwing a new exception instance (https://learn.microsoft.com/dotnet/fundamentals/code-analysis/quality-rules/ca1510) [D:\a\BusBuddy-2\BusBuddy-2\BusBuddy.Core\BusBuddy.Core.csproj]
ğŸ—ï¸ Build & Test	UNKNOWN STEP	2025-07-26T21:31:22.1530143Z ##[warning]D:\a\BusBuddy-2\BusBuddy-2\BusBuddy.Core\Data\Repositories\Repository.cs(297,9): warning CA1510: Use 'ArgumentNullException.ThrowIfNull' instead of explicitly throwing a new exception instance (https://learn.microsoft.com/dotnet/fundamentals/code-analysis/quality-rules/ca1510) [D:\a\BusBuddy-2\BusBuddy-2\BusBuddy.Core\BusBuddy.Core.csproj]
ğŸ—ï¸ Build & Test	UNKNOWN STEP	2025-07-26T21:31:22.1533379Z ##[warning]D:\a\BusBuddy-2\BusBuddy-2\BusBuddy.Core\Data\Repositories\Repository.cs(316,9): warning CA1510: Use 'ArgumentNullException.ThrowIfNull' instead of explicitly throwing a new exception instance (https://learn.microsoft.com/dotnet/fundamentals/code-analysis/quality-rules/ca1510) [D:\a\BusBuddy-2\BusBuddy-2\BusBuddy.Core\BusBuddy.Core.csproj]
ğŸ—ï¸ Build & Test	UNKNOWN STEP	2025-07-26T21:31:22.1536531Z ##[warning]D:\a\BusBuddy-2\BusBuddy-2\BusBuddy.Core\Services\PdfReportService.cs(245,17): warning CA1860: Prefer comparing 'Count' to 0 rather than using 'Any()', both for clarity and for performance (https://learn.microsoft.com/dotnet/fundamentals/code-analysis/quality-rules/ca1860) [D:\a\BusBuddy-2\BusBuddy-2\BusBuddy.Core\BusBuddy.Core.csproj]
ğŸ—ï¸ Build & Test	UNKNOWN STEP	2025-07-26T21:31:22.1539768Z ##[warning]D:\a\BusBuddy-2\BusBuddy-2\BusBuddy.Core\Data\Repositories\FuelRepository.cs(55,14): warning CA1860: Prefer comparing 'Count' to 0 rather than using 'Any()', both for clarity and for performance (https://learn.microsoft.com/dotnet/fundamentals/code-analysis/quality-rules/ca1860) [D:\a\BusBuddy-2\BusBuddy-2\BusBuddy.Core\BusBuddy.Core.csproj]
ğŸ—ï¸ Build & Test	UNKNOWN STEP	2025-07-26T21:31:22.1542896Z ##[warning]D:\a\BusBuddy-2\BusBuddy-2\BusBuddy.Core\Data\Repositories\FuelRepository.cs(60,14): warning CA1860: Prefer comparing 'Count' to 0 rather than using 'Any()', both for clarity and for performance (https://learn.microsoft.com/dotnet/fundamentals/code-analysis/quality-rules/ca1860) [D:\a\BusBuddy-2\BusBuddy-2\BusBuddy.Core\BusBuddy.Core.csproj]
ğŸ—ï¸ Build & Test	UNKNOWN STEP	2025-07-26T21:31:22.1547287Z ##[warning]D:\a\BusBuddy-2\BusBuddy-2\BusBuddy.Core\Services\OptimizedXAIService.cs(223,52): warning CA1310: The behavior of 'string.StartsWith(string)' could vary based on the current user's locale settings. Replace this call in 'BusBuddy.Core.Services.OptimizedXAIService.StreamResponseAsync(string)' with a call to 'string.StartsWith(string, System.StringComparison)'. (https://learn.microsoft.com/dotnet/fundamentals/code-analysis/quality-rules/ca1310) [D:\a\BusBuddy-2\BusBuddy-2\BusBuddy.Core\BusBuddy.Core.csproj]
ğŸ—ï¸ Build & Test	UNKNOWN STEP	2025-07-26T21:31:22.1551423Z ##[warning]D:\a\BusBuddy-2\BusBuddy-2\BusBuddy.Core\Services\OptimizedXAIService.cs(343,36): warning CA1861: Prefer 'static readonly' fields over constant array arguments if the called method is called repeatedly and is not mutating the passed array (https://learn.microsoft.com/dotnet/fundamentals/code-analysis/quality-rules/ca1861) [D:\a\BusBuddy-2\BusBuddy-2\BusBuddy.Core\BusBuddy.Core.csproj]
ğŸ—ï¸ Build & Test	UNKNOWN STEP	2025-07-26T21:31:22.1554765Z ##[warning]D:\a\BusBuddy-2\BusBuddy-2\BusBuddy.Core\Services\OptimizedXAIService.cs(625,24): warning CA1850: Prefer static 'System.Security.Cryptography.SHA256.HashData' method over 'ComputeHash' (https://learn.microsoft.com/dotnet/fundamentals/code-analysis/quality-rules/ca1850) [D:\a\BusBuddy-2\BusBuddy-2\BusBuddy.Core\BusBuddy.Core.csproj]
ğŸ—ï¸ Build & Test	UNKNOWN STEP	2025-07-26T21:31:22.1558593Z ##[warning]D:\a\BusBuddy-2\BusBuddy-2\BusBuddy.Core\Services\OptimizedXAIService.cs(633,21): warning CA1816: Change OptimizedXAIService.Dispose() to call GC.SuppressFinalize(object). This will prevent derived types that introduce a finalizer from needing to re-implement 'IDisposable' to call it. (https://learn.microsoft.com/dotnet/fundamentals/code-analysis/quality-rules/ca1816) [D:\a\BusBuddy-2\BusBuddy-2\BusBuddy.Core\BusBuddy.Core.csproj]
ğŸ—ï¸ Build & Test	UNKNOWN STEP	2025-07-26T21:31:22.1562441Z ##[warning]D:\a\BusBuddy-2\BusBuddy-2\BusBuddy.Core\Migrations\20250726000142_AddDestinationsTable.cs(476,26): warning CA1861: Prefer 'static readonly' fields over constant array arguments if the called method is called repeatedly and is not mutating the passed array (https://learn.microsoft.com/dotnet/fundamentals/code-analysis/quality-rules/ca1861) [D:\a\BusBuddy-2\BusBuddy-2\BusBuddy.Core\BusBuddy.Core.csproj]
ğŸ—ï¸ Build & Test	UNKNOWN STEP	2025-07-26T21:31:22.1566150Z ##[warning]D:\a\BusBuddy-2\BusBuddy-2\BusBuddy.Core\Migrations\20250726000142_AddDestinationsTable.cs(498,26): warning CA1861: Prefer 'static readonly' fields over constant array arguments if the called method is called repeatedly and is not mutating the passed array (https://learn.microsoft.com/dotnet/fundamentals/code-analysis/quality-rules/ca1861) [D:\a\BusBuddy-2\BusBuddy-2\BusBuddy.Core\BusBuddy.Core.csproj]
ğŸ—ï¸ Build & Test	UNKNOWN STEP	2025-07-26T21:31:22.1569843Z ##[warning]D:\a\BusBuddy-2\BusBuddy-2\BusBuddy.Core\Migrations\20250726000142_AddDestinationsTable.cs(525,26): warning CA1861: Prefer 'static readonly' fields over constant array arguments if the called method is called repeatedly and is not mutating the passed array (https://learn.microsoft.com/dotnet/fundamentals/code-analysis/quality-rules/ca1861) [D:\a\BusBuddy-2\BusBuddy-2\BusBuddy.Core\BusBuddy.Core.csproj]
ğŸ—ï¸ Build & Test	UNKNOWN STEP	2025-07-26T21:31:22.1573620Z ##[warning]D:\a\BusBuddy-2\BusBuddy-2\BusBuddy.Core\Migrations\20250726000142_AddDestinationsTable.cs(547,26): warning CA1861: Prefer 'static readonly' fields over constant array arguments if the called method is called repeatedly and is not mutating the passed array (https://learn.microsoft.com/dotnet/fundamentals/code-analysis/quality-rules/ca1861) [D:\a\BusBuddy-2\BusBuddy-2\BusBuddy.Core\BusBuddy.Core.csproj]
ğŸ—ï¸ Build & Test	UNKNOWN STEP	2025-07-26T21:31:22.1576805Z ##[warning]D:\a\BusBuddy-2\BusBuddy-2\BusBuddy.Core\Services\ActivityLogService.cs(34,40): warning CA1845: Use span-based 'string.Concat' and 'AsSpan' instead of 'Substring' (https://learn.microsoft.com/dotnet/fundamentals/code-analysis/quality-rules/ca1845) [D:\a\BusBuddy-2\BusBuddy-2\BusBuddy.Core\BusBuddy.Core.csproj]
ğŸ—ï¸ Build & Test	UNKNOWN STEP	2025-07-26T21:31:22.1579870Z ##[warning]D:\a\BusBuddy-2\BusBuddy-2\BusBuddy.Core\Services\FleetMonitoringService.cs(129,17): warning CA1860: Prefer comparing 'Count' to 0 rather than using 'Any()', both for clarity and for performance (https://learn.microsoft.com/dotnet/fundamentals/code-analysis/quality-rules/ca1860) [D:\a\BusBuddy-2\BusBuddy-2\BusBuddy.Core\BusBuddy.Core.csproj]
ğŸ—ï¸ Build & Test	UNKNOWN STEP	2025-07-26T21:31:22.1583103Z ##[warning]D:\a\BusBuddy-2\BusBuddy-2\BusBuddy.Core\Services\EnhancedCachingService.cs(118,37): warning CA1860: Prefer comparing 'Count' to 0 rather than using 'Any()', both for clarity and for performance (https://learn.microsoft.com/dotnet/fundamentals/code-analysis/quality-rules/ca1860) [D:\a\BusBuddy-2\BusBuddy-2\BusBuddy.Core\BusBuddy.Core.csproj]
ğŸ—ï¸ Build & Test	UNKNOWN STEP	2025-07-26T21:31:22.1586528Z ##[warning]D:\a\BusBuddy-2\BusBuddy-2\BusBuddy.Core\Services\EFCoreDebuggingService.cs(187,27): warning CA1869: Avoid creating a new 'JsonSerializerOptions' instance for every serialization operation. Cache and reuse instances instead. (https://learn.microsoft.com/dotnet/fundamentals/code-analysis/quality-rules/ca1869) [D:\a\BusBuddy-2\BusBuddy-2\BusBuddy.Core\BusBuddy.Core.csproj]
ğŸ—ï¸ Build & Test	UNKNOWN STEP	2025-07-26T21:31:22.1589816Z ##[warning]D:\a\BusBuddy-2\BusBuddy-2\BusBuddy.Core\Services\EFCoreDebuggingService.cs(375,13): warning CA1860: Prefer comparing 'Count' to 0 rather than using 'Any()', both for clarity and for performance (https://learn.microsoft.com/dotnet/fundamentals/code-analysis/quality-rules/ca1860) [D:\a\BusBuddy-2\BusBuddy-2\BusBuddy.Core\BusBuddy.Core.csproj]
ğŸ—ï¸ Build & Test	UNKNOWN STEP	2025-07-26T21:31:22.1592975Z ##[warning]D:\a\BusBuddy-2\BusBuddy-2\BusBuddy.Core\Services\EFCoreDebuggingService.cs(396,13): warning CA1860: Prefer comparing 'Count' to 0 rather than using 'Any()', both for clarity and for performance (https://learn.microsoft.com/dotnet/fundamentals/code-analysis/quality-rules/ca1860) [D:\a\BusBuddy-2\BusBuddy-2\BusBuddy.Core\BusBuddy.Core.csproj]
ğŸ—ï¸ Build & Test	UNKNOWN STEP	2025-07-26T21:31:22.1596127Z ##[warning]D:\a\BusBuddy-2\BusBuddy-2\BusBuddy.Core\Services\BusService.cs(161,44): warning CA1311: Specify a culture or use an invariant version to avoid implicit dependency on current culture (https://learn.microsoft.com/dotnet/fundamentals/code-analysis/quality-rules/ca1311) [D:\a\BusBuddy-2\BusBuddy-2\BusBuddy.Core\BusBuddy.Core.csproj]
ğŸ—ï¸ Build & Test	UNKNOWN STEP	2025-07-26T21:31:22.1599134Z ##[warning]D:\a\BusBuddy-2\BusBuddy-2\BusBuddy.Core\Services\BusBuddyAIReportingService.cs(155,19): warning CA2201: Exception type System.Exception is not sufficiently specific (https://learn.microsoft.com/dotnet/fundamentals/code-analysis/quality-rules/ca2201) [D:\a\BusBuddy-2\BusBuddy-2\BusBuddy.Core\BusBuddy.Core.csproj]
ğŸ—ï¸ Build & Test	UNKNOWN STEP	2025-07-26T21:31:22.1602630Z ##[warning]D:\a\BusBuddy-2\BusBuddy-2\BusBuddy.Core\Services\AddressValidationService.cs(195,52): warning CA1861: Prefer 'static readonly' fields over constant array arguments if the called method is called repeatedly and is not mutating the passed array (https://learn.microsoft.com/dotnet/fundamentals/code-analysis/quality-rules/ca1861) [D:\a\BusBuddy-2\BusBuddy-2\BusBuddy.Core\BusBuddy.Core.csproj]
ğŸ—ï¸ Build & Test	UNKNOWN STEP	2025-07-26T21:31:22.1607112Z ##[warning]D:\a\BusBuddy-2\BusBuddy-2\BusBuddy.Core\Services\AddressValidationService.cs(215,66): warning CA1861: Prefer 'static readonly' fields over constant array arguments if the called method is called repeatedly and is not mutating the passed array (https://learn.microsoft.com/dotnet/fundamentals/code-analysis/quality-rules/ca1861) [D:\a\BusBuddy-2\BusBuddy-2\BusBuddy.Core\BusBuddy.Core.csproj]
ğŸ—ï¸ Build & Test	UNKNOWN STEP	2025-07-26T21:31:22.1610865Z ##[warning]D:\a\BusBuddy-2\BusBuddy-2\BusBuddy.Core\Services\ActivityScheduleService.cs(119,13): warning CA1510: Use 'ArgumentNullException.ThrowIfNull' instead of explicitly throwing a new exception instance (https://learn.microsoft.com/dotnet/fundamentals/code-analysis/quality-rules/ca1510) [D:\a\BusBuddy-2\BusBuddy-2\BusBuddy.Core\BusBuddy.Core.csproj]
ğŸ—ï¸ Build & Test	UNKNOWN STEP	2025-07-26T21:31:22.1614225Z ##[warning]D:\a\BusBuddy-2\BusBuddy-2\BusBuddy.Core\Services\ActivityScheduleService.cs(525,13): warning CA1510: Use 'ArgumentNullException.ThrowIfNull' instead of explicitly throwing a new exception instance (https://learn.microsoft.com/dotnet/fundamentals/code-analysis/quality-rules/ca1510) [D:\a\BusBuddy-2\BusBuddy-2\BusBuddy.Core\BusBuddy.Core.csproj]
ğŸ—ï¸ Build & Test	UNKNOWN STEP	2025-07-26T21:31:22.1617623Z ##[warning]D:\a\BusBuddy-2\BusBuddy-2\BusBuddy.Core\Services\ActivityScheduleService.cs(614,26): warning CA1854: Prefer a 'TryGetValue' call over a Dictionary indexer access guarded by a 'ContainsKey' check to avoid double lookup (https://learn.microsoft.com/dotnet/fundamentals/code-analysis/quality-rules/ca1854) [D:\a\BusBuddy-2\BusBuddy-2\BusBuddy.Core\BusBuddy.Core.csproj]
ğŸ—ï¸ Build & Test	UNKNOWN STEP	2025-07-26T21:31:22.1621960Z ##[warning]D:\a\BusBuddy-2\BusBuddy-2\BusBuddy.Core\Services\ActivityScheduleService.cs(587,26): warning CA1854: Prefer a 'TryGetValue' call over a Dictionary indexer access guarded by a 'ContainsKey' check to avoid double lookup (https://learn.microsoft.com/dotnet/fundamentals/code-analysis/quality-rules/ca1854) [D:\a\BusBuddy-2\BusBuddy-2\BusBuddy.Core\BusBuddy.Core.csproj]
ğŸ—ï¸ Build & Test	UNKNOWN STEP	2025-07-26T21:31:22.1627110Z ##[warning]D:\a\BusBuddy-2\BusBuddy-2\BusBuddy.Core\Data\Repositories\ActivityScheduleRepository.cs(20,87): warning CA1725: In member Task<IEnumerable<ActivitySchedule>> ActivityScheduleRepository.GetSchedulesByDateAsync(DateTime date), change parameter name date to scheduleDate in order to match the identifier as it has been declared in Task<IEnumerable<ActivitySchedule>> IActivityScheduleRepository.GetSchedulesByDateAsync(DateTime scheduleDate) (https://learn.microsoft.com/dotnet/fundamentals/code-analysis/quality-rules/ca1725) [D:\a\BusBuddy-2\BusBuddy-2\BusBuddy.Core\BusBuddy.Core.csproj]
ğŸ—ï¸ Build & Test	UNKNOWN STEP	2025-07-26T21:31:22.1633362Z ##[warning]D:\a\BusBuddy-2\BusBuddy-2\BusBuddy.Core\Data\Repositories\ActivityScheduleRepository.cs(64,84): warning CA1725: In member Task<bool> ActivityScheduleRepository.HasConflictAsync(int vehicleId, int driverId, DateTime date, TimeSpan startTime, TimeSpan endTime), change parameter name date to scheduleDate in order to match the identifier as it has been declared in Task<bool> IActivityScheduleRepository.HasConflictAsync(int vehicleId, int driverId, DateTime scheduleDate, TimeSpan startTime, TimeSpan endTime) (https://learn.microsoft.com/dotnet/fundamentals/code-analysis/quality-rules/ca1725) [D:\a\BusBuddy-2\BusBuddy-2\BusBuddy.Core\BusBuddy.Core.csproj]
ğŸ—ï¸ Build & Test	UNKNOWN STEP	2025-07-26T21:31:22.1639297Z ##[warning]D:\a\BusBuddy-2\BusBuddy-2\BusBuddy.Core\Data\Repositories\ActivityScheduleRepository.cs(78,70): warning CA1725: In member IEnumerable<ActivitySchedule> ActivityScheduleRepository.GetSchedulesByDate(DateTime date), change parameter name date to scheduleDate in order to match the identifier as it has been declared in IEnumerable<ActivitySchedule> IActivityScheduleRepository.GetSchedulesByDate(DateTime scheduleDate) (https://learn.microsoft.com/dotnet/fundamentals/code-analysis/quality-rules/ca1725) [D:\a\BusBuddy-2\BusBuddy-2\BusBuddy.Core\BusBuddy.Core.csproj]
ğŸ—ï¸ Build & Test	UNKNOWN STEP	2025-07-26T21:31:22.1645253Z ##[warning]D:\a\BusBuddy-2\BusBuddy-2\BusBuddy.Core\Data\Interfaces\IDriverRepository.cs(13,65): warning CA1716: In virtual/interface member IDriverRepository.GetAvailableDriversAsync(DateTime, TimeSpan?, TimeSpan?), rename parameter date so that it no longer conflicts with the reserved language keyword 'Date'. Using a reserved keyword as the name of a parameter on a virtual/interface member makes it harder for consumers in other languages to override/implement the member. (https://learn.microsoft.com/dotnet/fundamentals/code-analysis/quality-rules/ca1716) [D:\a\BusBuddy-2\BusBuddy-2\BusBuddy.Core\BusBuddy.Core.csproj]
ğŸ—ï¸ Build & Test	UNKNOWN STEP	2025-07-26T21:31:22.1651143Z ##[warning]D:\a\BusBuddy-2\BusBuddy-2\BusBuddy.Core\Data\Interfaces\IDriverRepository.cs(27,62): warning CA1716: In virtual/interface member IDriverRepository.IsDriverAvailableAsync(int, DateTime, TimeSpan, TimeSpan), rename parameter date so that it no longer conflicts with the reserved language keyword 'Date'. Using a reserved keyword as the name of a parameter on a virtual/interface member makes it harder for consumers in other languages to override/implement the member. (https://learn.microsoft.com/dotnet/fundamentals/code-analysis/quality-rules/ca1716) [D:\a\BusBuddy-2\BusBuddy-2\BusBuddy.Core\BusBuddy.Core.csproj]
ğŸ—ï¸ Build & Test	UNKNOWN STEP	2025-07-26T21:31:22.1656946Z ##[warning]D:\a\BusBuddy-2\BusBuddy-2\BusBuddy.Core\Data\Interfaces\IDriverRepository.cs(28,72): warning CA1716: In virtual/interface member IDriverRepository.GetDriversScheduledForDateAsync(DateTime), rename parameter date so that it no longer conflicts with the reserved language keyword 'Date'. Using a reserved keyword as the name of a parameter on a virtual/interface member makes it harder for consumers in other languages to override/implement the member. (https://learn.microsoft.com/dotnet/fundamentals/code-analysis/quality-rules/ca1716) [D:\a\BusBuddy-2\BusBuddy-2\BusBuddy.Core\BusBuddy.Core.csproj]
ğŸ—ï¸ Build & Test	UNKNOWN STEP	2025-07-26T21:31:22.1663109Z ##[warning]D:\a\BusBuddy-2\BusBuddy-2\BusBuddy.Core\Data\Interfaces\IDriverRepository.cs(29,70): warning CA1716: In virtual/interface member IDriverRepository.GetDriversWithNoScheduleAsync(DateTime), rename parameter date so that it no longer conflicts with the reserved language keyword 'Date'. Using a reserved keyword as the name of a parameter on a virtual/interface member makes it harder for consumers in other languages to override/implement the member. (https://learn.microsoft.com/dotnet/fundamentals/code-analysis/quality-rules/ca1716) [D:\a\BusBuddy-2\BusBuddy-2\BusBuddy.Core\BusBuddy.Core.csproj]
ğŸ—ï¸ Build & Test	UNKNOWN STEP	2025-07-26T21:31:22.1668907Z ##[warning]D:\a\BusBuddy-2\BusBuddy-2\BusBuddy.Core\Data\Interfaces\IDriverRepository.cs(45,54): warning CA1716: In virtual/interface member IDriverRepository.GetAvailableDrivers(DateTime, TimeSpan?, TimeSpan?), rename parameter date so that it no longer conflicts with the reserved language keyword 'Date'. Using a reserved keyword as the name of a parameter on a virtual/interface member makes it harder for consumers in other languages to override/implement the member. (https://learn.microsoft.com/dotnet/fundamentals/code-analysis/quality-rules/ca1716) [D:\a\BusBuddy-2\BusBuddy-2\BusBuddy.Core\BusBuddy.Core.csproj]
ğŸ—ï¸ Build & Test	UNKNOWN STEP	2025-07-26T21:31:22.1674691Z ##[warning]D:\a\BusBuddy-2\BusBuddy-2\BusBuddy.Core\Data\Interfaces\IDriverRepository.cs(49,51): warning CA1716: In virtual/interface member IDriverRepository.IsDriverAvailable(int, DateTime, TimeSpan, TimeSpan), rename parameter date so that it no longer conflicts with the reserved language keyword 'Date'. Using a reserved keyword as the name of a parameter on a virtual/interface member makes it harder for consumers in other languages to override/implement the member. (https://learn.microsoft.com/dotnet/fundamentals/code-analysis/quality-rules/ca1716) [D:\a\BusBuddy-2\BusBuddy-2\BusBuddy.Core\BusBuddy.Core.csproj]
ğŸ—ï¸ Build & Test	UNKNOWN STEP	2025-07-26T21:31:22.1680748Z ##[warning]D:\a\BusBuddy-2\BusBuddy-2\BusBuddy.Core\Data\Repositories\ActivityScheduleRepository.cs(95,67): warning CA1725: In member bool ActivityScheduleRepository.HasConflict(int vehicleId, int driverId, DateTime date, TimeSpan startTime, TimeSpan endTime), change parameter name date to scheduleDate in order to match the identifier as it has been declared in bool IActivityScheduleRepository.HasConflict(int vehicleId, int driverId, DateTime scheduleDate, TimeSpan startTime, TimeSpan endTime) (https://learn.microsoft.com/dotnet/fundamentals/code-analysis/quality-rules/ca1725) [D:\a\BusBuddy-2\BusBuddy-2\BusBuddy.Core\BusBuddy.Core.csproj]
ğŸ—ï¸ Build & Test	UNKNOWN STEP	2025-07-26T21:31:22.1687552Z ##[warning]D:\a\BusBuddy-2\BusBuddy-2\BusBuddy.Core\Data\Repositories\ActivityRepository.cs(83,85): warning CA1725: In member Task<IEnumerable<Activity>> ActivityRepository.GetConflictingActivitiesAsync(DateTime date, TimeSpan startTime, TimeSpan endTime, int? excludeActivityId = null), change parameter name date to activityDate in order to match the identifier as it has been declared in Task<IEnumerable<Activity>> IActivityRepository.GetConflictingActivitiesAsync(DateTime activityDate, TimeSpan startTime, TimeSpan endTime, int? excludeActivityId = null) (https://learn.microsoft.com/dotnet/fundamentals/code-analysis/quality-rules/ca1725) [D:\a\BusBuddy-2\BusBuddy-2\BusBuddy.Core\BusBuddy.Core.csproj]
ğŸ—ï¸ Build & Test	UNKNOWN STEP	2025-07-26T21:31:22.1694365Z ##[warning]D:\a\BusBuddy-2\BusBuddy-2\BusBuddy.Core\Data\Repositories\ActivityRepository.cs(99,80): warning CA1725: In member Task<bool> ActivityRepository.HasSchedulingConflictAsync(int vehicleId, DateTime date, TimeSpan startTime, TimeSpan endTime, int? excludeActivityId = null), change parameter name date to activityDate in order to match the identifier as it has been declared in Task<bool> IActivityRepository.HasSchedulingConflictAsync(int vehicleId, DateTime activityDate, TimeSpan startTime, TimeSpan endTime, int? excludeActivityId = null) (https://learn.microsoft.com/dotnet/fundamentals/code-analysis/quality-rules/ca1725) [D:\a\BusBuddy-2\BusBuddy-2\BusBuddy.Core\BusBuddy.Core.csproj]
ğŸ—ï¸ Build & Test	UNKNOWN STEP	2025-07-26T21:31:22.1701391Z ##[warning]D:\a\BusBuddy-2\BusBuddy-2\BusBuddy.Core\Data\Repositories\ActivityRepository.cs(116,75): warning CA1725: In member Task<bool> ActivityRepository.HasDriverConflictAsync(int driverId, DateTime date, TimeSpan startTime, TimeSpan endTime, int? excludeActivityId = null), change parameter name date to activityDate in order to match the identifier as it has been declared in Task<bool> IActivityRepository.HasDriverConflictAsync(int driverId, DateTime activityDate, TimeSpan startTime, TimeSpan endTime, int? excludeActivityId = null) (https://learn.microsoft.com/dotnet/fundamentals/code-analysis/quality-rules/ca1725) [D:\a\BusBuddy-2\BusBuddy-2\BusBuddy.Core\BusBuddy.Core.csproj]
ğŸ—ï¸ Build & Test	UNKNOWN STEP	2025-07-26T21:31:22.1705398Z ##[warning]D:\a\BusBuddy-2\BusBuddy-2\BusBuddy.WPF\ViewModels\Sports\SportsSchedulerViewModel.cs(28,41): warning CS0108: 'SportsSchedulerViewModel.Logger' hides inherited member 'BaseViewModel.Logger'. Use the new keyword if hiding was intended. [D:\a\BusBuddy-2\BusBuddy-2\BusBuddy.WPF\BusBuddy.WPF_g45a0jvv_wpftmp.csproj]
ğŸ—ï¸ Build & Test	UNKNOWN STEP	2025-07-26T21:31:22.1708704Z ##[warning]D:\a\BusBuddy-2\BusBuddy-2\BusBuddy.WPF\Views\Activity\ActivityScheduleEditDialog.xaml.cs(290,28): warning CS1998: This async method lacks 'await' operators and will run synchronously. Consider using the 'await' operator to await non-blocking API calls, or 'await Task.Run(...)' to do CPU-bound work on a background thread. [D:\a\BusBuddy-2\BusBuddy-2\BusBuddy.WPF\BusBuddy.WPF_g45a0jvv_wpftmp.csproj]
ğŸ—ï¸ Build & Test	UNKNOWN STEP	2025-07-26T21:31:22.1712202Z ##[warning]D:\a\BusBuddy-2\BusBuddy-2\BusBuddy.WPF\ViewModels\Sports\SportsSchedulerViewModel.cs(509,28): warning CS1998: This async method lacks 'await' operators and will run synchronously. Consider using the 'await' operator to await non-blocking API calls, or 'await Task.Run(...)' to do CPU-bound work on a background thread. [D:\a\BusBuddy-2\BusBuddy-2\BusBuddy.WPF\BusBuddy.WPF_g45a0jvv_wpftmp.csproj]
ğŸ—ï¸ Build & Test	UNKNOWN STEP	2025-07-26T21:31:22.1715618Z ##[warning]D:\a\BusBuddy-2\BusBuddy-2\BusBuddy.WPF\ViewModels\Sports\SportsSchedulerViewModel.cs(516,28): warning CS1998: This async method lacks 'await' operators and will run synchronously. Consider using the 'await' operator to await non-blocking API calls, or 'await Task.Run(...)' to do CPU-bound work on a background thread. [D:\a\BusBuddy-2\BusBuddy-2\BusBuddy.WPF\BusBuddy.WPF_g45a0jvv_wpftmp.csproj]
ğŸ—ï¸ Build & Test	UNKNOWN STEP	2025-07-26T21:31:22.1718409Z CSC : warning CA1016: Mark assemblies with assembly version (https://learn.microsoft.com/dotnet/fundamentals/code-analysis/quality-rules/ca1016) [D:\a\BusBuddy-2\BusBuddy-2\BusBuddy.WPF\BusBuddy.WPF_g45a0jvv_wpftmp.csproj]
ğŸ—ï¸ Build & Test	UNKNOWN STEP	2025-07-26T21:31:22.1721023Z ##[warning]D:\a\BusBuddy-2\BusBuddy-2\BusBuddy.WPF\Utilities\DebugOutputFilter.cs(356,21): warning CA1860: Prefer comparing 'Count' to 0 rather than using 'Any()', both for clarity and for performance (https://learn.microsoft.com/dotnet/fundamentals/code-analysis/quality-rules/ca1860) [D:\a\BusBuddy-2\BusBuddy-2\BusBuddy.WPF\BusBuddy.WPF_g45a0jvv_wpftmp.csproj]
ğŸ—ï¸ Build & Test	UNKNOWN STEP	2025-07-26T21:31:22.1724523Z ##[warning]D:\a\BusBuddy-2\BusBuddy-2\BusBuddy.WPF\Utilities\DebugOutputFilter.cs(410,35): warning CA1869: Avoid creating a new 'JsonSerializerOptions' instance for every serialization operation. Cache and reuse instances instead. (https://learn.microsoft.com/dotnet/fundamentals/code-analysis/quality-rules/ca1869) [D:\a\BusBuddy-2\BusBuddy-2\BusBuddy.WPF\BusBuddy.WPF_g45a0jvv_wpftmp.csproj]
ğŸ—ï¸ Build & Test	UNKNOWN STEP	2025-07-26T21:31:22.1727935Z ##[warning]D:\a\BusBuddy-2\BusBuddy-2\BusBuddy.WPF\Views\Activity\ActivityScheduleEditDialog.xaml.cs(353,17): warning CA1860: Prefer comparing 'Count' to 0 rather than using 'Any()', both for clarity and for performance (https://learn.microsoft.com/dotnet/fundamentals/code-analysis/quality-rules/ca1860) [D:\a\BusBuddy-2\BusBuddy-2\BusBuddy.WPF\BusBuddy.WPF_g45a0jvv_wpftmp.csproj]
ğŸ—ï¸ Build & Test	UNKNOWN STEP	2025-07-26T21:31:22.1731707Z ##[warning]D:\a\BusBuddy-2\BusBuddy-2\BusBuddy.WPF\Logging\UIOperationEnricher.cs(43,89): warning CA1840: Use 'Environment.CurrentManagedThreadId' instead of 'Thread.CurrentThread.ManagedThreadId' (https://learn.microsoft.com/dotnet/fundamentals/code-analysis/quality-rules/ca1840) [D:\a\BusBuddy-2\BusBuddy-2\BusBuddy.WPF\BusBuddy.WPF_g45a0jvv_wpftmp.csproj]
ğŸ—ï¸ Build & Test	UNKNOWN STEP	2025-07-26T21:31:22.1734851Z ##[warning]D:\a\BusBuddy-2\BusBuddy-2\BusBuddy.WPF\Utilities\ResourceDictionaryValidator.cs(51,45): warning CA1868: Do not guard 'HashSet.Add(string)' with 'HashSet.Contains(string)' (https://learn.microsoft.com/dotnet/fundamentals/code-analysis/quality-rules/ca1868) [D:\a\BusBuddy-2\BusBuddy-2\BusBuddy.WPF\BusBuddy.WPF_g45a0jvv_wpftmp.csproj]
ğŸ—ï¸ Build & Test	UNKNOWN STEP	2025-07-26T21:31:22.1738272Z ##[warning]D:\a\BusBuddy-2\BusBuddy-2\BusBuddy.WPF\Utilities\ResourceDictionaryValidator.cs(136,21): warning CA1854: Prefer a 'TryGetValue' call over a Dictionary indexer access guarded by a 'ContainsKey' check to avoid double lookup (https://learn.microsoft.com/dotnet/fundamentals/code-analysis/quality-rules/ca1854) [D:\a\BusBuddy-2\BusBuddy-2\BusBuddy.WPF\BusBuddy.WPF_g45a0jvv_wpftmp.csproj]
ğŸ—ï¸ Build & Test	UNKNOWN STEP	2025-07-26T21:31:22.1741489Z ##[warning]D:\a\BusBuddy-2\BusBuddy-2\BusBuddy.WPF\Utilities\ResourceDictionaryValidator.cs(191,33): warning CA1868: Do not guard 'HashSet.Add(string)' with 'HashSet.Contains(string)' (https://learn.microsoft.com/dotnet/fundamentals/code-analysis/quality-rules/ca1868) [D:\a\BusBuddy-2\BusBuddy-2\BusBuddy.WPF\BusBuddy.WPF_g45a0jvv_wpftmp.csproj]
ğŸ—ï¸ Build & Test	UNKNOWN STEP	2025-07-26T21:31:22.1744385Z ##[warning]D:\a\BusBuddy-2\BusBuddy-2\BusBuddy.WPF\Utilities\ResourceDictionaryDuplicateKeyResolver.cs(71,43): warning CA1309: Use ordinal string comparison (https://learn.microsoft.com/dotnet/fundamentals/code-analysis/quality-rules/ca1309) [D:\a\BusBuddy-2\BusBuddy-2\BusBuddy.WPF\BusBuddy.WPF_g45a0jvv_wpftmp.csproj]
ğŸ—ï¸ Build & Test	UNKNOWN STEP	2025-07-26T21:31:22.1747258Z ##[warning]D:\a\BusBuddy-2\BusBuddy-2\BusBuddy.WPF\Utilities\ResourceDictionaryDuplicateKeyResolver.cs(76,48): warning CA1309: Use ordinal string comparison (https://learn.microsoft.com/dotnet/fundamentals/code-analysis/quality-rules/ca1309) [D:\a\BusBuddy-2\BusBuddy-2\BusBuddy.WPF\BusBuddy.WPF_g45a0jvv_wpftmp.csproj]
ğŸ—ï¸ Build & Test	UNKNOWN STEP	2025-07-26T21:31:22.1750296Z ##[warning]D:\a\BusBuddy-2\BusBuddy-2\BusBuddy.WPF\Utilities\ResourceDictionaryDuplicateKeyResolver.cs(95,29): warning CA1868: Do not guard 'HashSet.Add(string)' with 'HashSet.Contains(string)' (https://learn.microsoft.com/dotnet/fundamentals/code-analysis/quality-rules/ca1868) [D:\a\BusBuddy-2\BusBuddy-2\BusBuddy.WPF\BusBuddy.WPF_g45a0jvv_wpftmp.csproj]
ğŸ—ï¸ Build & Test	UNKNOWN STEP	2025-07-26T21:31:22.1753751Z ##[warning]D:\a\BusBuddy-2\BusBuddy-2\BusBuddy.WPF\Logging\BusBuddyContextEnricher.cs(77,20): warning CA1840: Use 'Environment.CurrentManagedThreadId' instead of 'Thread.CurrentThread.ManagedThreadId' (https://learn.microsoft.com/dotnet/fundamentals/code-analysis/quality-rules/ca1840) [D:\a\BusBuddy-2\BusBuddy-2\BusBuddy.WPF\BusBuddy.WPF_g45a0jvv_wpftmp.csproj]
ğŸ—ï¸ Build & Test	UNKNOWN STEP	2025-07-26T21:31:22.1756904Z ##[warning]D:\a\BusBuddy-2\BusBuddy-2\BusBuddy.WPF\Logging\CondensedLogFormatter.cs(145,27): warning CA1845: Use span-based 'string.Concat' and 'AsSpan' instead of 'Substring' (https://learn.microsoft.com/dotnet/fundamentals/code-analysis/quality-rules/ca1845) [D:\a\BusBuddy-2\BusBuddy-2\BusBuddy.WPF\BusBuddy.WPF_g45a0jvv_wpftmp.csproj]
ğŸ—ï¸ Build & Test	UNKNOWN STEP	2025-07-26T21:31:22.1760048Z ##[warning]D:\a\BusBuddy-2\BusBuddy-2\BusBuddy.WPF\Utilities\DebugOutputFilter.cs(545,18): warning CA1860: Prefer comparing 'Count' to 0 rather than using 'Any()', both for clarity and for performance (https://learn.microsoft.com/dotnet/fundamentals/code-analysis/quality-rules/ca1860) [D:\a\BusBuddy-2\BusBuddy-2\BusBuddy.WPF\BusBuddy.WPF_g45a0jvv_wpftmp.csproj]
ğŸ—ï¸ Build & Test	UNKNOWN STEP	2025-07-26T21:31:22.1767074Z ##[warning]D:\a\BusBuddy-2\BusBuddy-2\BusBuddy.WPF\Utilities\DebugOutputFilter.cs(745,43): warning CA1861: Prefer 'static readonly' fields over constant array arguments if the called method is called repeatedly and is not mutating the passed array (https://learn.microsoft.com/dotnet/fundamentals/code-analysis/quality-rules/ca1861) [D:\a\BusBuddy-2\BusBuddy-2\BusBuddy.WPF\BusBuddy.WPF_g45a0jvv_wpftmp.csproj]
ğŸ—ï¸ Build & Test	UNKNOWN STEP	2025-07-26T21:31:22.1770649Z ##[warning]D:\a\BusBuddy-2\BusBuddy-2\BusBuddy.WPF\Utilities\DebugOutputFilter.cs(827,58): warning CA1311: Specify a culture or use an invariant version to avoid implicit dependency on current culture (https://learn.microsoft.com/dotnet/fundamentals/code-analysis/quality-rules/ca1311) [D:\a\BusBuddy-2\BusBuddy-2\BusBuddy.WPF\BusBuddy.WPF_g45a0jvv_wpftmp.csproj]
ğŸ—ï¸ Build & Test	UNKNOWN STEP	2025-07-26T21:31:22.1774760Z ##[warning]D:\a\BusBuddy-2\BusBuddy-2\BusBuddy.WPF\Utilities\DebugOutputFilter.cs(812,28): warning CA1840: Use 'Environment.CurrentManagedThreadId' instead of 'Thread.CurrentThread.ManagedThreadId' (https://learn.microsoft.com/dotnet/fundamentals/code-analysis/quality-rules/ca1840) [D:\a\BusBuddy-2\BusBuddy-2\BusBuddy.WPF\BusBuddy.WPF_g45a0jvv_wpftmp.csproj]
ğŸ—ï¸ Build & Test	UNKNOWN STEP	2025-07-26T21:31:22.1778383Z ##[warning]D:\a\BusBuddy-2\BusBuddy-2\BusBuddy.WPF\Utilities\DebugOutputFilter.cs(913,20): warning CA1854: Prefer a 'TryGetValue' call over a Dictionary indexer access guarded by a 'ContainsKey' check to avoid double lookup (https://learn.microsoft.com/dotnet/fundamentals/code-analysis/quality-rules/ca1854) [D:\a\BusBuddy-2\BusBuddy-2\BusBuddy.WPF\BusBuddy.WPF_g45a0jvv_wpftmp.csproj]
ğŸ—ï¸ Build & Test	UNKNOWN STEP	2025-07-26T21:31:22.1781730Z ##[warning]D:\a\BusBuddy-2\BusBuddy-2\BusBuddy.WPF\Utilities\DebugOutputFilter.cs(975,32): warning CA1311: Specify a culture or use an invariant version to avoid implicit dependency on current culture (https://learn.microsoft.com/dotnet/fundamentals/code-analysis/quality-rules/ca1311) [D:\a\BusBuddy-2\BusBuddy-2\BusBuddy.WPF\BusBuddy.WPF_g45a0jvv_wpftmp.csproj]
ğŸ—ï¸ Build & Test	UNKNOWN STEP	2025-07-26T21:31:22.1786712Z ##[warning]D:\a\BusBuddy-2\BusBuddy-2\BusBuddy.WPF\Utilities\DebugOutputFilter.cs(975,25): warning CA1862: Prefer using 'string.Equals(string, StringComparison)' to perform a case-insensitive comparison, but keep in mind that this might cause subtle changes in behavior, so make sure to conduct thorough testing after applying the suggestion, or if culturally sensitive comparison is not required, consider using 'StringComparison.OrdinalIgnoreCase' (https://learn.microsoft.com/dotnet/fundamentals/code-analysis/quality-rules/ca1862) [D:\a\BusBuddy-2\BusBuddy-2\BusBuddy.WPF\BusBuddy.WPF_g45a0jvv_wpftmp.csproj]
ğŸ—ï¸ Build & Test	UNKNOWN STEP	2025-07-26T21:31:22.1790808Z ##[warning]D:\a\BusBuddy-2\BusBuddy-2\BusBuddy.WPF\Utilities\PerformanceOptimizer.cs(180,40): warning CA1840: Use 'Environment.CurrentManagedThreadId' instead of 'Thread.CurrentThread.ManagedThreadId' (https://learn.microsoft.com/dotnet/fundamentals/code-analysis/quality-rules/ca1840) [D:\a\BusBuddy-2\BusBuddy-2\BusBuddy.WPF\BusBuddy.WPF_g45a0jvv_wpftmp.csproj]
ğŸ—ï¸ Build & Test	UNKNOWN STEP	2025-07-26T21:31:22.1794254Z ##[warning]D:\a\BusBuddy-2\BusBuddy-2\BusBuddy.WPF\Logging\StartupExceptionEnricher.cs(381,20): warning CA1860: Prefer comparing 'Count' to 0 rather than using 'Any()', both for clarity and for performance (https://learn.microsoft.com/dotnet/fundamentals/code-analysis/quality-rules/ca1860) [D:\a\BusBuddy-2\BusBuddy-2\BusBuddy.WPF\BusBuddy.WPF_g45a0jvv_wpftmp.csproj]
ğŸ—ï¸ Build & Test	UNKNOWN STEP	2025-07-26T21:31:22.1797514Z ##[warning]D:\a\BusBuddy-2\BusBuddy-2\BusBuddy.WPF\Logging\StartupExceptionEnricher.cs(448,20): warning CA1860: Prefer comparing 'Count' to 0 rather than using 'Any()', both for clarity and for performance (https://learn.microsoft.com/dotnet/fundamentals/code-analysis/quality-rules/ca1860) [D:\a\BusBuddy-2\BusBuddy-2\BusBuddy.WPF\BusBuddy.WPF_g45a0jvv_wpftmp.csproj]
ğŸ—ï¸ Build & Test	UNKNOWN STEP	2025-07-26T21:31:22.1800767Z ##[warning]D:\a\BusBuddy-2\BusBuddy-2\BusBuddy.WPF\Utilities\FormatUtils.cs(73,31): warning CA1311: Specify a culture or use an invariant version to avoid implicit dependency on current culture (https://learn.microsoft.com/dotnet/fundamentals/code-analysis/quality-rules/ca1311) [D:\a\BusBuddy-2\BusBuddy-2\BusBuddy.WPF\BusBuddy.WPF_g45a0jvv_wpftmp.csproj]
ğŸ—ï¸ Build & Test	UNKNOWN STEP	2025-07-26T21:31:22.1804488Z ##[warning]D:\a\BusBuddy-2\BusBuddy-2\BusBuddy.WPF\Utilities\FormatUtils.cs(75,66): warning CA1311: Specify a culture or use an invariant version to avoid implicit dependency on current culture (https://learn.microsoft.com/dotnet/fundamentals/code-analysis/quality-rules/ca1311) [D:\a\BusBuddy-2\BusBuddy-2\BusBuddy.WPF\BusBuddy.WPF_g45a0jvv_wpftmp.csproj]
ğŸ—ï¸ Build & Test	UNKNOWN STEP	2025-07-26T21:31:22.1807628Z ##[warning]D:\a\BusBuddy-2\BusBuddy-2\BusBuddy.WPF\Utilities\PerformanceOptimizer.cs(321,25): warning CA1836: Prefer 'IsEmpty' over 'Count' to determine whether the object is empty (https://learn.microsoft.com/dotnet/fundamentals/code-analysis/quality-rules/ca1836) [D:\a\BusBuddy-2\BusBuddy-2\BusBuddy.WPF\BusBuddy.WPF_g45a0jvv_wpftmp.csproj]
ğŸ—ï¸ Build & Test	UNKNOWN STEP	2025-07-26T21:31:22.1811077Z ##[warning]D:\a\BusBuddy-2\BusBuddy-2\BusBuddy.WPF\Utilities\PerformanceOptimizer.cs(358,22): warning CA1854: Prefer a 'TryGetValue' call over a Dictionary indexer access guarded by a 'ContainsKey' check to avoid double lookup (https://learn.microsoft.com/dotnet/fundamentals/code-analysis/quality-rules/ca1854) [D:\a\BusBuddy-2\BusBuddy-2\BusBuddy.WPF\BusBuddy.WPF_g45a0jvv_wpftmp.csproj]
ğŸ—ï¸ Build & Test	UNKNOWN STEP	2025-07-26T21:31:22.1815714Z ##[warning]D:\a\BusBuddy-2\BusBuddy-2\BusBuddy.WPF\Utilities\LogConsolidationUtility.cs(61,30): warning CA1310: The behavior of 'string.StartsWith(string)' could vary based on the current user's locale settings. Replace this call in 'BusBuddy.WPF.Utilities.LogConsolidationUtility.ConsolidateScatteredLogs()' with a call to 'string.StartsWith(string, System.StringComparison)'. (https://learn.microsoft.com/dotnet/fundamentals/code-analysis/quality-rules/ca1310) [D:\a\BusBuddy-2\BusBuddy-2\BusBuddy.WPF\BusBuddy.WPF_g45a0jvv_wpftmp.csproj]
ğŸ—ï¸ Build & Test	UNKNOWN STEP	2025-07-26T21:31:22.1819628Z ##[warning]D:\a\BusBuddy-2\BusBuddy-2\BusBuddy.WPF\ViewModels\Sports\SportsSchedulerViewModel.cs(226,52): warning CA1311: Specify a culture or use an invariant version to avoid implicit dependency on current culture (https://learn.microsoft.com/dotnet/fundamentals/code-analysis/quality-rules/ca1311) [D:\a\BusBuddy-2\BusBuddy-2\BusBuddy.WPF\BusBuddy.WPF_g45a0jvv_wpftmp.csproj]
ğŸ—ï¸ Build & Test	UNKNOWN STEP	2025-07-26T21:31:22.1822993Z ##[warning]D:\a\BusBuddy-2\BusBuddy-2\BusBuddy.WPF\ViewModels\Sports\SportsSchedulerViewModel.cs(227,51): warning CA1311: Specify a culture or use an invariant version to avoid implicit dependency on current culture (https://learn.microsoft.com/dotnet/fundamentals/code-analysis/quality-rules/ca1311) [D:\a\BusBuddy-2\BusBuddy-2\BusBuddy.WPF\BusBuddy.WPF_g45a0jvv_wpftmp.csproj]
ğŸ—ï¸ Build & Test	UNKNOWN STEP	2025-07-26T21:31:22.1826447Z ##[warning]D:\a\BusBuddy-2\BusBuddy-2\BusBuddy.WPF\ViewModels\Sports\SportsSchedulerViewModel.cs(228,51): warning CA1311: Specify a culture or use an invariant version to avoid implicit dependency on current culture (https://learn.microsoft.com/dotnet/fundamentals/code-analysis/quality-rules/ca1311) [D:\a\BusBuddy-2\BusBuddy-2\BusBuddy.WPF\BusBuddy.WPF_g45a0jvv_wpftmp.csproj]
ğŸ—ï¸ Build & Test	UNKNOWN STEP	2025-07-26T21:31:22.1829839Z ##[warning]D:\a\BusBuddy-2\BusBuddy-2\BusBuddy.WPF\ViewModels\Sports\SportsSchedulerViewModel.cs(229,51): warning CA1311: Specify a culture or use an invariant version to avoid implicit dependency on current culture (https://learn.microsoft.com/dotnet/fundamentals/code-analysis/quality-rules/ca1311) [D:\a\BusBuddy-2\BusBuddy-2\BusBuddy.WPF\BusBuddy.WPF_g45a0jvv_wpftmp.csproj]
ğŸ—ï¸ Build & Test	UNKNOWN STEP	2025-07-26T21:31:22.1833198Z ##[warning]D:\a\BusBuddy-2\BusBuddy-2\BusBuddy.WPF\ViewModels\Sports\SportsSchedulerViewModel.cs(230,51): warning CA1311: Specify a culture or use an invariant version to avoid implicit dependency on current culture (https://learn.microsoft.com/dotnet/fundamentals/code-analysis/quality-rules/ca1311) [D:\a\BusBuddy-2\BusBuddy-2\BusBuddy.WPF\BusBuddy.WPF_g45a0jvv_wpftmp.csproj]
ğŸ—ï¸ Build & Test	UNKNOWN STEP	2025-07-26T21:31:22.1838708Z ##[warning]D:\a\BusBuddy-2\BusBuddy-2\BusBuddy.WPF\ViewModels\Sports\SportsSchedulerViewModel.cs(226,37): warning CA1862: Prefer the string comparison method overload of 'string.Contains(string)' that takes a 'StringComparison' enum value to perform a case-insensitive comparison, but keep in mind that this might cause subtle changes in behavior, so make sure to conduct thorough testing after applying the suggestion, or if culturally sensitive comparison is not required, consider using 'StringComparison.OrdinalIgnoreCase' (https://learn.microsoft.com/dotnet/fundamentals/code-analysis/quality-rules/ca1862) [D:\a\BusBuddy-2\BusBuddy-2\BusBuddy.WPF\BusBuddy.WPF_g45a0jvv_wpftmp.csproj]
ğŸ—ï¸ Build & Test	UNKNOWN STEP	2025-07-26T21:31:22.1845602Z ##[warning]D:\a\BusBuddy-2\BusBuddy-2\BusBuddy.WPF\ViewModels\Sports\SportsSchedulerViewModel.cs(227,36): warning CA1862: Prefer the string comparison method overload of 'string.Contains(string)' that takes a 'StringComparison' enum value to perform a case-insensitive comparison, but keep in mind that this might cause subtle changes in behavior, so make sure to conduct thorough testing after applying the suggestion, or if culturally sensitive comparison is not required, consider using 'StringComparison.OrdinalIgnoreCase' (https://learn.microsoft.com/dotnet/fundamentals/code-analysis/quality-rules/ca1862) [D:\a\BusBuddy-2\BusBuddy-2\BusBuddy.WPF\BusBuddy.WPF_g45a0jvv_wpftmp.csproj]
ğŸ—ï¸ Build & Test	UNKNOWN STEP	2025-07-26T21:31:22.1852002Z ##[warning]D:\a\BusBuddy-2\BusBuddy-2\BusBuddy.WPF\ViewModels\Sports\SportsSchedulerViewModel.cs(228,36): warning CA1862: Prefer the string comparison method overload of 'string.Contains(string)' that takes a 'StringComparison' enum value to perform a case-insensitive comparison, but keep in mind that this might cause subtle changes in behavior, so make sure to conduct thorough testing after applying the suggestion, or if culturally sensitive comparison is not required, consider using 'StringComparison.OrdinalIgnoreCase' (https://learn.microsoft.com/dotnet/fundamentals/code-analysis/quality-rules/ca1862) [D:\a\BusBuddy-2\BusBuddy-2\BusBuddy.WPF\BusBuddy.WPF_g45a0jvv_wpftmp.csproj]
ğŸ—ï¸ Build & Test	UNKNOWN STEP	2025-07-26T21:31:22.1858397Z ##[warning]D:\a\BusBuddy-2\BusBuddy-2\BusBuddy.WPF\ViewModels\Sports\SportsSchedulerViewModel.cs(229,36): warning CA1862: Prefer the string comparison method overload of 'string.Contains(string)' that takes a 'StringComparison' enum value to perform a case-insensitive comparison, but keep in mind that this might cause subtle changes in behavior, so make sure to conduct thorough testing after applying the suggestion, or if culturally sensitive comparison is not required, consider using 'StringComparison.OrdinalIgnoreCase' (https://learn.microsoft.com/dotnet/fundamentals/code-analysis/quality-rules/ca1862) [D:\a\BusBuddy-2\BusBuddy-2\BusBuddy.WPF\BusBuddy.WPF_g45a0jvv_wpftmp.csproj]
ğŸ—ï¸ Build & Test	UNKNOWN STEP	2025-07-26T21:31:22.1864867Z ##[warning]D:\a\BusBuddy-2\BusBuddy-2\BusBuddy.WPF\ViewModels\Sports\SportsSchedulerViewModel.cs(230,36): warning CA1862: Prefer the string comparison method overload of 'string.Contains(string)' that takes a 'StringComparison' enum value to perform a case-insensitive comparison, but keep in mind that this might cause subtle changes in behavior, so make sure to conduct thorough testing after applying the suggestion, or if culturally sensitive comparison is not required, consider using 'StringComparison.OrdinalIgnoreCase' (https://learn.microsoft.com/dotnet/fundamentals/code-analysis/quality-rules/ca1862) [D:\a\BusBuddy-2\BusBuddy-2\BusBuddy.WPF\BusBuddy.WPF_g45a0jvv_wpftmp.csproj]
ğŸ—ï¸ Build & Test	UNKNOWN STEP	2025-07-26T21:31:22.1869183Z ##[warning]D:\a\BusBuddy-2\BusBuddy-2\BusBuddy.WPF\ViewModels\Sports\SportsSchedulerViewModel.cs(302,61): warning CA1311: Specify a culture or use an invariant version to avoid implicit dependency on current culture (https://learn.microsoft.com/dotnet/fundamentals/code-analysis/quality-rules/ca1311) [D:\a\BusBuddy-2\BusBuddy-2\BusBuddy.WPF\BusBuddy.WPF_g45a0jvv_wpftmp.csproj]
ğŸ—ï¸ Build & Test	UNKNOWN STEP	2025-07-26T21:31:22.1872526Z ##[warning]D:\a\BusBuddy-2\BusBuddy-2\BusBuddy.WPF\ViewModels\Sports\SportsSchedulerViewModel.cs(302,92): warning CA1311: Specify a culture or use an invariant version to avoid implicit dependency on current culture (https://learn.microsoft.com/dotnet/fundamentals/code-analysis/quality-rules/ca1311) [D:\a\BusBuddy-2\BusBuddy-2\BusBuddy.WPF\BusBuddy.WPF_g45a0jvv_wpftmp.csproj]
ğŸ—ï¸ Build & Test	UNKNOWN STEP	2025-07-26T21:31:22.1878363Z ##[warning]D:\a\BusBuddy-2\BusBuddy-2\BusBuddy.WPF\ViewModels\Sports\SportsSchedulerViewModel.cs(302,46): warning CA1862: Prefer the string comparison method overload of 'string.Contains(string)' that takes a 'StringComparison' enum value to perform a case-insensitive comparison, but keep in mind that this might cause subtle changes in behavior, so make sure to conduct thorough testing after applying the suggestion, or if culturally sensitive comparison is not required, consider using 'StringComparison.OrdinalIgnoreCase' (https://learn.microsoft.com/dotnet/fundamentals/code-analysis/quality-rules/ca1862) [D:\a\BusBuddy-2\BusBuddy-2\BusBuddy.WPF\BusBuddy.WPF_g45a0jvv_wpftmp.csproj]
ğŸ—ï¸ Build & Test	UNKNOWN STEP	2025-07-26T21:31:22.1882660Z ##[warning]D:\a\BusBuddy-2\BusBuddy-2\BusBuddy.WPF\ViewModels\Sports\SportsSchedulerViewModel.cs(321,98): warning CA1311: Specify a culture or use an invariant version to avoid implicit dependency on current culture (https://learn.microsoft.com/dotnet/fundamentals/code-analysis/quality-rules/ca1311) [D:\a\BusBuddy-2\BusBuddy-2\BusBuddy.WPF\BusBuddy.WPF_g45a0jvv_wpftmp.csproj]
ğŸ—ï¸ Build & Test	UNKNOWN STEP	2025-07-26T21:31:22.1888104Z ##[warning]D:\a\BusBuddy-2\BusBuddy-2\BusBuddy.WPF\ViewModels\Sports\SportsSchedulerViewModel.cs(321,84): warning CA1862: Prefer the string comparison method overload of 'string.Contains(string)' that takes a 'StringComparison' enum value to perform a case-insensitive comparison, but keep in mind that this might cause subtle changes in behavior, so make sure to conduct thorough testing after applying the suggestion, or if culturally sensitive comparison is not required, consider using 'StringComparison.OrdinalIgnoreCase' (https://learn.microsoft.com/dotnet/fundamentals/code-analysis/quality-rules/ca1862) [D:\a\BusBuddy-2\BusBuddy-2\BusBuddy.WPF\BusBuddy.WPF_g45a0jvv_wpftmp.csproj]
ğŸ—ï¸ Build & Test	UNKNOWN STEP	2025-07-26T21:31:22.1892350Z ##[warning]D:\a\BusBuddy-2\BusBuddy-2\BusBuddy.WPF\ViewModels\Sports\SportsSchedulerViewModel.cs(484,21): warning CA1860: Prefer comparing 'Count' to 0 rather than using 'Any()', both for clarity and for performance (https://learn.microsoft.com/dotnet/fundamentals/code-analysis/quality-rules/ca1860) [D:\a\BusBuddy-2\BusBuddy-2\BusBuddy.WPF\BusBuddy.WPF_g45a0jvv_wpftmp.csproj]
ğŸ—ï¸ Build & Test	UNKNOWN STEP	2025-07-26T21:31:22.1895569Z ##[warning]D:\a\BusBuddy-2\BusBuddy-2\BusBuddy.WPF\Mapping\MappingProfile.cs(158,17): warning CA1860: Prefer comparing 'Count' to 0 rather than using 'Any()', both for clarity and for performance (https://learn.microsoft.com/dotnet/fundamentals/code-analysis/quality-rules/ca1860) [D:\a\BusBuddy-2\BusBuddy-2\BusBuddy.WPF\BusBuddy.WPF_g45a0jvv_wpftmp.csproj]
ğŸ—ï¸ Build & Test	UNKNOWN STEP	2025-07-26T21:31:22.1900032Z ##[warning]D:\a\BusBuddy-2\BusBuddy-2\BusBuddy.WPF\Utilities\LogConsolidationUtility.cs(198,58): warning CA1310: The behavior of 'string.StartsWith(string)' could vary based on the current user's locale settings. Replace this call in 'BusBuddy.WPF.Utilities.LogConsolidationUtility.GetLogStats()' with a call to 'string.StartsWith(string, System.StringComparison)'. (https://learn.microsoft.com/dotnet/fundamentals/code-analysis/quality-rules/ca1310) [D:\a\BusBuddy-2\BusBuddy-2\BusBuddy.WPF\BusBuddy.WPF_g45a0jvv_wpftmp.csproj]
ğŸ—ï¸ Build & Test	UNKNOWN STEP	2025-07-26T21:31:22.1904993Z ##[warning]D:\a\BusBuddy-2\BusBuddy-2\BusBuddy.WPF\Utilities\LogConsolidationUtility.cs(199,59): warning CA1310: The behavior of 'string.StartsWith(string)' could vary based on the current user's locale settings. Replace this call in 'BusBuddy.WPF.Utilities.LogConsolidationUtility.GetLogStats()' with a call to 'string.StartsWith(string, System.StringComparison)'. (https://learn.microsoft.com/dotnet/fundamentals/code-analysis/quality-rules/ca1310) [D:\a\BusBuddy-2\BusBuddy-2\BusBuddy.WPF\BusBuddy.WPF_g45a0jvv_wpftmp.csproj]
ğŸ—ï¸ Build & Test	UNKNOWN STEP	2025-07-26T21:31:22.1908849Z ##[warning]D:\a\BusBuddy-2\BusBuddy-2\BusBuddy.WPF\ViewModels\Activity\ActivityTimelineViewModel.cs(266,29): warning CA1311: Specify a culture or use an invariant version to avoid implicit dependency on current culture (https://learn.microsoft.com/dotnet/fundamentals/code-analysis/quality-rules/ca1311) [D:\a\BusBuddy-2\BusBuddy-2\BusBuddy.WPF\BusBuddy.WPF_g45a0jvv_wpftmp.csproj]
ğŸ—ï¸ Build & Test	UNKNOWN STEP	2025-07-26T21:31:22.1912727Z ##[warning]D:\a\BusBuddy-2\BusBuddy-2\BusBuddy.WPF\ViewModels\Bus\BusViewModel.cs(86,70): warning CA1311: Specify a culture or use an invariant version to avoid implicit dependency on current culture (https://learn.microsoft.com/dotnet/fundamentals/code-analysis/quality-rules/ca1311) [D:\a\BusBuddy-2\BusBuddy-2\BusBuddy.WPF\BusBuddy.WPF_g45a0jvv_wpftmp.csproj]
ğŸ—ï¸ Build & Test	UNKNOWN STEP	2025-07-26T21:31:22.1916058Z ##[warning]D:\a\BusBuddy-2\BusBuddy-2\BusBuddy.WPF\Services\MappingService.cs(62,13): warning CA1510: Use 'ArgumentNullException.ThrowIfNull' instead of explicitly throwing a new exception instance (https://learn.microsoft.com/dotnet/fundamentals/code-analysis/quality-rules/ca1510) [D:\a\BusBuddy-2\BusBuddy-2\BusBuddy.WPF\BusBuddy.WPF_g45a0jvv_wpftmp.csproj]
ğŸ—ï¸ Build & Test	UNKNOWN STEP	2025-07-26T21:31:22.1922316Z ##[warning]D:\a\BusBuddy-2\BusBuddy-2\BusBuddy.WPF\Services\Schedule\BusBuddyScheduleDataProvider.cs(157,30): warning CA1311: Specify a culture or use an invariant version to avoid implicit dependency on current culture (https://learn.microsoft.com/dotnet/fundamentals/code-analysis/quality-rules/ca1311) [D:\a\BusBuddy-2\BusBuddy-2\BusBuddy.WPF\BusBuddy.WPF_g45a0jvv_wpftmp.csproj]
ğŸ—ï¸ Build & Test	UNKNOWN STEP	2025-07-26T21:31:22.1930090Z ##[warning]D:\a\BusBuddy-2\BusBuddy-2\BusBuddy.WPF\Services\Schedule\BusBuddyScheduleDataProvider.cs(155,19): warning CA1859: Change return type of method 'GetBrushForActivityType' from 'System.Windows.Media.Brush' to 'System.Windows.Media.SolidColorBrush' for improved performance (https://learn.microsoft.com/dotnet/fundamentals/code-analysis/quality-rules/ca1859) [D:\a\BusBuddy-2\BusBuddy-2\BusBuddy.WPF\BusBuddy.WPF_g45a0jvv_wpftmp.csproj]
ğŸ—ï¸ Build & Test	UNKNOWN STEP	2025-07-26T21:31:22.1935068Z CSC : warning CA1824: Mark assemblies with NeutralResourcesLanguageAttribute (https://learn.microsoft.com/dotnet/fundamentals/code-analysis/quality-rules/ca1824) [D:\a\BusBuddy-2\BusBuddy-2\BusBuddy.WPF\BusBuddy.WPF_g45a0jvv_wpftmp.csproj]
ğŸ—ï¸ Build & Test	UNKNOWN STEP	2025-07-26T21:31:22.1940766Z ##[warning]D:\a\BusBuddy-2\BusBuddy-2\BusBuddy.WPF\Logging\StartupExceptionEnricher.cs(487,23): warning CA1852: Type 'StartupExceptionPattern' can be sealed because it has no subtypes in its containing assembly and is not externally visible (https://learn.microsoft.com/dotnet/fundamentals/code-analysis/quality-rules/ca1852) [D:\a\BusBuddy-2\BusBuddy-2\BusBuddy.WPF\BusBuddy.WPF_g45a0jvv_wpftmp.csproj]
ğŸ—ï¸ Build & Test	UNKNOWN STEP	2025-07-26T21:31:22.1947724Z ##[warning]D:\a\BusBuddy-2\BusBuddy-2\BusBuddy.WPF\Utilities\LoggingModeManager.cs(432,23): warning CA1852: Type 'LoggingScope' can be sealed because it has no subtypes in its containing assembly and is not externally visible (https://learn.microsoft.com/dotnet/fundamentals/code-analysis/quality-rules/ca1852) [D:\a\BusBuddy-2\BusBuddy-2\BusBuddy.WPF\BusBuddy.WPF_g45a0jvv_wpftmp.csproj]
ğŸ—ï¸ Build & Test	UNKNOWN STEP	2025-07-26T21:31:22.1954599Z ##[warning]D:\a\BusBuddy-2\BusBuddy-2\BusBuddy.WPF\Logging\LogAggregationEnricher.cs(189,23): warning CA1852: Type 'LogEventGroup' can be sealed because it has no subtypes in its containing assembly and is not externally visible (https://learn.microsoft.com/dotnet/fundamentals/code-analysis/quality-rules/ca1852) [D:\a\BusBuddy-2\BusBuddy-2\BusBuddy.WPF\BusBuddy.WPF_g45a0jvv_wpftmp.csproj]
ğŸ—ï¸ Build & Test	UNKNOWN STEP	2025-07-26T21:31:22.1961507Z ##[error]D:\a\BusBuddy-2\BusBuddy-2\BusBuddy.WPF\ViewModels\Sports\SportsSchedulerViewModel.cs(237,39): error CS1061: 'Vehicle' does not contain a definition for 'IsActive' and no accessible extension method 'IsActive' accepting a first argument of type 'Vehicle' could be found (are you missing a using directive or an assembly reference?) [D:\a\BusBuddy-2\BusBuddy-2\BusBuddy.WPF\BusBuddy.WPF_g45a0jvv_wpftmp.csproj]
ğŸ—ï¸ Build & Test	UNKNOWN STEP	2025-07-26T21:31:22.1968642Z ##[error]D:\a\BusBuddy-2\BusBuddy-2\BusBuddy.WPF\ViewModels\Sports\SportsSchedulerViewModel.cs(237,53): error CS1061: 'Vehicle' does not contain a definition for 'OperationalStatus' and no accessible extension method 'OperationalStatus' accepting a first argument of type 'Vehicle' could be found (are you missing a using directive or an assembly reference?) [D:\a\BusBuddy-2\BusBuddy-2\BusBuddy.WPF\BusBuddy.WPF_g45a0jvv_wpftmp.csproj]
ğŸ—ï¸ Build & Test	UNKNOWN STEP	2025-07-26T21:31:22.1975853Z ##[error]D:\a\BusBuddy-2\BusBuddy-2\BusBuddy.WPF\ViewModels\Sports\SportsSchedulerViewModel.cs(243,39): error CS1061: 'Driver' does not contain a definition for 'IsActive' and no accessible extension method 'IsActive' accepting a first argument of type 'Driver' could be found (are you missing a using directive or an assembly reference?) [D:\a\BusBuddy-2\BusBuddy-2\BusBuddy.WPF\BusBuddy.WPF_g45a0jvv_wpftmp.csproj]
ğŸ—ï¸ Build & Test	UNKNOWN STEP	2025-07-26T21:31:22.1980857Z ##[error]D:\a\BusBuddy-2\BusBuddy-2\BusBuddy.WPF\ViewModels\Sports\SportsSchedulerViewModel.cs(250,72): error CS0103: The name 'DestinationTypes' does not exist in the current context [D:\a\BusBuddy-2\BusBuddy-2\BusBuddy.WPF\BusBuddy.WPF_g45a0jvv_wpftmp.csproj]
ğŸ—ï¸ Build & Test	UNKNOWN STEP	2025-07-26T21:31:22.1984971Z ##[error]D:\a\BusBuddy-2\BusBuddy-2\BusBuddy.WPF\ViewModels\Sports\SportsSchedulerViewModel.cs(278,49): error CS1503: Argument 3: cannot convert from 'method group' to 'object' [D:\a\BusBuddy-2\BusBuddy-2\BusBuddy.WPF\BusBuddy.WPF_g45a0jvv_wpftmp.csproj]
ğŸ—ï¸ Build & Test	UNKNOWN STEP	2025-07-26T21:31:22.1988972Z ##[error]D:\a\BusBuddy-2\BusBuddy-2\BusBuddy.WPF\ViewModels\Sports\SportsSchedulerViewModel.cs(278,65): error CS1503: Argument 4: cannot convert from 'method group' to 'object' [D:\a\BusBuddy-2\BusBuddy-2\BusBuddy.WPF\BusBuddy.WPF_g45a0jvv_wpftmp.csproj]
ğŸ—ï¸ Build & Test	UNKNOWN STEP	2025-07-26T21:31:22.1992997Z ##[error]D:\a\BusBuddy-2\BusBuddy-2\BusBuddy.WPF\ViewModels\Sports\SportsSchedulerViewModel.cs(278,80): error CS1503: Argument 5: cannot convert from 'method group' to 'object' [D:\a\BusBuddy-2\BusBuddy-2\BusBuddy.WPF\BusBuddy.WPF_g45a0jvv_wpftmp.csproj]
ğŸ—ï¸ Build & Test	UNKNOWN STEP	2025-07-26T21:31:22.1999922Z ##[error]D:\a\BusBuddy-2\BusBuddy-2\BusBuddy.WPF\ViewModels\Sports\SportsSchedulerViewModel.cs(567,49): error CS1061: 'RelayCommand' does not contain a definition for 'RaiseCanExecuteChanged' and no accessible extension method 'RaiseCanExecuteChanged' accepting a first argument of type 'RelayCommand' could be found (are you missing a using directive or an assembly reference?) [D:\a\BusBuddy-2\BusBuddy-2\BusBuddy.WPF\BusBuddy.WPF_g45a0jvv_wpftmp.csproj]
ğŸ—ï¸ Build & Test	UNKNOWN STEP	2025-07-26T21:31:22.2007923Z ##[error]D:\a\BusBuddy-2\BusBuddy-2\BusBuddy.WPF\ViewModels\Sports\SportsSchedulerViewModel.cs(568,51): error CS1061: 'RelayCommand' does not contain a definition for 'RaiseCanExecuteChanged' and no accessible extension method 'RaiseCanExecuteChanged' accepting a first argument of type 'RelayCommand' could be found (are you missing a using directive or an assembly reference?) [D:\a\BusBuddy-2\BusBuddy-2\BusBuddy.WPF\BusBuddy.WPF_g45a0jvv_wpftmp.csproj]
ğŸ—ï¸ Build & Test	UNKNOWN STEP	2025-07-26T21:31:22.2016152Z ##[error]D:\a\BusBuddy-2\BusBuddy-2\BusBuddy.WPF\ViewModels\Sports\SportsSchedulerViewModel.cs(569,50): error CS1061: 'RelayCommand' does not contain a definition for 'RaiseCanExecuteChanged' and no accessible extension method 'RaiseCanExecuteChanged' accepting a first argument of type 'RelayCommand' could be found (are you missing a using directive or an assembly reference?) [D:\a\BusBuddy-2\BusBuddy-2\BusBuddy.WPF\BusBuddy.WPF_g45a0jvv_wpftmp.csproj]
ğŸ—ï¸ Build & Test	UNKNOWN STEP	2025-07-26T21:31:22.2024123Z ##[error]D:\a\BusBuddy-2\BusBuddy-2\BusBuddy.WPF\ViewModels\Sports\SportsSchedulerViewModel.cs(570,49): error CS1061: 'RelayCommand' does not contain a definition for 'RaiseCanExecuteChanged' and no accessible extension method 'RaiseCanExecuteChanged' accepting a first argument of type 'RelayCommand' could be found (are you missing a using directive or an assembly reference?) [D:\a\BusBuddy-2\BusBuddy-2\BusBuddy.WPF\BusBuddy.WPF_g45a0jvv_wpftmp.csproj]
ğŸ—ï¸ Build & Test	UNKNOWN STEP	2025-07-26T21:31:22.2027573Z     169 Warning(s)
ğŸ—ï¸ Build & Test	UNKNOWN STEP	2025-07-26T21:31:22.2027850Z     11 Error(s)
ğŸ—ï¸ Build & Test	UNKNOWN STEP	2025-07-26T21:31:22.2028015Z 
ğŸ—ï¸ Build & Test	UNKNOWN STEP	2025-07-26T21:31:22.2028168Z Time Elapsed 00:00:30.45
ğŸ—ï¸ Build & Test	UNKNOWN STEP	2025-07-26T21:31:22.2435068Z ##[error]Process completed with exit code 1.
ğŸ—ï¸ Build & Test	UNKNOWN STEP	2025-07-26T21:31:22.2599009Z ##[group]Run dorny/test-reporter@v1
ğŸ—ï¸ Build & Test	UNKNOWN STEP	2025-07-26T21:31:22.2599309Z with:
ğŸ—ï¸ Build & Test	UNKNOWN STEP	2025-07-26T21:31:22.2599465Z   name: ğŸ“‹ .NET Test Results
ğŸ—ï¸ Build & Test	UNKNOWN STEP	2025-07-26T21:31:22.2599675Z   path: ./TestResults/**/*.trx
ğŸ—ï¸ Build & Test	UNKNOWN STEP	2025-07-26T21:31:22.2599908Z   reporter: dotnet-trx
ğŸ—ï¸ Build & Test	UNKNOWN STEP	2025-07-26T21:31:22.2600082Z   fail-on-error: false
ğŸ—ï¸ Build & Test	UNKNOWN STEP	2025-07-26T21:31:22.2600270Z   path-replace-backslashes: false
ğŸ—ï¸ Build & Test	UNKNOWN STEP	2025-07-26T21:31:22.2600472Z   list-suites: all
ğŸ—ï¸ Build & Test	UNKNOWN STEP	2025-07-26T21:31:22.2600630Z   list-tests: all
ğŸ—ï¸ Build & Test	UNKNOWN STEP	2025-07-26T21:31:22.2600786Z   max-annotations: 10
ğŸ—ï¸ Build & Test	UNKNOWN STEP	2025-07-26T21:31:22.2600962Z   fail-on-empty: true
ğŸ—ï¸ Build & Test	UNKNOWN STEP	2025-07-26T21:31:22.2601127Z   only-summary: false
ğŸ—ï¸ Build & Test	UNKNOWN STEP	2025-07-26T21:31:22.2601435Z   token: ***
ğŸ—ï¸ Build & Test	UNKNOWN STEP	2025-07-26T21:31:22.2601576Z env:
ğŸ—ï¸ Build & Test	UNKNOWN STEP	2025-07-26T21:31:22.2601729Z   DOTNET_ROOT: C:\Program Files\dotnet
ğŸ—ï¸ Build & Test	UNKNOWN STEP	2025-07-26T21:31:22.2601944Z ##[endgroup]
ğŸ—ï¸ Build & Test	UNKNOWN STEP	2025-07-26T21:31:22.4732791Z Action was triggered by pull_request: using SHA from head of source branch
ğŸ—ï¸ Build & Test	UNKNOWN STEP	2025-07-26T21:31:22.4756463Z Check runs will be created with SHA=c4f1ade7cff84e238d9972beb3dac5f79f16d214
ğŸ—ï¸ Build & Test	UNKNOWN STEP	2025-07-26T21:31:22.4762176Z ##[group]Listing all files tracked by git
ğŸ—ï¸ Build & Test	UNKNOWN STEP	2025-07-26T21:31:22.6055070Z [command]"C:\Program Files\Git\bin\git.exe" ls-files -z
ğŸ—ï¸ Build & Test	UNKNOWN STEP	2025-07-26T21:31:22.6541084Z .editorconfig .gitattributes .github/LARGE_FILE_HANDLING.md .github/copilot-instructions.md .github/workflows/build-and-test.yml .github/workflows/ci-build-test.yml .github/workflows/code-quality-gate.yml .github/workflows/performance-monitoring.yml .github/workflows/production-release.yml .github/workflows/release.yml .gitignore .globalconfig .vscode/PSScriptAnalyzerSettings.psd1 .vscode/copilot-workflow-prompts.md .vscode/extensions.json .vscode/instructions.md .vscode/keybindings.json .vscode/launch.json .vscode/powershell-extension-config.json .vscode/powershell-problem-matcher.json .vscode/powershell-style-enforcement.json .vscode/settings.json .vscode/tasks.json .vscode/tasks.json.backup-20250724-095333 .vscode/xaml-style-enforcement.json Archive/Legacy-Scripts/ci-cd-dependency-integration.ps1 Archive/Legacy-Scripts/cleanup-legacy-files.ps1 Archive/Legacy-Scripts/comprehensive-legacy-cleanup.ps1 Archive/Legacy-Scripts/purge-legacy-references.ps1 Archive/cleanup-summary-2025-07-25.md BusBuddy-Practical.ruleset BusBuddy.Core/.xml BusBuddy.Core/BusBuddy.Core.csproj BusBuddy.Core/BusBuddyContext.cs BusBuddy.Core/Configuration/AppSettingsOptions.cs BusBuddy.Core/Configuration/DevelopmentHelper.cs BusBuddy.Core/Configuration/EnhancedDatabaseStartup.cs BusBuddy.Core/Configuration/GoogleEarthEngineOptions.cs BusBuddy.Core/Configuration/ServiceConfiguration.cs BusBuddy.Core/Configuration/XAIDocumentationSettings.cs BusBuddy.Core/Configuration/XaiOptions.cs BusBuddy.Core/Data/BusBuddyContextFactory.cs BusBuddy.Core/Data/BusBuddyDbContext.cs BusBuddy.Core/Data/BusBuddyDbContextFactory.cs BusBuddy.Core/Data/DatabaseNullFixMigration.cs BusBuddy.Core/Data/Interfaces/IActivityRepository.cs BusBuddy.Core/Data/Interfaces/IAdditionalRepositories.cs BusBuddy.Core/Data/Interfaces/IBusRepository.cs BusBuddy.Core/Data/Interfaces/IDriverRepository.cs BusBuddy.Core/Data/Interfaces/IRepository.cs BusBuddy.Core/Data/Interfaces/IRouteRepository.cs BusBuddy.Core/Data/Interfaces/IStudentRepository.cs BusBuddy.Core/Data/Repositories/ActivityRepository.cs BusBuddy.Core/Data/Repositories/ActivityScheduleRepository.cs BusBuddy.Core/Data/Repositories/BusRepository.cs BusBuddy.Core/Data/Repositories/DriverRepository.cs BusBuddy.Core/Data/Repositories/FuelRepository.cs BusBuddy.Core/Data/Repositories/MaintenanceRepository.cs BusBuddy.Core/Data/Repositories/Repository.cs BusBuddy.Core/Data/Repositories/RouteRepository.cs BusBuddy.Core/Data/Repositories/ScheduleRepository.cs BusBuddy.Core/Data/Repositories/SchoolCalendarRepository.cs BusBuddy.Core/Data/Repositories/StudentRepository.cs BusBuddy.Core/Data/Repositories/VehicleRepository.cs BusBuddy.Core/Data/SeedDataService.cs BusBuddy.Core/Data/Services/SeedDataService.cs BusBuddy.Core/Data/UnitOfWork/IUnitOfWork.cs BusBuddy.Core/Data/UnitOfWork/UnitOfWork.cs BusBuddy.Core/Extensions/ActivityLogServiceExtensions.cs BusBuddy.Core/Extensions/DatabaseOperationExtensions.cs BusBuddy.Core/Extensions/DbContextExtensions.cs BusBuddy.Core/Extensions/EFCoreDebuggingExtensions.cs BusBuddy.Core/Extensions/LoggingExtensions.cs BusBuddy.Core/Extensions/Phase1StartupExtensions.cs BusBuddy.Core/Extensions/ServiceCollectionExtensions.cs BusBuddy.Core/Interceptors/DatabaseDebuggingInterceptor.cs BusBuddy.Core/Logging/ActivityLoggingPerformanceTracker.cs BusBuddy.Core/Logging/QueryTrackingEnricher.cs BusBuddy.Core/Migrations/20250726000142_AddDestinationsTable.Designer.cs BusBuddy.Core/Migrations/20250726000142_AddDestinationsTable.cs BusBuddy.Core/Migrations/BusBuddyContextModelSnapshot.cs BusBuddy.Core/Models/Activity.cs BusBuddy.Core/Models/ActivityLog.cs BusBuddy.Core/Models/ActivitySchedule.cs BusBuddy.Core/Models/Base/BaseEntity.cs BusBuddy.Core/Models/BaseEntity.cs BusBuddy.Core/Models/Bus.cs BusBuddy.Core/Models/BusBuddyScheduleAppointment.cs BusBuddy.Core/Models/BusBuddyScheduleAppointmentList.cs BusBuddy.Core/Models/Color.cs BusBuddy.Core/Models/Destination.cs BusBuddy.Core/Models/Driver.cs BusBuddy.Core/Models/Fuel.cs BusBuddy.Core/Models/GeoAnalysisResults.cs BusBuddy.Core/Models/IScheduleAppointment.cs BusBuddy.Core/Models/IScheduleAppointmentList.cs BusBuddy.Core/Models/Legacy.cs BusBuddy.Core/Models/Maintenance.cs BusBuddy.Core/Models/RidershipType.cs BusBuddy.Core/Models/Route.cs BusBuddy.Core/Models/RouteStop.cs BusBuddy.Core/Models/Schedule.cs BusBuddy.Core/Models/ScheduleAppointment.cs BusBuddy.Core/Models/ScheduleAppointmentList.cs BusBuddy.Core/Models/ScheduleDataProvider.cs BusBuddy.Core/Models/SchoolCalendar.cs BusBuddy.Core/Models/Student.cs BusBuddy.Core/Models/StudentSchedule.cs BusBuddy.Core/Models/Trips/TripEvent.cs BusBuddy.Core/Models/Vehicle.cs BusBuddy.Core/Services/AIEnhancedRouteService.cs BusBuddy.Core/Services/ActivityLogService.cs BusBuddy.Core/Services/ActivityScheduleService.cs BusBuddy.Core/Services/ActivityService.cs BusBuddy.Core/Services/AddressValidationService.cs BusBuddy.Core/Services/AzureConfigurationService.cs BusBuddy.Core/Services/BusBuddyAIReportingService.cs BusBuddy.Core/Services/BusBuddyScheduleDataProvider.cs BusBuddy.Core/Services/BusCachingService.cs BusBuddy.Core/Services/BusService.cs BusBuddy.Core/Services/DashboardMetricsService.cs BusBuddy.Core/Services/DataIntegrityService.cs BusBuddy.Core/Services/DatabaseNullFixService.cs BusBuddy.Core/Services/DatabasePerformanceOptimizer.cs BusBuddy.Core/Services/DriverService.cs BusBuddy.Core/Services/EFCoreDebuggingService.cs BusBuddy.Core/Services/EnhancedCachingService.cs BusBuddy.Core/Services/FleetMonitoringService.cs BusBuddy.Core/Services/FuelService.cs BusBuddy.Core/Services/GeoDataService.cs BusBuddy.Core/Services/GoogleEarthEngineService.cs BusBuddy.Core/Services/IActivityLogService.cs BusBuddy.Core/Services/IAddressValidationService.cs BusBuddy.Core/Services/IConfigurationService.cs BusBuddy.Core/Services/IDriverService.cs BusBuddy.Core/Services/IFuelService.cs BusBuddy.Core/Services/IMaintenanceService.cs BusBuddy.Core/Services/IRouteService.cs BusBuddy.Core/Services/ISeedDataService.cs BusBuddy.Core/Services/IStudentService.cs BusBuddy.Core/Services/IUserContextService.cs BusBuddy.Core/Services/Interfaces/IActivityScheduleService.cs BusBuddy.Core/Services/Interfaces/IActivityService.cs BusBuddy.Core/Services/Interfaces/IBusBuddyScheduleDataProvider.cs BusBuddy.Core/Services/Interfaces/IBusService.cs BusBuddy.Core/Services/Interfaces/IScheduleService.cs BusBuddy.Core/Services/Interfaces/IStudentScheduleService.cs BusBuddy.Core/Services/Interfaces/ITripEventService.cs BusBuddy.Core/Services/MaintenanceService.cs BusBuddy.Core/Services/OptimizedXAIService.cs BusBuddy.Core/Services/PdfReportService.cs BusBuddy.Core/Services/Phase1DataSeedingService.cs BusBuddy.Core/Services/RouteService.cs BusBuddy.Core/Services/ScheduleService.cs BusBuddy.Core/Services/SeedDataService.cs BusBuddy.Core/Services/ServiceContainer.cs BusBuddy.Core/Services/SmartRouteOptimizationService.cs BusBuddy.Core/Services/StudentScheduleService.cs BusBuddy.Core/Services/StudentService.cs BusBuddy.Core/Services/UserContextService.cs BusBuddy.Core/Services/UserSettingsService.cs BusBuddy.Core/Services/XAIService.cs BusBuddy.Core/Utilities/DatabaseNullFixUtility.cs BusBuddy.Core/Utilities/DatabaseResilienceService.cs BusBuddy.Core/Utilities/DatabaseSchemaValidator.cs BusBuddy.Core/Utilities/DatabaseValidator.cs BusBuddy.Core/Utilities/EnvironmentHelper.cs BusBuddy.Core/Utilities/ExceptionHelper.cs BusBuddy.Core/appsettings.json BusBuddy.Core/packages.lock.json BusBuddy.Tests/BusBuddy.Tests.csproj BusBuddy.Tests/TESTING-STANDARDS.md BusBuddy.Tests/UITest_NavigationAndDisplay.cs BusBuddy.Tests/Utilities/TestHelpers.cs BusBuddy.UITests/Builders/ActivityScheduleTestDataBuilder.cs BusBuddy.UITests/Builders/DriverTestDataBuilder.cs BusBuddy.UITests/Builders/VehicleTestDataBuilder.cs BusBuddy.UITests/BusBuddy.UITests.csproj BusBuddy.UITests/PageObjects/DashboardPage.cs BusBuddy.UITests/PageObjects/DriversPage.cs BusBuddy.UITests/Tests/DashboardTests.cs BusBuddy.UITests/Tests/DriversTests.cs BusBuddy.UITests/Tests/Phase1ValidationTests.cs BusBuddy.UITests/Tests/Phase2ComprehensiveTestImplementation.cs BusBuddy.UITests/Tests/Phase2TestingWorkflow.cs BusBuddy.UITests/UI-TESTING-VARIABLES-MAP.md BusBuddy.UITests/Utilities/SyncfusionTestExtensions.cs BusBuddy.UITests/Utilities/UITestHelpers.cs BusBuddy.WPF/.xml BusBuddy.WPF/App.xaml BusBuddy.WPF/App.xaml.cs BusBuddy.WPF/AssemblyInfo.cs BusBuddy.WPF/Assets/Map/map.html BusBuddy.WPF/BusBuddy.WPF.csproj BusBuddy.WPF/BusBuddy.WPF.xml BusBuddy.WPF/BusBuddy.db BusBuddy.WPF/Controls/AddressValidationControl.cs BusBuddy.WPF/Controls/AddressValidationControl.xaml BusBuddy.WPF/Controls/AddressValidationControl.xaml.cs BusBuddy.WPF/Controls/MapWinGISMapControl.cs BusBuddy.WPF/Controls/QuickActionsPanel.xaml BusBuddy.WPF/Controls/QuickActionsPanel.xaml.cs BusBuddy.WPF/Controls/StandardDataViewTemplate.xaml.cs BusBuddy.WPF/Controls/StudentStatisticsPanel.xaml BusBuddy.WPF/Controls/StudentStatisticsPanel.xaml.cs BusBuddy.WPF/Converters/BooleanConverters.cs BusBuddy.WPF/Converters/BooleanToDeprecatedForegroundConverter.cs BusBuddy.WPF/Converters/DebugConverter.cs BusBuddy.WPF/Converters/LicenseConverters.cs BusBuddy.WPF/Converters/NavigationIconConverter.cs BusBuddy.WPF/Converters/NullToBoolConverter.cs BusBuddy.WPF/Converters/ObjectToVisibilityConverter.cs BusBuddy.WPF/Converters/ScheduleStatusToColorConverter.cs BusBuddy.WPF/Converters/StatusConverters.cs BusBuddy.WPF/Converters/StringEqualityConverter.cs BusBuddy.WPF/Converters/ThemeTextConverter.cs BusBuddy.WPF/Converters/TypeConverter.cs BusBuddy.WPF/Converters/UserMsgBgConverter.cs BusBuddy.WPF/Documentation/BUSBUDDY_DEVELOPMENT_STANDARDS.md BusBuddy.WPF/Documentation/PROFESSIONAL_DEVELOPMENT_GAPS.md BusBuddy.WPF/Documentation/README.md BusBuddy.WPF/Documentation/SYNCFUSION_API_REFERENCE.md BusBuddy.WPF/Extensions/ColorExtensions.cs BusBuddy.WPF/Extensions/SafeMarkupExtensions.cs BusBuddy.WPF/Extensions/TextBoxExtensions.cs BusBuddy.WPF/Logging/BusBuddyContextEnricher.cs BusBuddy.WPF/Logging/CondensedLogFormatter.cs BusBuddy.WPF/Logging/DatabaseOperationEnricher.cs BusBuddy.WPF/Logging/LogAggregationEnricher.cs BusBuddy.WPF/Logging/PerformanceEnricher.cs BusBuddy.WPF/Logging/StartupExceptionEnricher.cs BusBuddy.WPF/Logging/SyncfusionLoggingExtensions.cs BusBuddy.WPF/Logging/UILoggingConfiguration.cs BusBuddy.WPF/Logging/UIOperationEnricher.cs BusBuddy.WPF/Logging/UIPerformanceLogger.cs BusBuddy.WPF/Mapping/MappingProfile.cs BusBuddy.WPF/Models/BusLocation.cs BusBuddy.WPF/Models/BusViewModel.cs BusBuddy.WPF/Models/ChatMessage.cs BusBuddy.WPF/Models/DriverViewModel.cs BusBuddy.WPF/Models/FilterStatus.cs BusBuddy.WPF/Models/RouteViewModel.cs BusBuddy.WPF/Models/ScheduleFilterOption.cs BusBuddy.WPF/Models/SearchCriteria.cs BusBuddy.WPF/Models/StudentViewModel.cs BusBuddy.WPF/Models/TimeSlot.cs BusBuddy.WPF/Models/ViewTypeOption.cs BusBuddy.WPF/Properties/AssemblyInfo.cs BusBuddy.WPF/RelayCommand.cs BusBuddy.WPF/Resources/MenuStyles.xaml BusBuddy.WPF/Resources/Strings.resx BusBuddy.WPF/Resources/Strings/AppResources.Designer.cs BusBuddy.WPF/Resources/Strings/AppResources.resx BusBuddy.WPF/Resources/Strings/Dashboard.resx BusBuddy.WPF/Resources/Strings/Dialogs.resx BusBuddy.WPF/Resources/Strings/Messages.resx BusBuddy.WPF/Resources/Strings/Navigation.resx BusBuddy.WPF/Resources/Strings/Validation.resx BusBuddy.WPF/Resources/SyncfusionV30_Validated_ResourceDictionary.xaml BusBuddy.WPF/Services/DevelopmentModeService.cs BusBuddy.WPF/Services/Driver/DriverAvailabilityService.cs BusBuddy.WPF/Services/Driver/IDriverAvailabilityService.cs BusBuddy.WPF/Services/GoogleEarthService.cs BusBuddy.WPF/Services/IGoogleEarthService.cs BusBuddy.WPF/Services/INavigationService.cs BusBuddy.WPF/Services/IRoutePopulationScaffold.cs BusBuddy.WPF/Services/IXAIChatService.cs BusBuddy.WPF/Services/LazyViewModelService.cs BusBuddy.WPF/Services/MappingService.cs BusBuddy.WPF/Services/RoutePopulationScaffold.cs BusBuddy.WPF/Services/Schedule/BusBuddyScheduleDataProvider.cs BusBuddy.WPF/Services/StartupOptimizationService.cs BusBuddy.WPF/Services/StartupPreloadService.cs BusBuddy.WPF/Services/XAI/XaiService.cs BusBuddy.WPF/Services/XAIChatService.cs BusBuddy.WPF/Services/XAIChatServiceAdapter.cs BusBuddy.WPF/Utilities/BackgroundTaskManager.cs BusBuddy.WPF/Utilities/DEBUG_FILTER_GUIDE.md BusBuddy.WPF/Utilities/DebugConfig.cs BusBuddy.WPF/Utilities/DebugOutputFilter.cs BusBuddy.WPF/Utilities/DeprecatedModuleAttribute.cs BusBuddy.WPF/Utilities/FormatUtils.cs BusBuddy.WPF/Utilities/LogConsolidationUtility.cs BusBuddy.WPF/Utilities/LogLifecycleManager.cs BusBuddy.WPF/Utilities/LoggingModeManager.cs BusBuddy.WPF/Utilities/PerformanceMonitor.cs BusBuddy.WPF/Utilities/PerformanceOptimizer.cs BusBuddy.WPF/Utilities/ResourceDiagnosticUtility.cs BusBuddy.WPF/Utilities/ResourceDictionaryDuplicateKeyResolver.cs BusBuddy.WPF/Utilities/ResourceDictionaryValidator.cs BusBuddy.WPF/Utilities/StartupPerformanceMonitor.cs BusBuddy.WPF/Utilities/SyncfusionCultureFix.cs BusBuddy.WPF/Utilities/SyncfusionThemeManager.cs BusBuddy.WPF/Utilities/UIThreadOptimizer.cs BusBuddy.WPF/Utilities/UiThreadHelper.cs BusBuddy.WPF/Utilities/WpfGridManager.cs BusBuddy.WPF/Utilities/WpfLayoutManager.cs BusBuddy.WPF/Utilities/XamlErrorHandler.cs BusBuddy.WPF/Utilities/XamlResourceHelper.cs BusBuddy.WPF/ViewModels/Activity/ActivityLogViewModel.cs BusBuddy.WPF/ViewModels/Activity/ActivityLoggingViewModel.cs BusBuddy.WPF/ViewModels/Activity/ActivityTimelineViewModel.cs BusBuddy.WPF/ViewModels/Activity/DesignTime/ActivityScheduleDesignViewModel.cs BusBuddy.WPF/ViewModels/ActivityScheduleViewModel.cs BusBuddy.WPF/ViewModels/Analytics/AnalyticsDashboardViewModel.cs BusBuddy.WPF/ViewModels/BaseInDevelopmentViewModel.cs BusBuddy.WPF/ViewModels/BaseViewModel.cs BusBuddy.WPF/ViewModels/Bus/BusManagementViewModel.cs BusBuddy.WPF/ViewModels/Bus/BusViewModel.cs BusBuddy.WPF/ViewModels/Dashboard/DashboardAnalyticsViewModel.cs BusBuddy.WPF/ViewModels/Dashboard/DashboardViewModel.cs BusBuddy.WPF/ViewModels/DashboardTileViewModel.cs BusBuddy.WPF/ViewModels/DriversViewModel.cs BusBuddy.WPF/ViewModels/Fuel/FuelManagementViewModel.cs BusBuddy.WPF/ViewModels/Fuel/FuelTrendPoint.cs BusBuddy.WPF/ViewModels/GoogleEarthViewModel.cs BusBuddy.WPF/ViewModels/LoadingViewModel.cs BusBuddy.WPF/ViewModels/MainWindowViewModel.cs BusBuddy.WPF/ViewModels/Panels/DockPanelViewModel.cs BusBuddy.WPF/ViewModels/Panels/DocumentPanelViewModel.cs BusBuddy.WPF/ViewModels/Panels/PanelViewModel.cs BusBuddy.WPF/ViewModels/QuickActionsViewModel.cs BusBuddy.WPF/ViewModels/Route/RouteManagementViewModel.cs BusBuddy.WPF/ViewModels/Sports/SportsSchedulerViewModel.cs BusBuddy.WPF/ViewModels/Vehicle/VehicleManagementViewModel.cs BusBuddy.WPF/ViewModels/Vehicle/VehiclesViewModel.cs BusBuddy.WPF/ViewModels/VehiclesViewModel.cs BusBuddy.WPF/Views/Activity/ActivityScheduleEditDialog.xaml BusBuddy.WPF/Views/Activity/ActivityScheduleEditDialog.xaml.cs BusBuddy.WPF/Views/Activity/ActivityTimelineView.xaml BusBuddy.WPF/Views/Activity/ActivityTimelineView.xaml.cs BusBuddy.WPF/Views/ActivityScheduleView.xaml BusBuddy.WPF/Views/ActivityScheduleView.xaml.cs BusBuddy.WPF/Views/Analytics/AnalyticsDashboardView.xaml BusBuddy.WPF/Views/Analytics/AnalyticsDashboardView.xaml.cs BusBuddy.WPF/Views/Bus/BusEditDialog.xaml BusBuddy.WPF/Views/Bus/BusEditDialog.xaml.cs BusBuddy.WPF/Views/Bus/ConfirmationDialog.xaml BusBuddy.WPF/Views/Bus/ConfirmationDialog.xaml.cs BusBuddy.WPF/Views/Bus/NotificationWindow.xaml BusBuddy.WPF/Views/Bus/NotificationWindow.xaml.cs BusBuddy.WPF/Views/Dashboard/DashboardWelcomeView.xaml BusBuddy.WPF/Views/Dashboard/DashboardWelcomeView.xaml.cs BusBuddy.WPF/Views/DashboardView.xaml BusBuddy.WPF/Views/DashboardView.xaml.cs BusBuddy.WPF/Views/Driver/DriversView.xaml BusBuddy.WPF/Views/DriversView.xaml BusBuddy.WPF/Views/DriversView.xaml.cs BusBuddy.WPF/Views/Fuel/FuelDialog.xaml BusBuddy.WPF/Views/Fuel/FuelDialog.xaml.cs BusBuddy.WPF/Views/Fuel/FuelReconciliationDialog.xaml BusBuddy.WPF/Views/Fuel/FuelReconciliationDialog.xaml.cs BusBuddy.WPF/Views/GoogleEarth/GoogleEarthView.xaml BusBuddy.WPF/Views/GoogleEarth/GoogleEarthView.xaml.cs BusBuddy.WPF/Views/Main/MainWindow.xaml BusBuddy.WPF/Views/Main/MainWindow.xaml.cs BusBuddy.WPF/Views/Route/RouteManagementView.xaml BusBuddy.WPF/Views/Route/RouteManagementView.xaml.cs BusBuddy.WPF/Views/Vehicle/VehiclesView.xaml BusBuddy.WPF/Views/Vehicle/VehiclesView.xaml.cs BusBuddy.WPF/Views/VehiclesView.xaml BusBuddy.WPF/Views/VehiclesView.xaml.cs BusBuddy.WPF/app.config BusBuddy.WPF/appsettings.json BusBuddy.WPF/packages.lock.json BusBuddy.code-workspace BusBuddy.db BusBuddy.ruleset BusBuddy.sln CODING-STANDARDS-HIERARCHY.md CONTRIBUTING.md Configuration/Development/PSScriptAnalyzerSettings.psd1 Configuration/Production/appsettings.azure.json Directory.Build.props Docs/Humor/Bug-Hall-of-Fame.md Docs/Learning/Getting-Started.md Docs/Learning/PowerShell-Learning-Path.md Docs/ORGANIZATION-SUMMARY.md Docs/README.md Documentation/AZURE-CONFIGURATION-IMPLEMENTATION.md Documentation/DEPENDENCY-SECURITY.md Documentation/GITHUB-CLI-CONFIGURATION.md Documentation/GROK-4-UPGRADE-SUMMARY.md Documentation/NUGET-CONFIG-REFERENCE.md Documentation/PACKAGE-MANAGEMENT.md Documentation/PDF-Conversion-Status-Report.md Documentation/POWERSHELL-7.5-FEATURES.md Documentation/PowerShell-7.5.2-Reference.md LICENSE NuGet.config PHASE-2-IMPLEMENTATION-PLAN.md PHASE2-TESTING-CLEANUP-PLAN.md PowerShell.Build.targets PowerShell/BusBuddy.psd1 PowerShell/BusBuddy.psm1 PowerShell/Load-BusBuddyModule.ps1 PowerShell/Module-Integration.ps1 PowerShell/README.md README-NEW.md README.md SOLID-WORKFLOW-GUIDE.md Scripts/Advanced-Error-Capture-Runner.ps1 Scripts/Efficiency/EFFICIENCY-ENHANCEMENT-SUMMARY.md Scripts/Efficiency/QUICK-SETUP-GUIDE.md Scripts/Efficiency/build-optimization.ps1 Scripts/Efficiency/git-workflow-efficiency.ps1 Scripts/Efficiency/master-efficiency-enhancement.ps1 Scripts/Efficiency/optimized-tasks-config.json Scripts/Efficiency/workflow-automation.ps1 Scripts/Enhanced-Runtime-Error-Capture.ps1 Scripts/Maintenance/run-comprehensive-pipeline.ps1 Scripts/Reliable-Runtime-Error-Capture.ps1 Scripts/Simple-Error-Capture-Runner.ps1 Scripts/Test-Process-Module.ps1 Scripts/fix-github-workflow-monitoring.ps1 Standards/ACCESSIBILITY-STANDARDS.md Standards/IMPLEMENTATION-REPORT.md Standards/LANGUAGE-INVENTORY.md Standards/Languages/JSON-STANDARDS.md Standards/Languages/XML-STANDARDS.md Standards/Languages/YAML-STANDARDS.md Standards/MASTER-STANDARDS.md Tools/Scripts/GitHub/BusBuddy-GitHub-Automation.ps1 Tools/Scripts/PowerShell-7.5.2-Syntax-Enforcer.ps1 VSCODE-EXTENSIONS.md WORKFLOW-ENHANCEMENT-GUIDE.md appsettings.json context-export-20250726-055958.json coordinated-monitoring.ps1 dependency-report-20250726-080944.json enhanced-form-monitoring.ps1 global.json logging-scan-summary-fixed.json logging-scan-summary.json logs/github-workflows/20250725-223306-commit-details.json logs/github-workflows/20250725-224017-commit-details.json logs/github-workflows/20250725-224245-commit-details.json logs/github-workflows/20250726-045421-commit-details.json logs/github-workflows/20250726-152359-commit-details.json logs/github-workflows/20250726-152412-workflow-results.json logs/github-workflows/20250726-152528-commit-details.json logs/github-workflows/20250726-152541-workflow-results.json logs/github-workflows/20250726-152552-workflow-results.json logs/github-workflows/20250726-152603-workflow-results.json logs/github-workflows/20250726-152614-workflow-results.json logs/github-workflows/20250726-152752-commit-details.json logs/github-workflows/20250726-152804-workflow-results.json logs/github-workflows/20250726-152815-workflow-results.json logs/runtime-errors/busbuddy-errors-20250726-111804.txt logs/runtime-errors/busbuddy-output-20250726-111804.txt microsoft-logging-scan-results.json phase1-completion-verification.ps1 sample-realworld-data.json simple-form-monitoring.ps1 warning-analysis-report.json workflow-artifacts/test-failure-logs-13/logs/github-workflows/20250725-223306-commit-details.json workflow-artifacts/test-failure-logs-13/logs/github-workflows/20250725-224017-commit-details.json workflow-artifacts/test-failure-logs-13/logs/github-workflows/20250725-224245-commit-details.json 
ğŸ—ï¸ Build & Test	UNKNOWN STEP	2025-07-26T21:31:22.6620739Z ##[endgroup]
ğŸ—ï¸ Build & Test	UNKNOWN STEP	2025-07-26T21:31:22.6620986Z Found 458 files tracked by GitHub
ğŸ—ï¸ Build & Test	UNKNOWN STEP	2025-07-26T21:31:22.6621247Z Using test report parser 'dotnet-trx'
ğŸ—ï¸ Build & Test	UNKNOWN STEP	2025-07-26T21:31:22.6621826Z ##[group]Creating test report ğŸ“‹ .NET Test Results
ğŸ—ï¸ Build & Test	UNKNOWN STEP	2025-07-26T21:31:22.6631383Z ##[warning]No file matches path ./TestResults/**/*.trx
ğŸ—ï¸ Build & Test	UNKNOWN STEP	2025-07-26T21:31:22.6632231Z ##[endgroup]
ğŸ—ï¸ Build & Test	UNKNOWN STEP	2025-07-26T21:31:22.6633067Z ##[error]No test report files were found
ğŸ—ï¸ Build & Test	UNKNOWN STEP	2025-07-26T21:31:22.6777397Z Post job cleanup.
ğŸ—ï¸ Build & Test	UNKNOWN STEP	2025-07-26T21:31:22.9342641Z [command]"C:\Program Files\Git\bin\git.exe" version
ğŸ—ï¸ Build & Test	UNKNOWN STEP	2025-07-26T21:31:22.9664827Z git version 2.50.1.windows.1
ğŸ—ï¸ Build & Test	UNKNOWN STEP	2025-07-26T21:31:22.9742477Z Temporarily overriding HOME='D:\a\_temp\6ff5d932-0d46-4bdd-94b7-488a5953f088' before making global git config changes
ğŸ—ï¸ Build & Test	UNKNOWN STEP	2025-07-26T21:31:22.9743732Z Adding repository directory to the temporary git global config as a safe directory
ğŸ—ï¸ Build & Test	UNKNOWN STEP	2025-07-26T21:31:22.9759020Z [command]"C:\Program Files\Git\bin\git.exe" config --global --add safe.directory D:\a\BusBuddy-2\BusBuddy-2
ğŸ—ï¸ Build & Test	UNKNOWN STEP	2025-07-26T21:31:23.0048080Z [command]"C:\Program Files\Git\bin\git.exe" config --local --name-only --get-regexp core\.sshCommand
ğŸ—ï¸ Build & Test	UNKNOWN STEP	2025-07-26T21:31:23.0313357Z [command]"C:\Program Files\Git\bin\git.exe" submodule foreach --recursive "sh -c \"git config --local --name-only --get-regexp 'core\.sshCommand' && git config --local --unset-all 'core.sshCommand' || :\""
ğŸ—ï¸ Build & Test	UNKNOWN STEP	2025-07-26T21:31:23.5507317Z [command]"C:\Program Files\Git\bin\git.exe" config --local --name-only --get-regexp http\.https\:\/\/github\.com\/\.extraheader
ğŸ—ï¸ Build & Test	UNKNOWN STEP	2025-07-26T21:31:23.5769814Z http.https://github.com/.extraheader
ğŸ—ï¸ Build & Test	UNKNOWN STEP	2025-07-26T21:31:23.5812927Z [command]"C:\Program Files\Git\bin\git.exe" config --local --unset-all http.https://github.com/.extraheader
ğŸ—ï¸ Build & Test	UNKNOWN STEP	2025-07-26T21:31:23.6106907Z [command]"C:\Program Files\Git\bin\git.exe" submodule foreach --recursive "sh -c \"git config --local --name-only --get-regexp 'http\.https\:\/\/github\.com\/\.extraheader' && git config --local --unset-all 'http.https://github.com/.extraheader' || :\""
ğŸ—ï¸ Build & Test	UNKNOWN STEP	2025-07-26T21:31:24.1101807Z Cleaning up orphan processes
ğŸ—ï¸ Build & Test	UNKNOWN STEP	2025-07-26T21:31:24.1474908Z Terminate orphan process: pid (3320) (dotnet)
ğŸ—ï¸ Build & Test	UNKNOWN STEP	2025-07-26T21:31:24.1715948Z Terminate orphan process: pid (5064) (dotnet)
ğŸ—ï¸ Build & Test	UNKNOWN STEP	2025-07-26T21:31:24.1882788Z Terminate orphan process: pid (1600) (dotnet)
ğŸ—ï¸ Build & Test	UNKNOWN STEP	2025-07-26T21:31:24.2116440Z Terminate orphan process: pid (2752) (dotnet)
ğŸ—ï¸ Build & Test	UNKNOWN STEP	2025-07-26T21:31:24.2304177Z Terminate orphan process: pid (5756) (conhost)
